#
# A fatal error has been detected by the Java Runtime Environment:
#
#  EXCEPTION_UNCAUGHT_CXX_EXCEPTION (0xe06d7363) at pc=0x00007ff8e0fcffbc, pid=20384, tid=0x00000000000038f8
#
# JRE version: Java(TM) SE Runtime Environment (8.0_181-b13) (build 1.8.0_181-b13)
# Java VM: Java HotSpot(TM) 64-Bit Server VM (25.181-b13 mixed mode windows-amd64 compressed oops)
# Problematic frame:
# C  [KERNELBASE.dll+0x5ffbc]
#
# Failed to write core dump. Minidumps are not enabled by default on client versions of Windows
#
# If you would like to submit a bug report, please visit:
#   http://bugreport.java.com/bugreport/crash.jsp
# The crash happened outside the Java Virtual Machine in native code.
# See problematic frame for where to report the bug.
#

---------------  T H R E A D  ---------------

Current thread (0x000000001cf87800):  JavaThread "Thread-5" [_thread_in_native, id=14584, stack(0x00000000349f0000,0x0000000034af0000)]

siginfo: ExceptionCode=0xe06d7363, ExceptionInformation=0x0000000019930520 0x0000000034aded50 0x00007ff87197cd78 0x00007ff871730000 

Registers:
RAX=0x0000000000000000, RBX=0x00007ff87197cd78, RCX=0x0000000000000000, RDX=0x0000000000000000
RSP=0x0000000034adebc0, RBP=0x0000000034aded00, RSI=0x00007ff87190d5f8, RDI=0x0000000034aded50
R8 =0x0000000000000000, R9 =0x0000000000000000, R10=0x0000000000000000, R11=0x0000000000000000
R12=0x00000000ffffffe5, R13=0x0000000000000000, R14=0x00007ff87190d520, R15=0x0000000034aeeef8
RIP=0x00007ff8e0fcffbc, EFLAGS=0x0000000000000202

Top of Stack: (sp=0x0000000034adebc0)
0x0000000034adebc0:   0000000000000000 00007ff87197cd78
0x0000000034adebd0:   00007ff87190d5f8 0000000000000000
0x0000000034adebe0:   00000081e06d7363 0000000000000000
0x0000000034adebf0:   00007ff8e0fcffbc 0000000000000004
0x0000000034adec00:   0000000019930520 0000000034aded50
0x0000000034adec10:   00007ff87197cd78 00007ff871730000
0x0000000034adec20:   0000000000000000 00007ff89ca2a158
0x0000000034adec30:   0000000000000000 00007ff87197cd78
0x0000000034adec40:   00007ff87190d520 00007ff8e3a26c2f
0x0000000034adec50:   0000000034aded10 00007ff87199f000
0x0000000034adec60:   00007ff87190d5f8 0000000034aded50
0x0000000034adec70:   00007ff87199f000 00007ff871730000
0x0000000034adec80:   0000993a43ec4a3d 00007ff89ca9c4d0
0x0000000034adec90:   00007ff87197cd78 00007ff89ca1ef63
0x0000000034adeca0:   0000000034aded50 00007ff89c9eeb8d
0x0000000034adecb0:   00007ff89ca9c4d0 00007ff87190d5f8 

Instructions: (pc=0x00007ff8e0fcffbc)
0x00007ff8e0fcff9c:   0f 46 c0 44 8b c0 44 89 44 24 38 49 c1 e0 03 e8
0x00007ff8e0fcffac:   b7 26 09 00 48 8d 4c 24 20 48 ff 15 94 51 22 00
0x00007ff8e0fcffbc:   0f 1f 44 00 00 48 8b 8c 24 c0 00 00 00 48 33 cc
0x00007ff8e0fcffcc:   e8 df 0e 05 00 48 81 c4 d8 00 00 00 c3 cc 83 64 


Register to memory mapping:

RAX=0x0000000000000000 is an unknown value
RBX=0x00007ff87197cd78 is an unknown value
RCX=0x0000000000000000 is an unknown value
RDX=0x0000000000000000 is an unknown value
RSP=0x0000000034adebc0 is pointing into the stack for thread: 0x000000001cf87800
RBP=0x0000000034aded00 is pointing into the stack for thread: 0x000000001cf87800
RSI=0x00007ff87190d5f8 is an unknown value
RDI=0x0000000034aded50 is pointing into the stack for thread: 0x000000001cf87800
R8 =0x0000000000000000 is an unknown value
R9 =0x0000000000000000 is an unknown value
R10=0x0000000000000000 is an unknown value
R11=0x0000000000000000 is an unknown value
R12=0x00000000ffffffe5 is an unknown value
R13=0x0000000000000000 is an unknown value
R14=0x00007ff87190d520 is an unknown value
R15=0x0000000034aeeef8 is pointing into the stack for thread: 0x000000001cf87800


Stack: [0x00000000349f0000,0x0000000034af0000],  sp=0x0000000034adebc0,  free space=954k
Native frames: (J=compiled Java code, j=interpreted, Vv=VM code, C=native code)
C  [KERNELBASE.dll+0x5ffbc]
C  [msvcr120.dll+0x5ef63]
C  [opencv_core320.dll+0x1a2c34]
C  [opencv_core320.dll+0x1a2d76]
C  [opencv_core320.dll+0x5ac08]
C  [jniopencv_core.dll+0xb644b]
C  0x0000000002fb8627

Java frames: (J=compiled Java code, j=interpreted, Vv=VM code)
j  org.bytedeco.javacpp.opencv_core.cvClearMemStorage(Lorg/bytedeco/javacpp/opencv_core$CvMemStorage;)V+0
j  application.FaceDetector.run()V+243
j  java.lang.Thread.run()V+11
v  ~StubRoutines::call_stub

---------------  P R O C E S S  ---------------

Java Threads: ( => current thread )
  0x000000001cf8c000 JavaThread "Timer-0" daemon [_thread_blocked, id=23716, stack(0x0000000034bf0000,0x0000000034cf0000)]
=>0x000000001cf87800 JavaThread "Thread-5" [_thread_in_native, id=14584, stack(0x00000000349f0000,0x0000000034af0000)]
  0x0000000025f39800 JavaThread "Prism Font Disposer" daemon [_thread_blocked, id=21888, stack(0x0000000029e80000,0x0000000029f80000)]
  0x000000001f205000 JavaThread "AWT-Windows" daemon [_thread_in_native, id=20920, stack(0x0000000028200000,0x0000000028300000)]
  0x0000000025fee800 JavaThread "Java2D Disposer" daemon [_thread_blocked, id=18772, stack(0x0000000028000000,0x0000000028100000)]
  0x000000001f17a000 JavaThread "JavaCPP Deallocator" daemon [_thread_blocked, id=16904, stack(0x0000000027bb0000,0x0000000027cb0000)]
  0x000000001ed35800 JavaThread "Thread-3" daemon [_thread_in_native, id=17896, stack(0x0000000025800000,0x0000000025900000)]
  0x000000001ed30800 JavaThread "JavaFX-Launcher" [_thread_blocked, id=27488, stack(0x0000000025900000,0x0000000025a00000)]
  0x000000001ecaf000 JavaThread "JavaFX Application Thread" [_thread_in_native, id=19640, stack(0x0000000020750000,0x0000000020850000)]
  0x000000001ec94800 JavaThread "Thread-1" daemon [_thread_blocked, id=10996, stack(0x0000000020650000,0x0000000020750000)]
  0x000000001ec72800 JavaThread "QuantumRenderer-0" daemon [_thread_blocked, id=9928, stack(0x000000001f5f0000,0x000000001f6f0000)]
  0x000000001d011800 JavaThread "Service Thread" daemon [_thread_blocked, id=25152, stack(0x000000001e9c0000,0x000000001eac0000)]
  0x000000001cf8d000 JavaThread "C1 CompilerThread3" daemon [_thread_blocked, id=20236, stack(0x000000001e8c0000,0x000000001e9c0000)]
  0x000000001cf8d800 JavaThread "C2 CompilerThread2" daemon [_thread_blocked, id=17636, stack(0x000000001e7c0000,0x000000001e8c0000)]
  0x000000001cf82000 JavaThread "C2 CompilerThread1" daemon [_thread_blocked, id=8868, stack(0x000000001e6c0000,0x000000001e7c0000)]
  0x000000001b8ac000 JavaThread "C2 CompilerThread0" daemon [_thread_blocked, id=10100, stack(0x000000001e5c0000,0x000000001e6c0000)]
  0x000000001cf7b000 JavaThread "Attach Listener" daemon [_thread_blocked, id=14284, stack(0x000000001e4c0000,0x000000001e5c0000)]
  0x000000001cf79800 JavaThread "Signal Dispatcher" daemon [_thread_blocked, id=8608, stack(0x000000001e3c0000,0x000000001e4c0000)]
  0x000000001cf63800 JavaThread "Finalizer" daemon [_thread_blocked, id=26864, stack(0x000000001e1c0000,0x000000001e2c0000)]
  0x000000001b89e000 JavaThread "Reference Handler" daemon [_thread_blocked, id=1656, stack(0x000000001e0c0000,0x000000001e1c0000)]
  0x0000000002d9e800 JavaThread "main" [_thread_blocked, id=23688, stack(0x0000000002da0000,0x0000000002ea0000)]

Other Threads:
  0x000000001cf41800 VMThread [stack: 0x000000001dfc0000,0x000000001e0c0000] [id=19816]
  0x000000001d04b800 WatcherThread [stack: 0x000000001eac0000,0x000000001ebc0000] [id=24244]

VM state:not at safepoint (normal execution)

VM Mutex/Monitor currently owned by a thread: None

Heap:
 PSYoungGen      total 66560K, used 31435K [0x0000000776200000, 0x000000077bc80000, 0x00000007c0000000)
  eden space 57344K, 45% used [0x0000000776200000,0x0000000777b7fc30,0x0000000779a00000)
  from space 9216K, 57% used [0x0000000779a00000,0x0000000779f33160,0x000000077a300000)
  to   space 9216K, 0% used [0x000000077b380000,0x000000077b380000,0x000000077bc80000)
 ParOldGen       total 168960K, used 38379K [0x00000006e2600000, 0x00000006ecb00000, 0x0000000776200000)
  object space 168960K, 22% used [0x00000006e2600000,0x00000006e4b7ae80,0x00000006ecb00000)
 Metaspace       used 26670K, capacity 27716K, committed 27904K, reserved 1073152K
  class space    used 3553K, capacity 3789K, committed 3840K, reserved 1048576K

Card table byte_map: [0x0000000012360000,0x0000000012a50000] byte_map_base: 0x000000000ec4d000

Marking Bits: (ParMarkBitMap*) 0x0000000062592d00
 Begin Bits: [0x00000000138f0000, 0x0000000017058000)
 End Bits:   [0x0000000017058000, 0x000000001a7c0000)

Polling page: 0x0000000002a40000

CodeCache: size=245760Kb used=11889Kb max_used=11889Kb free=233870Kb
 bounds [0x0000000002fa0000, 0x0000000003b50000, 0x0000000011fa0000]
 total_blobs=4446 nmethods=3550 adapters=809
 compilation: enabled

Compilation events (10 events):
Event: 14.868 Thread 0x000000001cf8d000 3546       3       sun.java2d.loops.GraphicsPrimitiveMgr$1::compare (39 bytes)
Event: 14.868 Thread 0x000000001cf8d000 nmethod 3546 0x0000000003b41610 code [0x0000000003b41780, 0x0000000003b41c90]
Event: 14.868 Thread 0x000000001cf8d000 3547       3       java.util.TimSort::binarySort (223 bytes)
Event: 14.869 Thread 0x000000001cf8d000 nmethod 3547 0x0000000003b41d90 code [0x0000000003b41f60, 0x0000000003b42958]
Event: 14.870 Thread 0x000000001cf8d000 3548       3       sun.java2d.loops.GraphicsPrimitiveMgr$2::compare (39 bytes)
Event: 14.870 Thread 0x000000001cf8d000 nmethod 3548 0x0000000003b42dd0 code [0x0000000003b42f40, 0x0000000003b433d0]
Event: 14.870 Thread 0x000000001cf8d000 3549       1       sun.java2d.loops.CompositeType::getSuperType (5 bytes)
Event: 14.870 Thread 0x000000001cf8d000 nmethod 3549 0x0000000003b43510 code [0x0000000003b43660, 0x0000000003b43770]
Event: 14.870 Thread 0x000000001cf8d000 3550       3       java.util.Arrays::binarySearch0 (95 bytes)
Event: 14.870 Thread 0x000000001cf8d000 nmethod 3550 0x0000000003b437d0 code [0x0000000003b43960, 0x0000000003b43d98]

GC Heap History (8 events):
Event: 1.767 GC heap before
{Heap before GC invocations=1 (full 0):
 PSYoungGen      total 66560K, used 57344K [0x0000000776200000, 0x000000077ac00000, 0x00000007c0000000)
  eden space 57344K, 100% used [0x0000000776200000,0x0000000779a00000,0x0000000779a00000)
  from space 9216K, 0% used [0x000000077a300000,0x000000077a300000,0x000000077ac00000)
  to   space 9216K, 0% used [0x0000000779a00000,0x0000000779a00000,0x000000077a300000)
 ParOldGen       total 151552K, used 0K [0x00000006e2600000, 0x00000006eba00000, 0x0000000776200000)
  object space 151552K, 0% used [0x00000006e2600000,0x00000006e2600000,0x00000006eba00000)
 Metaspace       used 15958K, capacity 16382K, committed 16512K, reserved 1062912K
  class space    used 2005K, capacity 2150K, committed 2176K, reserved 1048576K
Event: 1.774 GC heap after
Heap after GC invocations=1 (full 0):
 PSYoungGen      total 66560K, used 6311K [0x0000000776200000, 0x000000077ac00000, 0x00000007c0000000)
  eden space 57344K, 0% used [0x0000000776200000,0x0000000776200000,0x0000000779a00000)
  from space 9216K, 68% used [0x0000000779a00000,0x000000077a029d00,0x000000077a300000)
  to   space 9216K, 0% used [0x000000077a300000,0x000000077a300000,0x000000077ac00000)
 ParOldGen       total 151552K, used 80K [0x00000006e2600000, 0x00000006eba00000, 0x0000000776200000)
  object space 151552K, 0% used [0x00000006e2600000,0x00000006e2614010,0x00000006eba00000)
 Metaspace       used 15958K, capacity 16382K, committed 16512K, reserved 1062912K
  class space    used 2005K, capacity 2150K, committed 2176K, reserved 1048576K
}
Event: 2.505 GC heap before
{Heap before GC invocations=2 (full 0):
 PSYoungGen      total 66560K, used 57718K [0x0000000776200000, 0x000000077ac00000, 0x00000007c0000000)
  eden space 57344K, 89% used [0x0000000776200000,0x0000000779433e18,0x0000000779a00000)
  from space 9216K, 68% used [0x0000000779a00000,0x000000077a029d00,0x000000077a300000)
  to   space 9216K, 0% used [0x000000077a300000,0x000000077a300000,0x000000077ac00000)
 ParOldGen       total 151552K, used 80K [0x00000006e2600000, 0x00000006eba00000, 0x0000000776200000)
  object space 151552K, 0% used [0x00000006e2600000,0x00000006e2614010,0x00000006eba00000)
 Metaspace       used 20350K, capacity 21194K, committed 21248K, reserved 1067008K
  class space    used 2815K, capacity 3030K, committed 3072K, reserved 1048576K
Event: 2.519 GC heap after
Heap after GC invocations=2 (full 0):
 PSYoungGen      total 66560K, used 9215K [0x0000000776200000, 0x000000077e400000, 0x00000007c0000000)
  eden space 57344K, 0% used [0x0000000776200000,0x0000000776200000,0x0000000779a00000)
  from space 9216K, 99% used [0x000000077a300000,0x000000077abffc58,0x000000077ac00000)
  to   space 9216K, 0% used [0x0000000779a00000,0x0000000779a00000,0x000000077a300000)
 ParOldGen       total 151552K, used 29312K [0x00000006e2600000, 0x00000006eba00000, 0x0000000776200000)
  object space 151552K, 19% used [0x00000006e2600000,0x00000006e42a0258,0x00000006eba00000)
 Metaspace       used 20350K, capacity 21194K, committed 21248K, reserved 1067008K
  class space    used 2815K, capacity 3030K, committed 3072K, reserved 1048576K
}
Event: 2.519 GC heap before
{Heap before GC invocations=3 (full 1):
 PSYoungGen      total 66560K, used 9215K [0x0000000776200000, 0x000000077e400000, 0x00000007c0000000)
  eden space 57344K, 0% used [0x0000000776200000,0x0000000776200000,0x0000000779a00000)
  from space 9216K, 99% used [0x000000077a300000,0x000000077abffc58,0x000000077ac00000)
  to   space 9216K, 0% used [0x0000000779a00000,0x0000000779a00000,0x000000077a300000)
 ParOldGen       total 151552K, used 29312K [0x00000006e2600000, 0x00000006eba00000, 0x0000000776200000)
  object space 151552K, 19% used [0x00000006e2600000,0x00000006e42a0258,0x00000006eba00000)
 Metaspace       used 20350K, capacity 21194K, committed 21248K, reserved 1067008K
  class space    used 2815K, capacity 3030K, committed 3072K, reserved 1048576K
Event: 2.565 GC heap after
Heap after GC invocations=3 (full 1):
 PSYoungGen      total 66560K, used 0K [0x0000000776200000, 0x000000077e400000, 0x00000007c0000000)
  eden space 57344K, 0% used [0x0000000776200000,0x0000000776200000,0x0000000779a00000)
  from space 9216K, 0% used [0x000000077a300000,0x000000077a300000,0x000000077ac00000)
  to   space 9216K, 0% used [0x0000000779a00000,0x0000000779a00000,0x000000077a300000)
 ParOldGen       total 168960K, used 38371K [0x00000006e2600000, 0x00000006ecb00000, 0x0000000776200000)
  object space 168960K, 22% used [0x00000006e2600000,0x00000006e4b78e80,0x00000006ecb00000)
 Metaspace       used 20350K, capacity 21194K, committed 21248K, reserved 1067008K
  class space    used 2815K, capacity 3030K, committed 3072K, reserved 1048576K
}
Event: 9.826 GC heap before
{Heap before GC invocations=4 (full 1):
 PSYoungGen      total 66560K, used 57344K [0x0000000776200000, 0x000000077e400000, 0x00000007c0000000)
  eden space 57344K, 100% used [0x0000000776200000,0x0000000779a00000,0x0000000779a00000)
  from space 9216K, 0% used [0x000000077a300000,0x000000077a300000,0x000000077ac00000)
  to   space 9216K, 0% used [0x0000000779a00000,0x0000000779a00000,0x000000077a300000)
 ParOldGen       total 168960K, used 38371K [0x00000006e2600000, 0x00000006ecb00000, 0x0000000776200000)
  object space 168960K, 22% used [0x00000006e2600000,0x00000006e4b78e80,0x00000006ecb00000)
 Metaspace       used 23619K, capacity 24672K, committed 24832K, reserved 1071104K
  class space    used 3307K, capacity 3549K, committed 3584K, reserved 1048576K
Event: 9.829 GC heap after
Heap after GC invocations=4 (full 1):
 PSYoungGen      total 66560K, used 5324K [0x0000000776200000, 0x000000077bc80000, 0x00000007c0000000)
  eden space 57344K, 0% used [0x0000000776200000,0x0000000776200000,0x0000000779a00000)
  from space 9216K, 57% used [0x0000000779a00000,0x0000000779f33160,0x000000077a300000)
  to   space 9216K, 0% used [0x000000077b380000,0x000000077b380000,0x000000077bc80000)
 ParOldGen       total 168960K, used 38379K [0x00000006e2600000, 0x00000006ecb00000, 0x0000000776200000)
  object space 168960K, 22% used [0x00000006e2600000,0x00000006e4b7ae80,0x00000006ecb00000)
 Metaspace       used 23619K, capacity 24672K, committed 24832K, reserved 1071104K
  class space    used 3307K, capacity 3549K, committed 3584K, reserved 1048576K
}

Deoptimization events (10 events):
Event: 10.033 Thread 0x000000001ecaf000 Uncommon trap: reason=unstable_if action=reinterpret pc=0x000000000352fd84 method=java.lang.String.trim()Ljava/lang/String; @ 44
Event: 10.034 Thread 0x000000001ecaf000 Uncommon trap: reason=unstable_if action=reinterpret pc=0x00000000033f867c method=java.lang.CharacterDataLatin1.isWhitespace(I)Z @ 14
Event: 10.078 Thread 0x000000001ecaf000 Uncommon trap: reason=unstable_if action=reinterpret pc=0x00000000038a1b38 method=java.net.URI.match(CJJ)Z @ 45
Event: 10.078 Thread 0x000000001ecaf000 Uncommon trap: reason=unstable_if action=reinterpret pc=0x00000000032e9d88 method=java.net.URI.match(CJJ)Z @ 19
Event: 10.202 Thread 0x000000001ecaf000 Uncommon trap: reason=array_check action=maybe_recompile pc=0x0000000003761f54 method=com.sun.javafx.css.SimpleSelector.applies(Ljavafx/css/Styleable;[Ljava/util/Set;I)Z @ 37
Event: 10.260 Thread 0x000000001ecaf000 Uncommon trap: reason=class_check action=maybe_recompile pc=0x000000000382e640 method=javafx.scene.Node.updateLocalToParentTransform()V @ 11
Event: 10.260 Thread 0x000000001ecaf000 Uncommon trap: reason=class_check action=maybe_recompile pc=0x000000000382e640 method=javafx.scene.Node.updateLocalToParentTransform()V @ 11
Event: 10.260 Thread 0x000000001ecaf000 Uncommon trap: reason=class_check action=maybe_recompile pc=0x000000000382e640 method=javafx.scene.Node.updateLocalToParentTransform()V @ 11
Event: 10.667 Thread 0x000000001ecaf000 Uncommon trap: reason=unstable_if action=reinterpret pc=0x00000000035ac3f0 method=com.sun.javafx.css.BitSet.add(Ljava/lang/Object;)Z @ 91
Event: 10.674 Thread 0x000000001ecaf000 Uncommon trap: reason=class_check action=maybe_recompile pc=0x000000000382e640 method=javafx.scene.Node.updateLocalToParentTransform()V @ 11

Classes redefined (0 events):
No events

Internal exceptions (10 events):
Event: 1.560 Thread 0x000000001ecaf000 Exception <a 'java/lang/ArrayIndexOutOfBoundsException'> (0x0000000778e484a8) thrown at [C:\re\workspace\8-2-build-windows-amd64-cygwin\jdk8u181\11358\hotspot\src\share\vm\runtime\sharedRuntime.cpp, line 605]
Event: 1.570 Thread 0x000000001ecaf000 Exception <a 'java/lang/ArrayIndexOutOfBoundsException'> (0x0000000778f3bbb8) thrown at [C:\re\workspace\8-2-build-windows-amd64-cygwin\jdk8u181\11358\hotspot\src\share\vm\runtime\sharedRuntime.cpp, line 605]
Event: 1.570 Thread 0x000000001ecaf000 Exception <a 'java/lang/ArrayIndexOutOfBoundsException'> (0x0000000778f3cfa8) thrown at [C:\re\workspace\8-2-build-windows-amd64-cygwin\jdk8u181\11358\hotspot\src\share\vm\runtime\sharedRuntime.cpp, line 605]
Event: 1.716 Thread 0x000000001ecaf000 Exception <a 'java/lang/ArrayIndexOutOfBoundsException': 58> (0x00000007797f2d48) thrown at [C:\re\workspace\8-2-build-windows-amd64-cygwin\jdk8u181\11358\hotspot\src\share\vm\interpreter\interpreterRuntime.cpp, line 366]
Event: 1.821 Thread 0x000000001ecaf000 Implicit null exception at 0x000000000336bcb5 to 0x000000000336bee1
Event: 1.821 Thread 0x000000001ecaf000 Implicit null exception at 0x000000000339a0fb to 0x000000000339a571
Event: 1.983 Thread 0x000000001ecaf000 Exception <a 'java/io/FileNotFoundException'> (0x0000000776abc0c8) thrown at [C:\re\workspace\8-2-build-windows-amd64-cygwin\jdk8u181\11358\hotspot\src\share\vm\prims\jni.cpp, line 709]
Event: 2.502 Thread 0x000000001ecaf000 Implicit null exception at 0x00000000035f5870 to 0x00000000035f5dad
Event: 9.993 Thread 0x000000001ecaf000 Implicit null exception at 0x00000000031f5856 to 0x00000000031f5be5
Event: 12.950 Thread 0x000000001cf87800 Exception <a 'java/lang/NullPointerException'> (0x0000000776f5f188) thrown at [C:\re\workspace\8-2-build-windows-amd64-cygwin\jdk8u181\11358\hotspot\src\share\vm\interpreter\linkResolver.cpp, line 1185]

Events (10 events):
Event: 14.863 loading class sun/java2d/loops/GraphicsPrimitiveProxy
Event: 14.864 loading class sun/java2d/loops/GraphicsPrimitiveProxy done
Event: 14.864 loading class sun/java2d/loops/GeneralRenderer
Event: 14.864 loading class sun/java2d/loops/GeneralRenderer done
Event: 14.867 loading class sun/java2d/loops/GraphicsPrimitiveMgr$1
Event: 14.868 loading class sun/java2d/loops/GraphicsPrimitiveMgr$1 done
Event: 14.868 loading class sun/java2d/loops/GraphicsPrimitiveMgr$2
Event: 14.868 loading class sun/java2d/loops/GraphicsPrimitiveMgr$2 done
Event: 14.868 loading class sun/java2d/loops/GraphicsPrimitiveMgr$PrimitiveSpec
Event: 14.868 loading class sun/java2d/loops/GraphicsPrimitiveMgr$PrimitiveSpec done


Dynamic libraries:
0x00007ff76c5c0000 - 0x00007ff76c5f7000 	C:\Program Files\Java\jre1.8.0_181\bin\javaw.exe
0x00007ff8e39b0000 - 0x00007ff8e3bc7000 	C:\WINDOWS\SYSTEM32\ntdll.dll
0x00007ff8e1c40000 - 0x00007ff8e1d04000 	C:\WINDOWS\System32\KERNEL32.DLL
0x00007ff8e0f70000 - 0x00007ff8e1341000 	C:\WINDOWS\System32\KERNELBASE.dll
0x00007ff8b8e70000 - 0x00007ff8b8ee0000 	C:\Program Files (x86)\K7 Computing\K7TSecurity\K7CrvrEx64.dll
0x00007ff8e1d10000 - 0x00007ff8e1ec1000 	C:\WINDOWS\System32\USER32.dll
0x00007ff8e1350000 - 0x00007ff8e1376000 	C:\WINDOWS\System32\win32u.dll
0x00007ff8e2320000 - 0x00007ff8e2349000 	C:\WINDOWS\System32\GDI32.dll
0x00007ff8e1560000 - 0x00007ff8e167b000 	C:\WINDOWS\System32\gdi32full.dll
0x00007ff8e0d60000 - 0x00007ff8e0dfa000 	C:\WINDOWS\System32\msvcp_win.dll
0x00007ff8e1380000 - 0x00007ff8e1491000 	C:\WINDOWS\System32\ucrtbase.dll
0x00007ff8e23c0000 - 0x00007ff8e2471000 	C:\WINDOWS\System32\ADVAPI32.dll
0x00007ff8e25e0000 - 0x00007ff8e2687000 	C:\WINDOWS\System32\msvcrt.dll
0x00007ff8e24a0000 - 0x00007ff8e2547000 	C:\WINDOWS\System32\sechost.dll
0x00007ff8e0af0000 - 0x00007ff8e0b18000 	C:\WINDOWS\System32\bcrypt.dll
0x00007ff8e3140000 - 0x00007ff8e3254000 	C:\WINDOWS\System32\RPCRT4.dll
0x00007ff8b8bd0000 - 0x00007ff8b8c2c000 	C:\Program Files (x86)\K7 Computing\K7TSecurity\K7Crvr64.dll
0x00007ff8cebb0000 - 0x00007ff8cee42000 	C:\WINDOWS\WinSxS\amd64_microsoft.windows.common-controls_6595b64144ccf1df_6.0.22621.4830_none_270fe7d773858e80\COMCTL32.dll
0x00007ff8e1680000 - 0x00007ff8e16b1000 	C:\WINDOWS\System32\IMM32.DLL
0x0000000061ad0000 - 0x0000000061ba2000 	C:\Program Files\Java\jre1.8.0_181\bin\msvcr100.dll
0x0000000061d70000 - 0x0000000062612000 	C:\Program Files\Java\jre1.8.0_181\bin\server\jvm.dll
0x00007ff8e1b60000 - 0x00007ff8e1b68000 	C:\WINDOWS\System32\PSAPI.DLL
0x00007ff8daed0000 - 0x00007ff8daf04000 	C:\WINDOWS\SYSTEM32\WINMM.dll
0x00007ff8db160000 - 0x00007ff8db169000 	C:\WINDOWS\SYSTEM32\WSOCK32.dll
0x00007ff8d5f00000 - 0x00007ff8d5f0a000 	C:\WINDOWS\SYSTEM32\VERSION.dll
0x00007ff8e2090000 - 0x00007ff8e2101000 	C:\WINDOWS\System32\WS2_32.dll
0x0000000061c80000 - 0x0000000061c8f000 	C:\Program Files\Java\jre1.8.0_181\bin\verify.dll
0x0000000061c50000 - 0x0000000061c79000 	C:\Program Files\Java\jre1.8.0_181\bin\java.dll
0x0000000061c30000 - 0x0000000061c46000 	C:\Program Files\Java\jre1.8.0_181\bin\zip.dll
0x00007ff8e26f0000 - 0x00007ff8e2f78000 	C:\WINDOWS\System32\SHELL32.dll
0x00007ff8e0c20000 - 0x00007ff8e0d5f000 	C:\WINDOWS\System32\wintypes.dll
0x00007ff8e16c0000 - 0x00007ff8e1a50000 	C:\WINDOWS\System32\combase.dll
0x00007ff8dea00000 - 0x00007ff8df30d000 	C:\WINDOWS\SYSTEM32\windows.storage.dll
0x00007ff8e1a50000 - 0x00007ff8e1b5a000 	C:\WINDOWS\System32\SHCORE.dll
0x00007ff8e2350000 - 0x00007ff8e23ae000 	C:\WINDOWS\System32\shlwapi.dll
0x00007ff8e0a20000 - 0x00007ff8e0a4b000 	C:\WINDOWS\SYSTEM32\profapi.dll
0x0000000002d40000 - 0x0000000002d43000 	C:\Program Files\Java\jre1.8.0_181\bin\api-ms-win-core-console-l1-1-0.dll
0x0000000002d50000 - 0x0000000002d53000 	C:\Program Files\Java\jre1.8.0_181\bin\api-ms-win-core-datetime-l1-1-0.dll
0x0000000002d60000 - 0x0000000002d63000 	C:\Program Files\Java\jre1.8.0_181\bin\api-ms-win-core-debug-l1-1-0.dll
0x0000000002d70000 - 0x0000000002d73000 	C:\Program Files\Java\jre1.8.0_181\bin\api-ms-win-core-errorhandling-l1-1-0.dll
0x0000000002d80000 - 0x0000000002d84000 	C:\Program Files\Java\jre1.8.0_181\bin\api-ms-win-core-file-l1-1-0.dll
0x000000001f3c0000 - 0x000000001f3c3000 	C:\Program Files\Java\jre1.8.0_181\bin\api-ms-win-core-file-l1-2-0.dll
0x000000001f3d0000 - 0x000000001f3d3000 	C:\Program Files\Java\jre1.8.0_181\bin\api-ms-win-core-file-l2-1-0.dll
0x000000001f3e0000 - 0x000000001f3e3000 	C:\Program Files\Java\jre1.8.0_181\bin\api-ms-win-core-handle-l1-1-0.dll
0x000000001f3f0000 - 0x000000001f3f3000 	C:\Program Files\Java\jre1.8.0_181\bin\api-ms-win-core-heap-l1-1-0.dll
0x000000001f400000 - 0x000000001f403000 	C:\Program Files\Java\jre1.8.0_181\bin\api-ms-win-core-interlocked-l1-1-0.dll
0x000000001f410000 - 0x000000001f413000 	C:\Program Files\Java\jre1.8.0_181\bin\api-ms-win-core-libraryloader-l1-1-0.dll
0x000000001f420000 - 0x000000001f423000 	C:\Program Files\Java\jre1.8.0_181\bin\api-ms-win-core-localization-l1-2-0.dll
0x000000001f430000 - 0x000000001f433000 	C:\Program Files\Java\jre1.8.0_181\bin\api-ms-win-core-memory-l1-1-0.dll
0x000000001f440000 - 0x000000001f443000 	C:\Program Files\Java\jre1.8.0_181\bin\api-ms-win-core-namedpipe-l1-1-0.dll
0x000000001f450000 - 0x000000001f453000 	C:\Program Files\Java\jre1.8.0_181\bin\api-ms-win-core-processenvironment-l1-1-0.dll
0x000000001f460000 - 0x000000001f463000 	C:\Program Files\Java\jre1.8.0_181\bin\api-ms-win-core-processthreads-l1-1-0.dll
0x000000001f470000 - 0x000000001f473000 	C:\Program Files\Java\jre1.8.0_181\bin\api-ms-win-core-processthreads-l1-1-1.dll
0x000000001f480000 - 0x000000001f483000 	C:\Program Files\Java\jre1.8.0_181\bin\api-ms-win-core-profile-l1-1-0.dll
0x000000001f490000 - 0x000000001f493000 	C:\Program Files\Java\jre1.8.0_181\bin\api-ms-win-core-rtlsupport-l1-1-0.dll
0x000000001f4a0000 - 0x000000001f4a3000 	C:\Program Files\Java\jre1.8.0_181\bin\api-ms-win-core-string-l1-1-0.dll
0x000000001f4b0000 - 0x000000001f4b3000 	C:\Program Files\Java\jre1.8.0_181\bin\api-ms-win-core-synch-l1-1-0.dll
0x000000001f4c0000 - 0x000000001f4c3000 	C:\Program Files\Java\jre1.8.0_181\bin\api-ms-win-core-synch-l1-2-0.dll
0x000000001f4d0000 - 0x000000001f4d3000 	C:\Program Files\Java\jre1.8.0_181\bin\api-ms-win-core-sysinfo-l1-1-0.dll
0x000000001f4e0000 - 0x000000001f4e3000 	C:\Program Files\Java\jre1.8.0_181\bin\api-ms-win-core-timezone-l1-1-0.dll
0x000000001f4f0000 - 0x000000001f4f3000 	C:\Program Files\Java\jre1.8.0_181\bin\api-ms-win-core-util-l1-1-0.dll
0x000000001f500000 - 0x000000001f503000 	C:\Program Files\Java\jre1.8.0_181\bin\api-ms-win-crt-conio-l1-1-0.dll
0x000000001f510000 - 0x000000001f514000 	C:\Program Files\Java\jre1.8.0_181\bin\api-ms-win-crt-convert-l1-1-0.dll
0x000000001f520000 - 0x000000001f523000 	C:\Program Files\Java\jre1.8.0_181\bin\api-ms-win-crt-environment-l1-1-0.dll
0x000000001f530000 - 0x000000001f533000 	C:\Program Files\Java\jre1.8.0_181\bin\api-ms-win-crt-filesystem-l1-1-0.dll
0x000000001f540000 - 0x000000001f543000 	C:\Program Files\Java\jre1.8.0_181\bin\api-ms-win-crt-heap-l1-1-0.dll
0x000000001f550000 - 0x000000001f553000 	C:\Program Files\Java\jre1.8.0_181\bin\api-ms-win-crt-locale-l1-1-0.dll
0x000000001f560000 - 0x000000001f565000 	C:\Program Files\Java\jre1.8.0_181\bin\api-ms-win-crt-math-l1-1-0.dll
0x000000001f570000 - 0x000000001f575000 	C:\Program Files\Java\jre1.8.0_181\bin\api-ms-win-crt-multibyte-l1-1-0.dll
0x000000001f580000 - 0x000000001f590000 	C:\Program Files\Java\jre1.8.0_181\bin\api-ms-win-crt-private-l1-1-0.dll
0x000000001f590000 - 0x000000001f593000 	C:\Program Files\Java\jre1.8.0_181\bin\api-ms-win-crt-process-l1-1-0.dll
0x000000001f5a0000 - 0x000000001f5a4000 	C:\Program Files\Java\jre1.8.0_181\bin\api-ms-win-crt-runtime-l1-1-0.dll
0x000000001f5b0000 - 0x000000001f5b4000 	C:\Program Files\Java\jre1.8.0_181\bin\api-ms-win-crt-stdio-l1-1-0.dll
0x000000001f5c0000 - 0x000000001f5c4000 	C:\Program Files\Java\jre1.8.0_181\bin\api-ms-win-crt-string-l1-1-0.dll
0x000000001f5d0000 - 0x000000001f5d3000 	C:\Program Files\Java\jre1.8.0_181\bin\api-ms-win-crt-time-l1-1-0.dll
0x000000001f5e0000 - 0x000000001f5e3000 	C:\Program Files\Java\jre1.8.0_181\bin\api-ms-win-crt-utility-l1-1-0.dll
0x00007ff8ab340000 - 0x00007ff8ab436000 	C:\Program Files\Java\jre1.8.0_181\bin\ucrtbase.dll
0x00007ff8cf5e0000 - 0x00007ff8cf5f6000 	C:\Program Files\Java\jre1.8.0_181\bin\vcruntime140.dll
0x00007ff8ccbe0000 - 0x00007ff8ccc7c000 	C:\Program Files\Java\jre1.8.0_181\bin\msvcp140.dll
0x00007ff8cf210000 - 0x00007ff8cf261000 	C:\Program Files\Java\jre1.8.0_181\bin\concrt140.dll
0x0000000061aa0000 - 0x0000000061ac3000 	C:\Program Files\Java\jre1.8.0_181\bin\prism_d3d.dll
0x00007ff889490000 - 0x00007ff889638000 	C:\WINDOWS\system32\d3d9.dll
0x00007ff8de000000 - 0x00007ff8de02b000 	C:\WINDOWS\SYSTEM32\dwmapi.dll
0x00007ff8ddeb0000 - 0x00007ff8ddee7000 	C:\WINDOWS\SYSTEM32\dxcore.dll
0x00007ff8ddb70000 - 0x00007ff8ddc23000 	C:\WINDOWS\system32\uxtheme.dll
0x00007ff8d5f10000 - 0x00007ff8d60cb000 	C:\WINDOWS\System32\DriverStore\FileRepository\u0404276.inf_amd64_b6ae906c9d4ab767\B403905\aticfx64.dll
0x00007ff8c1520000 - 0x00007ff8c1554000 	C:\WINDOWS\System32\DriverStore\FileRepository\u0404276.inf_amd64_b6ae906c9d4ab767\B403905\atiu9p64.dll
0x00007ff861900000 - 0x00007ff862647000 	C:\WINDOWS\System32\DriverStore\FileRepository\u0404276.inf_amd64_b6ae906c9d4ab767\B403905\atiumd64.dll
0x00007ff8e36e0000 - 0x00007ff8e3881000 	C:\WINDOWS\System32\ole32.dll
0x00007ff8de600000 - 0x00007ff8de832000 	C:\WINDOWS\SYSTEM32\dbghelp.dll
0x00007ff8cc000000 - 0x00007ff8cc032000 	C:\WINDOWS\SYSTEM32\dbgcore.DLL
0x00007ff8e3890000 - 0x00007ff8e3967000 	C:\WINDOWS\System32\OLEAUT32.dll
0x0000000062750000 - 0x0000000063663000 	C:\WINDOWS\System32\DriverStore\FileRepository\u0404276.inf_amd64_b6ae906c9d4ab767\B403905\atiumd6a.dll
0x00007ff8e3260000 - 0x00007ff8e36d4000 	C:\WINDOWS\System32\SETUPAPI.dll
0x00007ff8e0910000 - 0x00007ff8e095d000 	C:\WINDOWS\SYSTEM32\POWRPROF.dll
0x00007ff8e08f0000 - 0x00007ff8e0903000 	C:\WINDOWS\SYSTEM32\UMPDC.dll
0x00007ff8d3760000 - 0x00007ff8d3795000 	C:\WINDOWS\SYSTEM32\amdihk64.dll
0x00007ff8d78c0000 - 0x00007ff8d7909000 	C:\WINDOWS\SYSTEM32\directxdatabasehelper.dll
0x00007ff8dfb10000 - 0x00007ff8dfb28000 	C:\WINDOWS\SYSTEM32\kernel.appcore.dll
0x0000000061a50000 - 0x0000000061a99000 	C:\Program Files\Java\jre1.8.0_181\bin\glass.dll
0x00007ff8e2190000 - 0x00007ff8e2292000 	C:\WINDOWS\System32\COMDLG32.dll
0x00007ff8e2f80000 - 0x00007ff8e30dd000 	C:\WINDOWS\System32\MSCTF.dll
0x00007ff8e0ba0000 - 0x00007ff8e0c1b000 	C:\WINDOWS\System32\bcryptPrimitives.dll
0x00007ff89c9c0000 - 0x00007ff89caaf000 	C:\Users\gauth\.javacpp\cache\opencv-3.2.0-1.3-windows-x86_64.jar\org\bytedeco\javacpp\windows-x86_64\msvcr120.dll
0x00007ff89ea90000 - 0x00007ff89eb36000 	C:\Users\gauth\.javacpp\cache\opencv-3.2.0-1.3-windows-x86_64.jar\org\bytedeco\javacpp\windows-x86_64\msvcp120.dll
0x00007ff871730000 - 0x00007ff8719b8000 	C:\Users\gauth\.javacpp\cache\opencv-3.2.0-1.3-windows-x86_64.jar\org\bytedeco\javacpp\windows-x86_64\opencv_core320.dll
0x00007ff85aeb0000 - 0x00007ff85b212000 	C:\Users\gauth\.javacpp\cache\opencv-3.2.0-1.3-windows-x86_64.jar\org\bytedeco\javacpp\windows-x86_64\opencv_imgproc320.dll
0x00007ff8604b0000 - 0x00007ff8606fa000 	C:\Users\gauth\.javacpp\cache\opencv-3.2.0-1.3-windows-x86_64.jar\org\bytedeco\javacpp\windows-x86_64\jniopencv_core.dll
0x0000000061c10000 - 0x0000000061c2a000 	C:\Program Files\Java\jre1.8.0_181\bin\net.dll
0x00007ff8dffb0000 - 0x00007ff8e001a000 	C:\WINDOWS\system32\mswsock.dll
0x0000000061bf0000 - 0x0000000061c01000 	C:\Program Files\Java\jre1.8.0_181\bin\nio.dll
0x00000000618b0000 - 0x0000000061a49000 	C:\Program Files\Java\jre1.8.0_181\bin\awt.dll
0x00007ff8db210000 - 0x00007ff8db2a7000 	C:\WINDOWS\SYSTEM32\apphelp.dll
0x0000000061890000 - 0x00000000618a4000 	C:\Program Files\Java\jre1.8.0_181\bin\javafx_font.dll
0x00007ff8d9870000 - 0x00007ff8d9ae3000 	C:\WINDOWS\SYSTEM32\dwrite.dll
0x00007ff8e1b70000 - 0x00007ff8e1c20000 	C:\WINDOWS\System32\clbcatq.dll
0x00007ff8dd940000 - 0x00007ff8ddaf0000 	C:\WINDOWS\SYSTEM32\WindowsCodecs.dll
0x00007ff8c7b50000 - 0x00007ff8c7bae000 	C:\WINDOWS\system32\dataexchange.dll
0x00007ff8d60d0000 - 0x00007ff8d6375000 	C:\WINDOWS\system32\twinapi.appcore.dll
0x00007ff8cd100000 - 0x00007ff8cd132000 	C:\Program Files\Common Files\Microsoft Shared\Ink\rtscom.dll
0x00007ff8c8a00000 - 0x00007ff8c8b43000 	C:\WINDOWS\SYSTEM32\textinputframework.dll
0x00007ff8daa40000 - 0x00007ff8dab75000 	C:\WINDOWS\SYSTEM32\CoreMessaging.dll
0x00007ff8d7220000 - 0x00007ff8d758c000 	C:\WINDOWS\SYSTEM32\CoreUIComponents.dll
0x00007ff8e0220000 - 0x00007ff8e022c000 	C:\WINDOWS\SYSTEM32\CRYPTBASE.DLL
0x0000000061860000 - 0x0000000061883000 	C:\Program Files\Java\jre1.8.0_181\bin\javafx_iio.dll
0x0000000061840000 - 0x0000000061852000 	C:\Program Files\Java\jre1.8.0_181\bin\prism_common.dll
0x00007ff8d9b70000 - 0x00007ff8da15e000 	C:\WINDOWS\SYSTEM32\d2d1.dll
0x00007ff8da160000 - 0x00007ff8da3b7000 	C:\WINDOWS\SYSTEM32\d3d11.dll

VM Arguments:
jvm_args: -Djava.library.path=C:\Users\Administrator\Desktop\opencv\build\java\x64 -Dfile.encoding=Cp1252 
java_command: application.Main
java_class_path (initial): C:\faceautheclipse\ExoVisix\target\classes;C:\faceautheclipse\ExoVisix\bin\opencv-341.jar;C:\Users\gauth\Downloads\lib\lib\rt.jar;C:\Users\gauth\Downloads\lib\lib\servlet-api.jar;C:\Users\gauth\Downloads\lib\lib\system-2.1.jar;C:\Users\gauth\Downloads\lib\lib\xmlbeans-xpath-2.3.0.jar;C:\Users\gauth\Downloads\lib\lib\poi-ooxml-3.8.jar;C:\Users\gauth\Downloads\lib\lib\poi-scratchpad-3.2-FINAL.jar;C:\Users\gauth\Downloads\lib\lib\jsoup-1.9.2.jar;C:\Users\gauth\Downloads\lib\lib\jsoup-1.15.4.jar;C:\Users\gauth\Downloads\lib\lib\jsp-api.jar;C:\Users\gauth\Downloads\lib\lib\jstl.jar;C:\Users\gauth\Downloads\lib\lib\mysql-connector-java-5.0.4-bin.jar;C:\Users\gauth\Downloads\lib\lib\mysql-connector-java-5.1.22-bin.jar;C:\Users\gauth\Downloads\lib\lib\oreilly-2001-12-23.jar;C:\Users\gauth\Downloads\lib\lib\org.json.jar;C:\Users\gauth\Downloads\lib\lib\poi-3.2-FINAL.jar;C:\Users\gauth\Downloads\lib\lib\poi-contrib-3.2-FINAL-20081019.jar;C:\Users\gauth\Downloads\lib\lib\itextpdf-5.5.6.jar;C:\Users\gauth\Downloads\lib\lib\java-json.jar;C:\Users\gauth\Downloads\lib\lib\java-mail-1.4.4.jar;C:\Users\gauth\Downloads\lib\lib\javax.json-1.0.jar;C:\Users\gauth\Downloads\lib\lib\javax.mail.jar;C:\Users\gauth\Downloads\lib\lib\jcommon-1.0.16.jar;C:\Users\gauth\Downloads\lib\lib\jfreechart-1.0.0.jar;C:\Users\gauth\Downloads\lib\lib\httpunit-1.5.3.jar;C:\Users\gauth\Downloads\lib\lib\itext-1.3.jar;C:\Users\gauth\Downloads\lib\lib\itextpdf-5.4.3.jar;C:\Users\gauth\Downloads\lib\lib\activation.jar;C:\Users\gauth\Downloads\lib\lib\bean.jar;C:\Users\gauth\Downloads\lib\lib\cos.jar;C:\Users\gauth\Downloads\lib\lib\cos-multipart.jar;C:\Users\gauth\Downloads\lib\lib\Filters.jar;C:\Users\gauth\.m2\repository\org\bytedeco\javacv-platform\1.3.2\javacv-platform-1.3.2.jar;C:\Users\gauth\.m2\repository\org\bytedeco\javacv\1.3.2\javacv-1.3.2.jar;C:\Users\gauth\.m2\repository\org\bytedeco\javacpp\1.3.2\javacpp-1.3.2.jar;C:\Users\gauth\.m2\repository\org\bytedeco\javacpp-pre
Launcher Type: SUN_STANDARD

Environment Variables:
PATH=C:/Program Files/Java/jre1.8.0_181/bin/server;C:/Program Files/Java/jre1.8.0_181/bin;C:/Program Files/Java/jre1.8.0_181/lib/amd64;C:\Program Files (x86)\Common Files\Oracle\Java\javapath;C:\WINDOWS\system32;C:\WINDOWS;C:\WINDOWS\System32\Wbem;C:\WINDOWS\System32\WindowsPowerShell\v1.0\;C:\WINDOWS\System32\OpenSSH\;C:\Users\gauth\AppData\Local\Microsoft\WindowsApps;;C:\Users\gauth\AppData\Local\Programs\Microsoft VS Code\bin;C:\Users\gauth\Downloads\wetransfer_juno-zip_2025-01-21_0844\Eclipse\Eclipse\eclipse;
USERNAME=gauth
OS=Windows_NT
PROCESSOR_IDENTIFIER=AMD64 Family 23 Model 104 Stepping 1, AuthenticAMD



---------------  S Y S T E M  ---------------

OS: Windows 10.0 , 64 bit Build 22621 (10.0.22621.4974)

CPU:total 12 (initial active 12) (12 cores per cpu, 1 threads per core) family 23 model 104 stepping 1, cmov, cx8, fxsr, mmx, sse, sse2, sse3, ssse3, sse4.1, sse4.2, popcnt, avx, avx2, aes, clmul, mmxext, 3dnowpref, lzcnt, sse4a, tsc, tscinvbit, tscinv, bmi1

Memory: 4k page, physical 14521848k(6291724k free), swap 58235312k(45688852k free)

vm_info: Java HotSpot(TM) 64-Bit Server VM (25.181-b13) for windows-amd64 JRE (1.8.0_181-b13), built on Jul  7 2018 04:01:33 by "java_re" with MS VC++ 10.0 (VS2010)

time: Wed Apr 02 13:19:46 2025
elapsed time: 14 seconds (0d 0h 0m 14s)

