#
# A fatal error has been detected by the Java Runtime Environment:
#
#  EXCEPTION_ACCESS_VIOLATION (0xc0000005) at pc=0x00007ffff1dabc60, pid=20852, tid=0x00000000000040b0
#
# JRE version: Java(TM) SE Runtime Environment (8.0_181-b13) (build 1.8.0_181-b13)
# Java VM: Java HotSpot(TM) 64-Bit Server VM (25.181-b13 mixed mode windows-amd64 compressed oops)
# Problematic frame:
# C  [opencv_core320.dll+0x5bc60]
#
# Failed to write core dump. Minidumps are not enabled by default on client versions of Windows
#
# If you would like to submit a bug report, please visit:
#   http://bugreport.java.com/bugreport/crash.jsp
# The crash happened outside the Java Virtual Machine in native code.
# See problematic frame for where to report the bug.
#

---------------  T H R E A D  ---------------

Current thread (0x0000000025b04800):  JavaThread "Thread-8" [_thread_in_native, id=16560, stack(0x0000000000af0000,0x0000000000bf0000)]

siginfo: ExceptionCode=0xc0000005, reading address 0x0000000000000028

Registers:
RAX=0x0000000000000000, RBX=0x0000000000000000, RCX=0x0000000000000000, RDX=0x0000000000000000
RSP=0x0000000000bef198, RBP=0x0000000000bef268, RSI=0x0000000000000000, RDI=0x0000000025b049f8
R8 =0x0000000000000000, R9 =0x0000000000000000, R10=0x00000000029685fb, R11=0x000000006c11c6a0
R12=0x0000000000000000, R13=0x000000001b0204a8, R14=0x0000000000000000, R15=0x0000000025b04800
RIP=0x00007ffff1dabc60, EFLAGS=0x0000000000010246

Top of Stack: (sp=0x0000000000bef198)
0x0000000000bef198:   00007ffff16dedec 0000000025b04800
0x0000000000bef1a8:   000000001af39960 0000000025b04800
0x0000000000bef1b8:   0000000000000000 0000000025b04800
0x0000000000bef1c8:   fffffffffffffffe 0000000000bef290
0x0000000000bef1d8:   0000000000000003 00000000f802595c
0x0000000000bef1e8:   0000000002968627 0000000025b049f8
0x0000000000bef1f8:   000000001b0204b8 0000000000000000
0x0000000000bef208:   0000000025b04800 000000001af39960
0x0000000000bef218:   000000006c01d484 0000000000bef308
0x0000000000bef228:   0000000000bef228 0000000000000000
0x0000000000bef238:   0000000000bef290 000000001b04f378
0x0000000000bef248:   0000000000000000 000000001b0204b8
0x0000000000bef258:   0000000000000000 0000000000bef288
0x0000000000bef268:   0000000000bef2e8 00000000029580e0
0x0000000000bef278:   00000006e42f02e8 00000000029621db
0x0000000000bef288:   0000000000000000 0000000000000000 

Instructions: (pc=0x00007ffff1dabc60)
0x00007ffff1dabc40:   03 59 14 48 8b 49 08 49 3b c9 75 f4 48 8b 47 08
0x00007ffff1dabc50:   89 58 28 48 8b 5c 24 60 48 83 c4 50 5f c3 cc cc
0x00007ffff1dabc60:   44 8b 49 28 4c 8b d1 41 3b d1 72 20 45 33 c0 85
0x00007ffff1dabc70:   d2 41 8b c0 41 0f 48 c1 03 d0 41 3b d1 45 0f 4d 


Register to memory mapping:

RAX=0x0000000000000000 is an unknown value
RBX=0x0000000000000000 is an unknown value
RCX=0x0000000000000000 is an unknown value
RDX=0x0000000000000000 is an unknown value
RSP=0x0000000000bef198 is pointing into the stack for thread: 0x0000000025b04800
RBP=0x0000000000bef268 is pointing into the stack for thread: 0x0000000025b04800
RSI=0x0000000000000000 is an unknown value
RDI=0x0000000025b049f8 is an unknown value
R8 =0x0000000000000000 is an unknown value
R9 =0x0000000000000000 is an unknown value
R10=0x00000000029685fb is at code_begin+891 in an Interpreter codelet
method entry point (kind = native)  [0x0000000002968280, 0x0000000002968c40]  2496 bytes
R11=0x000000006c11c6a0 is an unknown value
R12=0x0000000000000000 is an unknown value
R13=0x000000001b0204a8 is pointing into metadata
R14=0x0000000000000000 is an unknown value
R15=0x0000000025b04800 is a thread


Stack: [0x0000000000af0000,0x0000000000bf0000],  sp=0x0000000000bef198,  free space=1020k
Native frames: (J=compiled Java code, j=interpreted, Vv=VM code, C=native code)
C  [opencv_core320.dll+0x5bc60]

Java frames: (J=compiled Java code, j=interpreted, Vv=VM code)
j  org.bytedeco.javacpp.opencv_core.cvGetSeqElem(Lorg/bytedeco/javacpp/opencv_core$CvSeq;I)Lorg/bytedeco/javacpp/BytePointer;+0
j  application.FaceDetector.printResult(Lorg/bytedeco/javacpp/opencv_core$CvSeq;ILjava/awt/Graphics2D;)V+16
j  application.FaceDetector.run()V+539
j  java.lang.Thread.run()V+11
v  ~StubRoutines::call_stub

---------------  P R O C E S S  ---------------

Java Threads: ( => current thread )
  0x0000000025b01800 JavaThread "Timer-1" daemon [_thread_blocked, id=12160, stack(0x0000000000bf0000,0x0000000000cf0000)]
=>0x0000000025b04800 JavaThread "Thread-8" [_thread_in_native, id=16560, stack(0x0000000000af0000,0x0000000000bf0000)]
  0x0000000025b05000 JavaThread "Timer-0" daemon [_thread_blocked, id=18672, stack(0x0000000034810000,0x0000000034910000)]
  0x0000000025b02000 JavaThread "Prism Font Disposer" daemon [_thread_blocked, id=5224, stack(0x000000002ab70000,0x000000002ac70000)]
  0x0000000025d5e000 JavaThread "AWT-Windows" daemon [_thread_in_native, id=15192, stack(0x0000000027c60000,0x0000000027d60000)]
  0x0000000025d5c800 JavaThread "Java2D Disposer" daemon [_thread_blocked, id=6824, stack(0x0000000027a60000,0x0000000027b60000)]
  0x00000000263e5800 JavaThread "JavaCPP Deallocator" daemon [_thread_blocked, id=14296, stack(0x0000000026640000,0x0000000026740000)]
  0x000000001e728800 JavaThread "Thread-3" daemon [_thread_in_native, id=2708, stack(0x0000000025270000,0x0000000025370000)]
  0x000000001e758000 JavaThread "JavaFX-Launcher" [_thread_blocked, id=772, stack(0x0000000025370000,0x0000000025470000)]
  0x000000001e6ba000 JavaThread "JavaFX Application Thread" [_thread_in_native, id=1816, stack(0x00000000201c0000,0x00000000202c0000)]
  0x000000001e6b9000 JavaThread "Thread-1" daemon [_thread_blocked, id=18196, stack(0x00000000200c0000,0x00000000201c0000)]
  0x000000001e69d000 JavaThread "QuantumRenderer-0" daemon [_thread_blocked, id=20608, stack(0x000000001f050000,0x000000001f150000)]
  0x000000001ca2b000 JavaThread "Service Thread" daemon [_thread_blocked, id=8644, stack(0x000000001e3f0000,0x000000001e4f0000)]
  0x000000001c991000 JavaThread "C1 CompilerThread3" daemon [_thread_blocked, id=14464, stack(0x000000001e2f0000,0x000000001e3f0000)]
  0x000000001c990000 JavaThread "C2 CompilerThread2" daemon [_thread_blocked, id=12584, stack(0x000000001e1f0000,0x000000001e2f0000)]
  0x000000001c98d800 JavaThread "C2 CompilerThread1" daemon [_thread_blocked, id=8364, stack(0x000000001e0f0000,0x000000001e1f0000)]
  0x000000001c989800 JavaThread "C2 CompilerThread0" daemon [_thread_blocked, id=21348, stack(0x000000001dff0000,0x000000001e0f0000)]
  0x000000001c987000 JavaThread "Attach Listener" daemon [_thread_blocked, id=9024, stack(0x000000001def0000,0x000000001dff0000)]
  0x000000001c986000 JavaThread "Signal Dispatcher" daemon [_thread_blocked, id=9248, stack(0x000000001ddf0000,0x000000001def0000)]
  0x000000001c973000 JavaThread "Finalizer" daemon [_thread_blocked, id=13480, stack(0x000000001dbe0000,0x000000001dce0000)]
  0x000000001b2a0800 JavaThread "Reference Handler" daemon [_thread_blocked, id=15732, stack(0x000000001dae0000,0x000000001dbe0000)]
  0x000000000284e800 JavaThread "main" [_thread_blocked, id=17816, stack(0x0000000002710000,0x0000000002810000)]

Other Threads:
  0x000000001b297000 VMThread [stack: 0x000000001d9e0000,0x000000001dae0000] [id=9960]
  0x000000001ca8c000 WatcherThread [stack: 0x000000001e4f0000,0x000000001e5f0000] [id=9956]

VM state:not at safepoint (normal execution)

VM Mutex/Monitor currently owned by a thread: None

Heap:
 PSYoungGen      total 104448K, used 80684K [0x0000000776200000, 0x000000077f280000, 0x00000007c0000000)
  eden space 101888K, 76% used [0x0000000776200000,0x000000077ae8c940,0x000000077c580000)
  from space 2560K, 89% used [0x000000077c800000,0x000000077ca3e7b0,0x000000077ca80000)
  to   space 23040K, 0% used [0x000000077dc00000,0x000000077dc00000,0x000000077f280000)
 ParOldGen       total 168448K, used 59542K [0x00000006e2600000, 0x00000006eca80000, 0x0000000776200000)
  object space 168448K, 35% used [0x00000006e2600000,0x00000006e6025b20,0x00000006eca80000)
 Metaspace       used 28008K, capacity 29104K, committed 29184K, reserved 1075200K
  class space    used 3597K, capacity 3825K, committed 3840K, reserved 1048576K

Card table byte_map: [0x0000000011d10000,0x0000000012400000] byte_map_base: 0x000000000e5fd000

Marking Bits: (ParMarkBitMap*) 0x000000006c712d00
 Begin Bits: [0x00000000132a0000, 0x0000000016a08000)
 End Bits:   [0x0000000016a08000, 0x000000001a170000)

Polling page: 0x00000000008d0000

CodeCache: size=245760Kb used=15483Kb max_used=15804Kb free=230276Kb
 bounds [0x0000000002950000, 0x00000000038e0000, 0x0000000011950000]
 total_blobs=5547 nmethods=4640 adapters=819
 compilation: enabled

Compilation events (10 events):
Event: 79.018 Thread 0x000000001c991000 5213       3       java.nio.CharBuffer::<init> (22 bytes)
Event: 79.019 Thread 0x000000001c991000 nmethod 5213 0x0000000002c77f50 code [0x0000000002c780c0, 0x0000000002c78288]
Event: 79.128 Thread 0x000000001c991000 5214       3       java.nio.CharBuffer::hasArray (20 bytes)
Event: 79.129 Thread 0x000000001c991000 nmethod 5214 0x000000000338c650 code [0x000000000338c7a0, 0x000000000338c990]
Event: 79.148 Thread 0x000000001c991000 5215       3       com.sun.javafx.geom.Arc2D::getPathIterator (10 bytes)
Event: 79.148 Thread 0x000000001c991000 nmethod 5215 0x000000000317e6d0 code [0x000000000317e840, 0x000000000317ea48]
Event: 79.148 Thread 0x000000001c991000 5216       3       com.sun.javafx.geom.ArcIterator::<init> (278 bytes)
Event: 79.149 Thread 0x000000001c991000 nmethod 5216 0x00000000031e3910 code [0x00000000031e3c00, 0x00000000031e4908]
Event: 79.149 Thread 0x000000001c991000 5217       3       com.sun.javafx.geom.ArcIterator::btan (22 bytes)
Event: 79.149 Thread 0x000000001c991000 nmethod 5217 0x00000000031a8c50 code [0x00000000031a8e00, 0x00000000031a93b0]

GC Heap History (10 events):
Event: 54.730 GC heap before
{Heap before GC invocations=16 (full 1):
 PSYoungGen      total 139264K, used 121549K [0x0000000776200000, 0x0000000780380000, 0x00000007c0000000)
  eden space 115200K, 99% used [0x0000000776200000,0x000000077d163e20,0x000000077d280000)
  from space 24064K, 31% used [0x000000077ec00000,0x000000077f34f7c0,0x0000000780380000)
  to   space 25088K, 0% used [0x000000077d280000,0x000000077d280000,0x000000077eb00000)
 ParOldGen       total 168448K, used 49781K [0x00000006e2600000, 0x00000006eca80000, 0x0000000776200000)
  object space 168448K, 29% used [0x00000006e2600000,0x00000006e569d5b0,0x00000006eca80000)
 Metaspace       used 27809K, capacity 28906K, committed 28928K, reserved 1075200K
  class space    used 3592K, capacity 3824K, committed 3840K, reserved 1048576K
Event: 54.735 GC heap after
Heap after GC invocations=16 (full 1):
 PSYoungGen      total 122368K, used 9853K [0x0000000776200000, 0x000000077ff80000, 0x00000007c0000000)
  eden space 112128K, 0% used [0x0000000776200000,0x0000000776200000,0x000000077cf80000)
  from space 10240K, 96% used [0x000000077d280000,0x000000077dc1f7e0,0x000000077dc80000)
  to   space 24576K, 0% used [0x000000077e780000,0x000000077e780000,0x000000077ff80000)
 ParOldGen       total 168448K, used 49781K [0x00000006e2600000, 0x00000006eca80000, 0x0000000776200000)
  object space 168448K, 29% used [0x00000006e2600000,0x00000006e569d5b0,0x00000006eca80000)
 Metaspace       used 27809K, capacity 28906K, committed 28928K, reserved 1075200K
  class space    used 3592K, capacity 3824K, committed 3840K, reserved 1048576K
}
Event: 59.252 GC heap before
{Heap before GC invocations=17 (full 1):
 PSYoungGen      total 122368K, used 121317K [0x0000000776200000, 0x000000077ff80000, 0x00000007c0000000)
  eden space 112128K, 99% used [0x0000000776200000,0x000000077ceda008,0x000000077cf80000)
  from space 10240K, 96% used [0x000000077d280000,0x000000077dc1f7e0,0x000000077dc80000)
  to   space 24576K, 0% used [0x000000077e780000,0x000000077e780000,0x000000077ff80000)
 ParOldGen       total 168448K, used 49781K [0x00000006e2600000, 0x00000006eca80000, 0x0000000776200000)
  object space 168448K, 29% used [0x00000006e2600000,0x00000006e569d5b0,0x00000006eca80000)
 Metaspace       used 27845K, capacity 28976K, committed 29184K, reserved 1075200K
  class space    used 3596K, capacity 3825K, committed 3840K, reserved 1048576K
Event: 59.256 GC heap after
Heap after GC invocations=17 (full 1):
 PSYoungGen      total 129536K, used 13134K [0x0000000776200000, 0x000000077fb00000, 0x00000007c0000000)
  eden space 109568K, 0% used [0x0000000776200000,0x0000000776200000,0x000000077cd00000)
  from space 19968K, 65% used [0x000000077e780000,0x000000077f453800,0x000000077fb00000)
  to   space 23552K, 0% used [0x000000077cd00000,0x000000077cd00000,0x000000077e400000)
 ParOldGen       total 168448K, used 49789K [0x00000006e2600000, 0x00000006eca80000, 0x0000000776200000)
  object space 168448K, 29% used [0x00000006e2600000,0x00000006e569f5b0,0x00000006eca80000)
 Metaspace       used 27845K, capacity 28976K, committed 29184K, reserved 1075200K
  class space    used 3596K, capacity 3825K, committed 3840K, reserved 1048576K
}
Event: 63.751 GC heap before
{Heap before GC invocations=18 (full 1):
 PSYoungGen      total 129536K, used 121741K [0x0000000776200000, 0x000000077fb00000, 0x00000007c0000000)
  eden space 109568K, 99% used [0x0000000776200000,0x000000077cc0ffd8,0x000000077cd00000)
  from space 19968K, 65% used [0x000000077e780000,0x000000077f453800,0x000000077fb00000)
  to   space 23552K, 0% used [0x000000077cd00000,0x000000077cd00000,0x000000077e400000)
 ParOldGen       total 168448K, used 49789K [0x00000006e2600000, 0x00000006eca80000, 0x0000000776200000)
  object space 168448K, 29% used [0x00000006e2600000,0x00000006e569f5b0,0x00000006eca80000)
 Metaspace       used 27892K, capacity 28976K, committed 29184K, reserved 1075200K
  class space    used 3596K, capacity 3825K, committed 3840K, reserved 1048576K
Event: 63.754 GC heap after
Heap after GC invocations=18 (full 1):
 PSYoungGen      total 117760K, used 10401K [0x0000000776200000, 0x000000077f780000, 0x00000007c0000000)
  eden space 107008K, 0% used [0x0000000776200000,0x0000000776200000,0x000000077ca80000)
  from space 10752K, 96% used [0x000000077cd00000,0x000000077d7287e0,0x000000077d780000)
  to   space 23040K, 0% used [0x000000077e100000,0x000000077e100000,0x000000077f780000)
 ParOldGen       total 168448K, used 49797K [0x00000006e2600000, 0x00000006eca80000, 0x0000000776200000)
  object space 168448K, 29% used [0x00000006e2600000,0x00000006e56a15b0,0x00000006eca80000)
 Metaspace       used 27892K, capacity 28976K, committed 29184K, reserved 1075200K
  class space    used 3596K, capacity 3825K, committed 3840K, reserved 1048576K
}
Event: 68.039 GC heap before
{Heap before GC invocations=19 (full 1):
 PSYoungGen      total 117760K, used 116518K [0x0000000776200000, 0x000000077f780000, 0x00000007c0000000)
  eden space 107008K, 99% used [0x0000000776200000,0x000000077c9a1028,0x000000077ca80000)
  from space 10752K, 96% used [0x000000077cd00000,0x000000077d7287e0,0x000000077d780000)
  to   space 23040K, 0% used [0x000000077e100000,0x000000077e100000,0x000000077f780000)
 ParOldGen       total 168448K, used 49797K [0x00000006e2600000, 0x00000006eca80000, 0x0000000776200000)
  object space 168448K, 29% used [0x00000006e2600000,0x00000006e56a15b0,0x00000006eca80000)
 Metaspace       used 27892K, capacity 28976K, committed 29184K, reserved 1075200K
  class space    used 3596K, capacity 3825K, committed 3840K, reserved 1048576K
Event: 68.043 GC heap after
Heap after GC invocations=19 (full 1):
 PSYoungGen      total 123904K, used 6893K [0x0000000776200000, 0x000000077f400000, 0x00000007c0000000)
  eden space 104448K, 0% used [0x0000000776200000,0x0000000776200000,0x000000077c800000)
  from space 19456K, 35% used [0x000000077e100000,0x000000077e7bb7d0,0x000000077f400000)
  to   space 22528K, 0% used [0x000000077c800000,0x000000077c800000,0x000000077de00000)
 ParOldGen       total 168448K, used 56120K [0x00000006e2600000, 0x00000006eca80000, 0x0000000776200000)
  object space 168448K, 33% used [0x00000006e2600000,0x00000006e5cce370,0x00000006eca80000)
 Metaspace       used 27892K, capacity 28976K, committed 29184K, reserved 1075200K
  class space    used 3596K, capacity 3825K, committed 3840K, reserved 1048576K
}
Event: 76.197 GC heap before
{Heap before GC invocations=20 (full 1):
 PSYoungGen      total 123904K, used 110263K [0x0000000776200000, 0x000000077f400000, 0x00000007c0000000)
  eden space 104448K, 98% used [0x0000000776200000,0x000000077c6f26c8,0x000000077c800000)
  from space 19456K, 35% used [0x000000077e100000,0x000000077e7bb7d0,0x000000077f400000)
  to   space 22528K, 0% used [0x000000077c800000,0x000000077c800000,0x000000077de00000)
 ParOldGen       total 168448K, used 56120K [0x00000006e2600000, 0x00000006eca80000, 0x0000000776200000)
  object space 168448K, 33% used [0x00000006e2600000,0x00000006e5cce370,0x00000006eca80000)
 Metaspace       used 28001K, capacity 29104K, committed 29184K, reserved 1075200K
  class space    used 3597K, capacity 3825K, committed 3840K, reserved 1048576K
Event: 76.201 GC heap after
Heap after GC invocations=20 (full 1):
 PSYoungGen      total 104448K, used 2297K [0x0000000776200000, 0x000000077f280000, 0x00000007c0000000)
  eden space 101888K, 0% used [0x0000000776200000,0x0000000776200000,0x000000077c580000)
  from space 2560K, 89% used [0x000000077c800000,0x000000077ca3e7b0,0x000000077ca80000)
  to   space 23040K, 0% used [0x000000077dc00000,0x000000077dc00000,0x000000077f280000)
 ParOldGen       total 168448K, used 59542K [0x00000006e2600000, 0x00000006eca80000, 0x0000000776200000)
  object space 168448K, 35% used [0x00000006e2600000,0x00000006e6025b20,0x00000006eca80000)
 Metaspace       used 28001K, capacity 29104K, committed 29184K, reserved 1075200K
  class space    used 3597K, capacity 3825K, committed 3840K, reserved 1048576K
}

Deoptimization events (10 events):
Event: 59.259 Thread 0x000000001e69d000 Uncommon trap: reason=intrinsic action=make_not_entrant pc=0x00000000037b2ebc method=com.sun.prism.impl.ps.BaseShaderGraphics.drawString(Lcom/sun/javafx/scene/text/GlyphList;Lcom/sun/javafx/font/FontStrike;FFLcom/sun/prism/paint/Color;II)V @ 559
Event: 60.156 Thread 0x000000001e69d000 Uncommon trap: reason=intrinsic action=make_not_entrant pc=0x00000000037d0930 method=com.sun.prism.impl.ps.BaseShaderGraphics.drawString(Lcom/sun/javafx/scene/text/GlyphList;Lcom/sun/javafx/font/FontStrike;FFLcom/sun/prism/paint/Color;II)V @ 572
Event: 70.121 Thread 0x000000001e6ba000 Uncommon trap: reason=unstable_if action=reinterpret pc=0x0000000002f5a670 method=com.sun.javafx.css.BitSet.add(Ljava/lang/Object;)Z @ 91
Event: 70.126 Thread 0x000000001e6ba000 Uncommon trap: reason=null_check action=make_not_entrant pc=0x0000000003445010 method=javafx.scene.Node$MiscProperties.getClip()Ljavafx/scene/Node; @ 20
Event: 70.126 Thread 0x000000001e6ba000 Uncommon trap: reason=null_check action=make_not_entrant pc=0x000000000352be28 method=javafx.scene.Node$MiscProperties.getClip()Ljavafx/scene/Node; @ 20
Event: 70.126 Thread 0x000000001e6ba000 Uncommon trap: reason=null_check action=make_not_entrant pc=0x00000000036b41e8 method=javafx.scene.Node$MiscProperties.getClip()Ljavafx/scene/Node; @ 20
Event: 70.130 Thread 0x000000001e69d000 Uncommon trap: reason=unstable_if action=reinterpret pc=0x000000000377e780 method=com.sun.javafx.sg.prism.NGNode.accumulateGroupDirtyRegion(Lcom/sun/javafx/geom/RectBounds;Lcom/sun/javafx/geom/RectBounds;Lcom/sun/javafx/geom/DirtyRegionPool;Lcom/sun/javaf
Event: 70.131 Thread 0x000000001e69d000 Uncommon trap: reason=class_check action=maybe_recompile pc=0x0000000003633398 method=com.sun.javafx.sg.prism.NGNode.markCullRegions(Lcom/sun/javafx/geom/DirtyRegionContainer;ILcom/sun/javafx/geom/transform/BaseTransform;Lcom/sun/javafx/geom/transform/Gen
Event: 70.151 Thread 0x000000001e69d000 Uncommon trap: reason=unstable_if action=reinterpret pc=0x00000000035b1cd0 method=com.sun.javafx.sg.prism.NGGroup.clearDirty()V @ 8
Event: 72.440 Thread 0x000000001e6ba000 Uncommon trap: reason=unstable_if action=reinterpret pc=0x000000000384ac04 method=com.sun.javafx.geom.transform.Translate2D.isIdentity()Z @ 15

Classes redefined (0 events):
No events

Internal exceptions (10 events):
Event: 70.126 Thread 0x000000001e6ba000 Implicit null exception at 0x000000000352b681 to 0x000000000352be11
Event: 70.126 Thread 0x000000001e6ba000 Implicit null exception at 0x00000000036b418e to 0x00000000036b41dd
Event: 78.417 Thread 0x0000000025b04800 Exception <a 'java/lang/RuntimeException'> (0x000000077633f068) thrown at [C:\re\workspace\8-2-build-windows-amd64-cygwin\jdk8u181\11358\hotspot\src\share\vm\prims\jni.cpp, line 709]
Event: 78.516 Thread 0x0000000025b04800 Exception <a 'java/lang/RuntimeException'> (0x0000000776341bd8) thrown at [C:\re\workspace\8-2-build-windows-amd64-cygwin\jdk8u181\11358\hotspot\src\share\vm\prims\jni.cpp, line 709]
Event: 78.611 Thread 0x0000000025b04800 Exception <a 'java/lang/RuntimeException'> (0x0000000776344558) thrown at [C:\re\workspace\8-2-build-windows-amd64-cygwin\jdk8u181\11358\hotspot\src\share\vm\prims\jni.cpp, line 709]
Event: 78.724 Thread 0x0000000025b04800 Exception <a 'java/lang/RuntimeException'> (0x0000000776346f80) thrown at [C:\re\workspace\8-2-build-windows-amd64-cygwin\jdk8u181\11358\hotspot\src\share\vm\prims\jni.cpp, line 709]
Event: 78.819 Thread 0x0000000025b04800 Exception <a 'java/lang/RuntimeException'> (0x0000000776349900) thrown at [C:\re\workspace\8-2-build-windows-amd64-cygwin\jdk8u181\11358\hotspot\src\share\vm\prims\jni.cpp, line 709]
Event: 78.916 Thread 0x0000000025b04800 Exception <a 'java/lang/RuntimeException'> (0x000000077634c280) thrown at [C:\re\workspace\8-2-build-windows-amd64-cygwin\jdk8u181\11358\hotspot\src\share\vm\prims\jni.cpp, line 709]
Event: 79.018 Thread 0x0000000025b04800 Exception <a 'java/lang/RuntimeException'> (0x000000077634ec00) thrown at [C:\re\workspace\8-2-build-windows-amd64-cygwin\jdk8u181\11358\hotspot\src\share\vm\prims\jni.cpp, line 709]
Event: 79.128 Thread 0x0000000025b04800 Exception <a 'java/lang/RuntimeException'> (0x0000000776351580) thrown at [C:\re\workspace\8-2-build-windows-amd64-cygwin\jdk8u181\11358\hotspot\src\share\vm\prims\jni.cpp, line 709]

Events (10 events):
Event: 78.142 Thread 0x000000001c991000 flushing nmethod 0x000000000340ce50
Event: 78.142 Thread 0x000000001c991000 flushing nmethod 0x0000000003437b10
Event: 78.155 Thread 0x000000001c991000 flushing nmethod 0x0000000003477bd0
Event: 78.155 Thread 0x000000001c991000 flushing nmethod 0x0000000003477fd0
Event: 78.155 Thread 0x000000001c991000 flushing nmethod 0x00000000034bf410
Event: 78.155 Thread 0x000000001c991000 flushing nmethod 0x00000000034feb50
Event: 78.155 Thread 0x000000001c991000 flushing nmethod 0x0000000003522890
Event: 78.155 Thread 0x000000001c991000 flushing nmethod 0x0000000003535c90
Event: 78.379 Thread 0x000000001c991000 flushing nmethod 0x0000000003577d50
Event: 78.379 Thread 0x000000001c991000 flushing nmethod 0x00000000035a4550


Dynamic libraries:
0x00007ff61c730000 - 0x00007ff61c767000 	C:\Program Files\Java\jre1.8.0_181\bin\javaw.exe
0x00007ff834eb0000 - 0x00007ff8350c7000 	C:\WINDOWS\SYSTEM32\ntdll.dll
0x00007ff833100000 - 0x00007ff8331c4000 	C:\WINDOWS\System32\KERNEL32.DLL
0x00007ff8323b0000 - 0x00007ff832783000 	C:\WINDOWS\System32\KERNELBASE.dll
0x00007ff80f100000 - 0x00007ff80f170000 	C:\Program Files (x86)\K7 Computing\K7TSecurity\K7CrvrEx64.dll
0x00007ff833720000 - 0x00007ff8338d1000 	C:\WINDOWS\System32\USER32.dll
0x00007ff832070000 - 0x00007ff832096000 	C:\WINDOWS\System32\win32u.dll
0x00007ff834b00000 - 0x00007ff834b29000 	C:\WINDOWS\System32\GDI32.dll
0x00007ff832290000 - 0x00007ff8323ab000 	C:\WINDOWS\System32\gdi32full.dll
0x00007ff831fd0000 - 0x00007ff83206a000 	C:\WINDOWS\System32\msvcp_win.dll
0x00007ff832a40000 - 0x00007ff832b51000 	C:\WINDOWS\System32\ucrtbase.dll
0x00007ff834da0000 - 0x00007ff834e51000 	C:\WINDOWS\System32\ADVAPI32.dll
0x00007ff832c00000 - 0x00007ff832ca7000 	C:\WINDOWS\System32\msvcrt.dll
0x00007ff8339f0000 - 0x00007ff833a98000 	C:\WINDOWS\System32\sechost.dll
0x00007ff8320a0000 - 0x00007ff8320c8000 	C:\WINDOWS\System32\bcrypt.dll
0x00007ff832fe0000 - 0x00007ff8330f4000 	C:\WINDOWS\System32\RPCRT4.dll
0x00007ff80f0a0000 - 0x00007ff80f0fc000 	C:\Program Files (x86)\K7 Computing\K7TSecurity\K7Crvr64.dll
0x00007ff8268e0000 - 0x00007ff826b78000 	C:\WINDOWS\WinSxS\amd64_microsoft.windows.common-controls_6595b64144ccf1df_6.0.22621.5124_none_270e8f4f7386d69d\COMCTL32.dll
0x00007ff832cb0000 - 0x00007ff832ce1000 	C:\WINDOWS\System32\IMM32.DLL
0x000000006bc50000 - 0x000000006bd22000 	C:\Program Files\Java\jre1.8.0_181\bin\msvcr100.dll
0x000000006bef0000 - 0x000000006c792000 	C:\Program Files\Java\jre1.8.0_181\bin\server\jvm.dll
0x00007ff832ea0000 - 0x00007ff832ea8000 	C:\WINDOWS\System32\PSAPI.DLL
0x00007ff82c120000 - 0x00007ff82c154000 	C:\WINDOWS\SYSTEM32\WINMM.dll
0x00007ff828970000 - 0x00007ff82897a000 	C:\WINDOWS\SYSTEM32\VERSION.dll
0x00007ff829530000 - 0x00007ff829539000 	C:\WINDOWS\SYSTEM32\WSOCK32.dll
0x00007ff834c90000 - 0x00007ff834d01000 	C:\WINDOWS\System32\WS2_32.dll
0x000000006be00000 - 0x000000006be0f000 	C:\Program Files\Java\jre1.8.0_181\bin\verify.dll
0x000000006bdd0000 - 0x000000006bdf9000 	C:\Program Files\Java\jre1.8.0_181\bin\java.dll
0x000000006bdb0000 - 0x000000006bdc6000 	C:\Program Files\Java\jre1.8.0_181\bin\zip.dll
0x00007ff833bb0000 - 0x00007ff834446000 	C:\WINDOWS\System32\SHELL32.dll
0x00007ff8320d0000 - 0x00007ff83220f000 	C:\WINDOWS\System32\wintypes.dll
0x00007ff8331d0000 - 0x00007ff833562000 	C:\WINDOWS\System32\combase.dll
0x00007ff82feb0000 - 0x00007ff8307ca000 	C:\WINDOWS\SYSTEM32\windows.storage.dll
0x00007ff8338e0000 - 0x00007ff8339ea000 	C:\WINDOWS\System32\SHCORE.dll
0x00007ff834450000 - 0x00007ff8344b3000 	C:\WINDOWS\System32\shlwapi.dll
0x00007ff831f00000 - 0x00007ff831f2b000 	C:\WINDOWS\SYSTEM32\profapi.dll
0x0000000002820000 - 0x0000000002823000 	C:\Program Files\Java\jre1.8.0_181\bin\api-ms-win-core-console-l1-1-0.dll
0x0000000002830000 - 0x0000000002833000 	C:\Program Files\Java\jre1.8.0_181\bin\api-ms-win-core-datetime-l1-1-0.dll
0x000000001edf0000 - 0x000000001edf3000 	C:\Program Files\Java\jre1.8.0_181\bin\api-ms-win-core-debug-l1-1-0.dll
0x000000001ee00000 - 0x000000001ee03000 	C:\Program Files\Java\jre1.8.0_181\bin\api-ms-win-core-errorhandling-l1-1-0.dll
0x000000001ee10000 - 0x000000001ee14000 	C:\Program Files\Java\jre1.8.0_181\bin\api-ms-win-core-file-l1-1-0.dll
0x000000001ee20000 - 0x000000001ee23000 	C:\Program Files\Java\jre1.8.0_181\bin\api-ms-win-core-file-l1-2-0.dll
0x000000001ee30000 - 0x000000001ee33000 	C:\Program Files\Java\jre1.8.0_181\bin\api-ms-win-core-file-l2-1-0.dll
0x000000001ee40000 - 0x000000001ee43000 	C:\Program Files\Java\jre1.8.0_181\bin\api-ms-win-core-handle-l1-1-0.dll
0x000000001ee50000 - 0x000000001ee53000 	C:\Program Files\Java\jre1.8.0_181\bin\api-ms-win-core-heap-l1-1-0.dll
0x000000001ee60000 - 0x000000001ee63000 	C:\Program Files\Java\jre1.8.0_181\bin\api-ms-win-core-interlocked-l1-1-0.dll
0x000000001ee70000 - 0x000000001ee73000 	C:\Program Files\Java\jre1.8.0_181\bin\api-ms-win-core-libraryloader-l1-1-0.dll
0x000000001ee80000 - 0x000000001ee83000 	C:\Program Files\Java\jre1.8.0_181\bin\api-ms-win-core-localization-l1-2-0.dll
0x000000001ee90000 - 0x000000001ee93000 	C:\Program Files\Java\jre1.8.0_181\bin\api-ms-win-core-memory-l1-1-0.dll
0x000000001eea0000 - 0x000000001eea3000 	C:\Program Files\Java\jre1.8.0_181\bin\api-ms-win-core-namedpipe-l1-1-0.dll
0x000000001eeb0000 - 0x000000001eeb3000 	C:\Program Files\Java\jre1.8.0_181\bin\api-ms-win-core-processenvironment-l1-1-0.dll
0x000000001eec0000 - 0x000000001eec3000 	C:\Program Files\Java\jre1.8.0_181\bin\api-ms-win-core-processthreads-l1-1-0.dll
0x000000001eed0000 - 0x000000001eed3000 	C:\Program Files\Java\jre1.8.0_181\bin\api-ms-win-core-processthreads-l1-1-1.dll
0x000000001eee0000 - 0x000000001eee3000 	C:\Program Files\Java\jre1.8.0_181\bin\api-ms-win-core-profile-l1-1-0.dll
0x000000001eef0000 - 0x000000001eef3000 	C:\Program Files\Java\jre1.8.0_181\bin\api-ms-win-core-rtlsupport-l1-1-0.dll
0x000000001ef00000 - 0x000000001ef03000 	C:\Program Files\Java\jre1.8.0_181\bin\api-ms-win-core-string-l1-1-0.dll
0x000000001ef10000 - 0x000000001ef13000 	C:\Program Files\Java\jre1.8.0_181\bin\api-ms-win-core-synch-l1-1-0.dll
0x000000001ef20000 - 0x000000001ef23000 	C:\Program Files\Java\jre1.8.0_181\bin\api-ms-win-core-synch-l1-2-0.dll
0x000000001ef30000 - 0x000000001ef33000 	C:\Program Files\Java\jre1.8.0_181\bin\api-ms-win-core-sysinfo-l1-1-0.dll
0x000000001ef40000 - 0x000000001ef43000 	C:\Program Files\Java\jre1.8.0_181\bin\api-ms-win-core-timezone-l1-1-0.dll
0x000000001ef50000 - 0x000000001ef53000 	C:\Program Files\Java\jre1.8.0_181\bin\api-ms-win-core-util-l1-1-0.dll
0x000000001ef60000 - 0x000000001ef63000 	C:\Program Files\Java\jre1.8.0_181\bin\api-ms-win-crt-conio-l1-1-0.dll
0x000000001ef70000 - 0x000000001ef74000 	C:\Program Files\Java\jre1.8.0_181\bin\api-ms-win-crt-convert-l1-1-0.dll
0x000000001ef80000 - 0x000000001ef83000 	C:\Program Files\Java\jre1.8.0_181\bin\api-ms-win-crt-environment-l1-1-0.dll
0x000000001ef90000 - 0x000000001ef93000 	C:\Program Files\Java\jre1.8.0_181\bin\api-ms-win-crt-filesystem-l1-1-0.dll
0x000000001efa0000 - 0x000000001efa3000 	C:\Program Files\Java\jre1.8.0_181\bin\api-ms-win-crt-heap-l1-1-0.dll
0x000000001efb0000 - 0x000000001efb3000 	C:\Program Files\Java\jre1.8.0_181\bin\api-ms-win-crt-locale-l1-1-0.dll
0x000000001efc0000 - 0x000000001efc5000 	C:\Program Files\Java\jre1.8.0_181\bin\api-ms-win-crt-math-l1-1-0.dll
0x000000001efd0000 - 0x000000001efd5000 	C:\Program Files\Java\jre1.8.0_181\bin\api-ms-win-crt-multibyte-l1-1-0.dll
0x000000001efe0000 - 0x000000001eff0000 	C:\Program Files\Java\jre1.8.0_181\bin\api-ms-win-crt-private-l1-1-0.dll
0x000000001eff0000 - 0x000000001eff3000 	C:\Program Files\Java\jre1.8.0_181\bin\api-ms-win-crt-process-l1-1-0.dll
0x000000001f000000 - 0x000000001f004000 	C:\Program Files\Java\jre1.8.0_181\bin\api-ms-win-crt-runtime-l1-1-0.dll
0x000000001f010000 - 0x000000001f014000 	C:\Program Files\Java\jre1.8.0_181\bin\api-ms-win-crt-stdio-l1-1-0.dll
0x000000001f020000 - 0x000000001f024000 	C:\Program Files\Java\jre1.8.0_181\bin\api-ms-win-crt-string-l1-1-0.dll
0x000000001f030000 - 0x000000001f033000 	C:\Program Files\Java\jre1.8.0_181\bin\api-ms-win-crt-time-l1-1-0.dll
0x000000001f040000 - 0x000000001f043000 	C:\Program Files\Java\jre1.8.0_181\bin\api-ms-win-crt-utility-l1-1-0.dll
0x00007ffff4490000 - 0x00007ffff4586000 	C:\Program Files\Java\jre1.8.0_181\bin\ucrtbase.dll
0x00007ff829060000 - 0x00007ff829076000 	C:\Program Files\Java\jre1.8.0_181\bin\vcruntime140.dll
0x00007ff818500000 - 0x00007ff81859c000 	C:\Program Files\Java\jre1.8.0_181\bin\msvcp140.dll
0x00007ff817b10000 - 0x00007ff817b61000 	C:\Program Files\Java\jre1.8.0_181\bin\concrt140.dll
0x000000006bc20000 - 0x000000006bc43000 	C:\Program Files\Java\jre1.8.0_181\bin\prism_d3d.dll
0x00007fffd52f0000 - 0x00007fffd5498000 	C:\WINDOWS\system32\d3d9.dll
0x00007ff82f3a0000 - 0x00007ff82f3cb000 	C:\WINDOWS\SYSTEM32\dwmapi.dll
0x00007ff82f190000 - 0x00007ff82f1c7000 	C:\WINDOWS\SYSTEM32\dxcore.dll
0x00007ff82f080000 - 0x00007ff82f133000 	C:\WINDOWS\system32\uxtheme.dll
0x00007ff814830000 - 0x00007ff8149eb000 	C:\WINDOWS\System32\DriverStore\FileRepository\u0404276.inf_amd64_b6ae906c9d4ab767\B403905\aticfx64.dll
0x00007ff829600000 - 0x00007ff829634000 	C:\WINDOWS\System32\DriverStore\FileRepository\u0404276.inf_amd64_b6ae906c9d4ab767\B403905\atiu9p64.dll
0x00007fffa6840000 - 0x00007fffa7587000 	C:\WINDOWS\System32\DriverStore\FileRepository\u0404276.inf_amd64_b6ae906c9d4ab767\B403905\atiumd64.dll
0x00007ff833570000 - 0x00007ff833711000 	C:\WINDOWS\System32\ole32.dll
0x00007ff82fae0000 - 0x00007ff82fd12000 	C:\WINDOWS\SYSTEM32\dbghelp.dll
0x00007ff832d10000 - 0x00007ff832de7000 	C:\WINDOWS\System32\OLEAUT32.dll
0x00007ff829dd0000 - 0x00007ff829e02000 	C:\WINDOWS\SYSTEM32\dbgcore.DLL
0x000000006c8d0000 - 0x000000006d7e3000 	C:\WINDOWS\System32\DriverStore\FileRepository\u0404276.inf_amd64_b6ae906c9d4ab767\B403905\atiumd6a.dll
0x00007ff8344c0000 - 0x00007ff834934000 	C:\WINDOWS\System32\SETUPAPI.dll
0x00007ff831df0000 - 0x00007ff831e3d000 	C:\WINDOWS\SYSTEM32\POWRPROF.dll
0x00007ff831cd0000 - 0x00007ff831ce3000 	C:\WINDOWS\SYSTEM32\UMPDC.dll
0x00007ff8126d0000 - 0x00007ff812705000 	C:\WINDOWS\SYSTEM32\amdihk64.dll
0x00007ff820d80000 - 0x00007ff820dc9000 	C:\WINDOWS\SYSTEM32\directxdatabasehelper.dll
0x00007ff830fe0000 - 0x00007ff830ff8000 	C:\WINDOWS\SYSTEM32\kernel.appcore.dll
0x000000006bbd0000 - 0x000000006bc19000 	C:\Program Files\Java\jre1.8.0_181\bin\glass.dll
0x00007ff833aa0000 - 0x00007ff833ba3000 	C:\WINDOWS\System32\COMDLG32.dll
0x00007ff834b30000 - 0x00007ff834c90000 	C:\WINDOWS\System32\MSCTF.dll
0x00007ff8329c0000 - 0x00007ff832a3b000 	C:\WINDOWS\System32\bcryptPrimitives.dll
0x00007ffff35a0000 - 0x00007ffff368f000 	C:\Users\gauth\.javacpp\cache\opencv-3.2.0-1.3-windows-x86_64.jar\org\bytedeco\javacpp\windows-x86_64\msvcr120.dll
0x00007ffff34f0000 - 0x00007ffff3596000 	C:\Users\gauth\.javacpp\cache\opencv-3.2.0-1.3-windows-x86_64.jar\org\bytedeco\javacpp\windows-x86_64\msvcp120.dll
0x00007ffff1d50000 - 0x00007ffff1fd8000 	C:\Users\gauth\.javacpp\cache\opencv-3.2.0-1.3-windows-x86_64.jar\org\bytedeco\javacpp\windows-x86_64\opencv_core320.dll
0x00007ffff19e0000 - 0x00007ffff1d42000 	C:\Users\gauth\.javacpp\cache\opencv-3.2.0-1.3-windows-x86_64.jar\org\bytedeco\javacpp\windows-x86_64\opencv_imgproc320.dll
0x00007ffff15e0000 - 0x00007ffff182a000 	C:\Users\gauth\.javacpp\cache\opencv-3.2.0-1.3-windows-x86_64.jar\org\bytedeco\javacpp\windows-x86_64\jniopencv_core.dll
0x000000006bd90000 - 0x000000006bdaa000 	C:\Program Files\Java\jre1.8.0_181\bin\net.dll
0x00007ff831480000 - 0x00007ff8314ea000 	C:\WINDOWS\system32\mswsock.dll
0x000000006bd70000 - 0x000000006bd81000 	C:\Program Files\Java\jre1.8.0_181\bin\nio.dll
0x000000006ba30000 - 0x000000006bbc9000 	C:\Program Files\Java\jre1.8.0_181\bin\awt.dll
0x00007ff82ddc0000 - 0x00007ff82de57000 	C:\WINDOWS\SYSTEM32\apphelp.dll
0x000000006ba10000 - 0x000000006ba24000 	C:\Program Files\Java\jre1.8.0_181\bin\javafx_font.dll
0x00007ff82c890000 - 0x00007ff82cb03000 	C:\WINDOWS\SYSTEM32\dwrite.dll
0x00007ff832eb0000 - 0x00007ff832f60000 	C:\WINDOWS\System32\clbcatq.dll
0x00007ff82ee80000 - 0x00007ff82f030000 	C:\WINDOWS\SYSTEM32\WindowsCodecs.dll
0x00007ff811130000 - 0x00007ff81118e000 	C:\WINDOWS\system32\dataexchange.dll
0x00007ff82bb20000 - 0x00007ff82bdc6000 	C:\WINDOWS\system32\twinapi.appcore.dll
0x00007ff81deb0000 - 0x00007ff81dee2000 	C:\Program Files\Common Files\Microsoft Shared\Ink\rtscom.dll
0x00007ff811190000 - 0x00007ff8112d4000 	C:\WINDOWS\SYSTEM32\textinputframework.dll
0x00007ff82da10000 - 0x00007ff82db45000 	C:\WINDOWS\SYSTEM32\CoreMessaging.dll
0x00007ff816c10000 - 0x00007ff816f7c000 	C:\WINDOWS\SYSTEM32\CoreUIComponents.dll
0x00007ff8316f0000 - 0x00007ff8316fc000 	C:\WINDOWS\SYSTEM32\CRYPTBASE.DLL
0x000000006b9e0000 - 0x000000006ba03000 	C:\Program Files\Java\jre1.8.0_181\bin\javafx_iio.dll
0x00007ff803b80000 - 0x00007ff803fca000 	C:\WINDOWS\SYSTEM32\UIAutomationCore.DLL
0x00007ff80fca0000 - 0x00007ff80fd51000 	C:\Windows\System32\OneCoreCommonProxyStub.dll
0x000000006b9c0000 - 0x000000006b9d2000 	C:\Program Files\Java\jre1.8.0_181\bin\prism_common.dll

VM Arguments:
jvm_args: -Djava.library.path=C:\Users\Administrator\Desktop\opencv\build\java\x64 -Dfile.encoding=Cp1252 
java_command: application.Main
java_class_path (initial): C:\faceautheclipse\ExoVisix\target\classes;C:\faceautheclipse\ExoVisix\bin\opencv-341.jar;C:\Users\gauth\Downloads\lib\lib\rt.jar;C:\Users\gauth\Downloads\lib\lib\servlet-api.jar;C:\Users\gauth\Downloads\lib\lib\system-2.1.jar;C:\Users\gauth\Downloads\lib\lib\xmlbeans-xpath-2.3.0.jar;C:\Users\gauth\Downloads\lib\lib\poi-ooxml-3.8.jar;C:\Users\gauth\Downloads\lib\lib\poi-scratchpad-3.2-FINAL.jar;C:\Users\gauth\Downloads\lib\lib\jsoup-1.9.2.jar;C:\Users\gauth\Downloads\lib\lib\jsoup-1.15.4.jar;C:\Users\gauth\Downloads\lib\lib\jsp-api.jar;C:\Users\gauth\Downloads\lib\lib\jstl.jar;C:\Users\gauth\Downloads\lib\lib\mysql-connector-java-5.0.4-bin.jar;C:\Users\gauth\Downloads\lib\lib\mysql-connector-java-5.1.22-bin.jar;C:\Users\gauth\Downloads\lib\lib\oreilly-2001-12-23.jar;C:\Users\gauth\Downloads\lib\lib\org.json.jar;C:\Users\gauth\Downloads\lib\lib\poi-3.2-FINAL.jar;C:\Users\gauth\Downloads\lib\lib\poi-contrib-3.2-FINAL-20081019.jar;C:\Users\gauth\Downloads\lib\lib\itextpdf-5.5.6.jar;C:\Users\gauth\Downloads\lib\lib\java-json.jar;C:\Users\gauth\Downloads\lib\lib\java-mail-1.4.4.jar;C:\Users\gauth\Downloads\lib\lib\javax.json-1.0.jar;C:\Users\gauth\Downloads\lib\lib\javax.mail.jar;C:\Users\gauth\Downloads\lib\lib\jcommon-1.0.16.jar;C:\Users\gauth\Downloads\lib\lib\jfreechart-1.0.0.jar;C:\Users\gauth\Downloads\lib\lib\httpunit-1.5.3.jar;C:\Users\gauth\Downloads\lib\lib\itext-1.3.jar;C:\Users\gauth\Downloads\lib\lib\itextpdf-5.4.3.jar;C:\Users\gauth\Downloads\lib\lib\activation.jar;C:\Users\gauth\Downloads\lib\lib\bean.jar;C:\Users\gauth\Downloads\lib\lib\cos.jar;C:\Users\gauth\Downloads\lib\lib\cos-multipart.jar;C:\Users\gauth\Downloads\lib\lib\Filters.jar;C:\Users\gauth\.m2\repository\org\bytedeco\javacv-platform\1.3.2\javacv-platform-1.3.2.jar;C:\Users\gauth\.m2\repository\org\bytedeco\javacv\1.3.2\javacv-1.3.2.jar;C:\Users\gauth\.m2\repository\org\bytedeco\javacpp\1.3.2\javacpp-1.3.2.jar;C:\Users\gauth\.m2\repository\org\bytedeco\javacpp-pre
Launcher Type: SUN_STANDARD

Environment Variables:
PATH=C:/Program Files/Java/jre1.8.0_181/bin/server;C:/Program Files/Java/jre1.8.0_181/bin;C:/Program Files/Java/jre1.8.0_181/lib/amd64;C:\Program Files (x86)\Common Files\Oracle\Java\javapath;C:\WINDOWS\system32;C:\WINDOWS;C:\WINDOWS\System32\Wbem;C:\WINDOWS\System32\WindowsPowerShell\v1.0\;C:\WINDOWS\System32\OpenSSH\;C:\Users\gauth\AppData\Local\Microsoft\WindowsApps;;C:\Users\gauth\AppData\Local\Programs\Microsoft VS Code\bin;C:\Users\gauth\Downloads\wetransfer_juno-zip_2025-01-21_0844\Eclipse\Eclipse\eclipse;
USERNAME=gauth
OS=Windows_NT
PROCESSOR_IDENTIFIER=AMD64 Family 23 Model 104 Stepping 1, AuthenticAMD



---------------  S Y S T E M  ---------------

OS: Windows 10.0 , 64 bit Build 22621 (10.0.22621.5124)

CPU:total 12 (initial active 12) (12 cores per cpu, 1 threads per core) family 23 model 104 stepping 1, cmov, cx8, fxsr, mmx, sse, sse2, sse3, ssse3, sse4.1, sse4.2, popcnt, avx, avx2, aes, clmul, mmxext, 3dnowpref, lzcnt, sse4a, tsc, tscinvbit, tscinv, bmi1

Memory: 4k page, physical 14521848k(8240980k free), swap 53276096k(41848980k free)

vm_info: Java HotSpot(TM) 64-Bit Server VM (25.181-b13) for windows-amd64 JRE (1.8.0_181-b13), built on Jul  7 2018 04:01:33 by "java_re" with MS VC++ 10.0 (VS2010)

time: Thu Apr 03 23:30:26 2025
elapsed time: 79 seconds (0d 0h 1m 19s)

