#
# A fatal error has been detected by the Java Runtime Environment:
#
#  EXCEPTION_UNCAUGHT_CXX_EXCEPTION (0xe06d7363) at pc=0x00007ff83241016c, pid=7952, tid=0x0000000000001e6c
#
# JRE version: Java(TM) SE Runtime Environment (8.0_181-b13) (build 1.8.0_181-b13)
# Java VM: Java HotSpot(TM) 64-Bit Server VM (25.181-b13 mixed mode windows-amd64 compressed oops)
# Problematic frame:
# C  [KERNELBASE.dll+0x6016c]
#
# Failed to write core dump. Minidumps are not enabled by default on client versions of Windows
#
# If you would like to submit a bug report, please visit:
#   http://bugreport.java.com/bugreport/crash.jsp
# The crash happened outside the Java Virtual Machine in native code.
# See problematic frame for where to report the bug.
#

---------------  T H R E A D  ---------------

Current thread (0x00000000261d3000):  JavaThread "Thread-5" [_thread_in_native, id=7788, stack(0x0000000034f80000,0x0000000035080000)]

siginfo: ExceptionCode=0xe06d7363, ExceptionInformation=0x0000000019930520 0x000000003506eef0 0x00007fffa663cd78 0x00007fffa63f0000 

Registers:
RAX=0x0000000000000000, RBX=0x00007fffa663cd78, RCX=0x0000000000000000, RDX=0x0000000000000000
RSP=0x000000003506ed60, RBP=0x000000003506eea0, RSI=0x00007fffa65cd5f8, RDI=0x000000003506eef0
R8 =0x0000000000000000, R9 =0x0000000000000000, R10=0x0000000000000000, R11=0x0000000000000000
R12=0x00000000ffffffe5, R13=0x0000000000000000, R14=0x00007fffa65cd520, R15=0x000000003507f098
RIP=0x00007ff83241016c, EFLAGS=0x0000000000000206

Top of Stack: (sp=0x000000003506ed60)
0x000000003506ed60:   0000000000000000 00007fffa663cd78
0x000000003506ed70:   00007fffa65cd5f8 0000000000000000
0x000000003506ed80:   00000081e06d7363 0000000000000000
0x000000003506ed90:   00007ff83241016c 0000000000000004
0x000000003506eda0:   0000000019930520 000000003506eef0
0x000000003506edb0:   00007fffa663cd78 00007fffa63f0000
0x000000003506edc0:   0000000000000000 00007fffc3f6a158
0x000000003506edd0:   0000000000000000 00007fffa663cd78
0x000000003506ede0:   00007fffa65cd520 00007ff834f26c2f
0x000000003506edf0:   000000003506eeb0 00007fffa665f000
0x000000003506ee00:   00007fffa65cd5f8 000000003506eef0
0x000000003506ee10:   00007fffa665f000 00007fffa63f0000
0x000000003506ee20:   000010ba40ac6eb8 00007fffc3fdc4d0
0x000000003506ee30:   00007fffa663cd78 00007fffc3f5ef63
0x000000003506ee40:   000000003506eef0 00007fffc3f2eb8d
0x000000003506ee50:   00007fffc3fdc4d0 00007fffa65cd5f8 

Instructions: (pc=0x00007ff83241016c)
0x00007ff83241014c:   0f 46 c0 44 8b c0 44 89 44 24 38 49 c1 e0 03 e8
0x00007ff83241015c:   97 3b 09 00 48 8d 4c 24 20 48 ff 15 54 73 22 00
0x00007ff83241016c:   0f 1f 44 00 00 48 8b 8c 24 c0 00 00 00 48 33 cc
0x00007ff83241017c:   e8 3f 0f 05 00 48 81 c4 d8 00 00 00 c3 cc 83 64 


Register to memory mapping:

RAX=0x0000000000000000 is an unknown value
RBX=0x00007fffa663cd78 is an unknown value
RCX=0x0000000000000000 is an unknown value
RDX=0x0000000000000000 is an unknown value
RSP=0x000000003506ed60 is pointing into the stack for thread: 0x00000000261d3000
RBP=0x000000003506eea0 is pointing into the stack for thread: 0x00000000261d3000
RSI=0x00007fffa65cd5f8 is an unknown value
RDI=0x000000003506eef0 is pointing into the stack for thread: 0x00000000261d3000
R8 =0x0000000000000000 is an unknown value
R9 =0x0000000000000000 is an unknown value
R10=0x0000000000000000 is an unknown value
R11=0x0000000000000000 is an unknown value
R12=0x00000000ffffffe5 is an unknown value
R13=0x0000000000000000 is an unknown value
R14=0x00007fffa65cd520 is an unknown value
R15=0x000000003507f098 is pointing into the stack for thread: 0x00000000261d3000


Stack: [0x0000000034f80000,0x0000000035080000],  sp=0x000000003506ed60,  free space=955k
Native frames: (J=compiled Java code, j=interpreted, Vv=VM code, C=native code)
C  [KERNELBASE.dll+0x6016c]
C  [msvcr120.dll+0x5ef63]
C  [opencv_core320.dll+0x1a2c34]
C  [opencv_core320.dll+0x1a2d76]
C  [opencv_core320.dll+0x5ac08]
C  [jniopencv_core.dll+0xb644b]
C  0x0000000003328627

Java frames: (J=compiled Java code, j=interpreted, Vv=VM code)
j  org.bytedeco.javacpp.opencv_core.cvClearMemStorage(Lorg/bytedeco/javacpp/opencv_core$CvMemStorage;)V+0
j  application.FaceDetector.run()V+243
j  java.lang.Thread.run()V+11
v  ~StubRoutines::call_stub

---------------  P R O C E S S  ---------------

Java Threads: ( => current thread )
  0x00000000261d1800 JavaThread "Timer-0" daemon [_thread_blocked, id=7028, stack(0x0000000035180000,0x0000000035280000)]
=>0x00000000261d3000 JavaThread "Thread-5" [_thread_in_native, id=7788, stack(0x0000000034f80000,0x0000000035080000)]
  0x00000000261d2000 JavaThread "Prism Font Disposer" daemon [_thread_blocked, id=19424, stack(0x0000000028db0000,0x0000000028eb0000)]
  0x000000001f0ad800 JavaThread "AWT-Windows" daemon [_thread_in_native, id=10684, stack(0x0000000028670000,0x0000000028770000)]
  0x000000001f0ac800 JavaThread "Java2D Disposer" daemon [_thread_blocked, id=20800, stack(0x0000000028470000,0x0000000028570000)]
  0x000000001f0b0800 JavaThread "JavaCPP Deallocator" daemon [_thread_blocked, id=16824, stack(0x0000000028020000,0x0000000028120000)]
  0x000000001f0ab000 JavaThread "Thread-3" daemon [_thread_in_native, id=8604, stack(0x0000000025c80000,0x0000000025d80000)]
  0x000000001f0af000 JavaThread "JavaFX-Launcher" [_thread_blocked, id=18684, stack(0x0000000025d80000,0x0000000025e80000)]
  0x000000001f0ae000 JavaThread "JavaFX Application Thread" [_thread_in_native, id=16408, stack(0x0000000020c40000,0x0000000020d40000)]
  0x000000001f0b2000 JavaThread "Thread-1" daemon [_thread_blocked, id=17784, stack(0x0000000020b40000,0x0000000020c40000)]
  0x000000001f0ac000 JavaThread "QuantumRenderer-0" daemon [_thread_blocked, id=2444, stack(0x000000001fa30000,0x000000001fb30000)]
  0x000000001d40d000 JavaThread "Service Thread" daemon [_thread_blocked, id=16348, stack(0x000000001ede0000,0x000000001eee0000)]
  0x000000001d375800 JavaThread "C1 CompilerThread3" daemon [_thread_blocked, id=20088, stack(0x000000001ece0000,0x000000001ede0000)]
  0x000000001d373800 JavaThread "C2 CompilerThread2" daemon [_thread_blocked, id=4048, stack(0x000000001ebe0000,0x000000001ece0000)]
  0x000000001bc6e800 JavaThread "C2 CompilerThread1" daemon [_thread_blocked, id=14980, stack(0x000000001eae0000,0x000000001ebe0000)]
  0x000000001d36d800 JavaThread "C2 CompilerThread0" daemon [_thread_blocked, id=10348, stack(0x000000001e9e0000,0x000000001eae0000)]
  0x000000001d36a800 JavaThread "Attach Listener" daemon [_thread_blocked, id=21372, stack(0x000000001e8e0000,0x000000001e9e0000)]
  0x000000001d369800 JavaThread "Signal Dispatcher" daemon [_thread_blocked, id=12620, stack(0x000000001e7e0000,0x000000001e8e0000)]
  0x000000001d353800 JavaThread "Finalizer" daemon [_thread_blocked, id=12188, stack(0x000000001e5d0000,0x000000001e6d0000)]
  0x000000001bc5e000 JavaThread "Reference Handler" daemon [_thread_blocked, id=15464, stack(0x000000001e4d0000,0x000000001e5d0000)]
  0x000000000320e800 JavaThread "main" [_thread_blocked, id=4928, stack(0x00000000030e0000,0x00000000031e0000)]

Other Threads:
  0x000000001d331800 VMThread [stack: 0x000000001e3d0000,0x000000001e4d0000] [id=16972]
  0x000000001d43f800 WatcherThread [stack: 0x000000001eee0000,0x000000001efe0000] [id=11212]

VM state:not at safepoint (normal execution)

VM Mutex/Monitor currently owned by a thread: None

Heap:
 PSYoungGen      total 66560K, used 31622K [0x0000000776200000, 0x000000077c100000, 0x00000007c0000000)
  eden space 57344K, 45% used [0x0000000776200000,0x0000000777b994a8,0x0000000779a00000)
  from space 9216K, 58% used [0x0000000779a00000,0x0000000779f48440,0x000000077a300000)
  to   space 9216K, 0% used [0x000000077b800000,0x000000077b800000,0x000000077c100000)
 ParOldGen       total 163840K, used 38351K [0x00000006e2600000, 0x00000006ec600000, 0x0000000776200000)
  object space 163840K, 23% used [0x00000006e2600000,0x00000006e4b73e50,0x00000006ec600000)
 Metaspace       used 26567K, capacity 27590K, committed 27904K, reserved 1073152K
  class space    used 3557K, capacity 3790K, committed 3840K, reserved 1048576K

Card table byte_map: [0x00000000126d0000,0x0000000012dc0000] byte_map_base: 0x000000000efbd000

Marking Bits: (ParMarkBitMap*) 0x000000006c842d00
 Begin Bits: [0x0000000013c60000, 0x00000000173c8000)
 End Bits:   [0x00000000173c8000, 0x000000001ab30000)

Polling page: 0x0000000002e20000

CodeCache: size=245760Kb used=11306Kb max_used=11306Kb free=234453Kb
 bounds [0x0000000003310000, 0x0000000003e30000, 0x0000000012310000]
 total_blobs=4310 nmethods=3413 adapters=810
 compilation: enabled

Compilation events (10 events):
Event: 12.745 Thread 0x000000001d375800 3409       1       sun.java2d.loops.GraphicsPrimitive::getUniqueID (5 bytes)
Event: 12.746 Thread 0x000000001d375800 nmethod 3409 0x0000000003e1e550 code [0x0000000003e1e6a0, 0x0000000003e1e7b0]
Event: 12.746 Thread 0x000000001d375800 3411       3       java.util.TimSort::binarySort (223 bytes)
Event: 12.746 Thread 0x000000001d375800 nmethod 3411 0x0000000003e1e810 code [0x0000000003e1e9e0, 0x0000000003e1f3d8]
Event: 12.746 Thread 0x000000001d375800 3410       3       sun.java2d.loops.GraphicsPrimitiveMgr$1::compare (39 bytes)
Event: 12.746 Thread 0x000000001d375800 nmethod 3410 0x0000000003e1f850 code [0x0000000003e1f9c0, 0x0000000003e1fed0]
Event: 12.746 Thread 0x000000001d375800 3412       3       sun.java2d.loops.GraphicsPrimitiveMgr$2::compare (39 bytes)
Event: 12.747 Thread 0x000000001d375800 nmethod 3412 0x0000000003e1ffd0 code [0x0000000003e20140, 0x0000000003e205d0]
Event: 12.747 Thread 0x000000001d375800 3413       1       sun.java2d.loops.CompositeType::getSuperType (5 bytes)
Event: 12.747 Thread 0x000000001d375800 nmethod 3413 0x0000000003e20710 code [0x0000000003e20860, 0x0000000003e20970]

GC Heap History (8 events):
Event: 1.490 GC heap before
{Heap before GC invocations=1 (full 0):
 PSYoungGen      total 66560K, used 57344K [0x0000000776200000, 0x000000077ac00000, 0x00000007c0000000)
  eden space 57344K, 100% used [0x0000000776200000,0x0000000779a00000,0x0000000779a00000)
  from space 9216K, 0% used [0x000000077a300000,0x000000077a300000,0x000000077ac00000)
  to   space 9216K, 0% used [0x0000000779a00000,0x0000000779a00000,0x000000077a300000)
 ParOldGen       total 151552K, used 0K [0x00000006e2600000, 0x00000006eba00000, 0x0000000776200000)
  object space 151552K, 0% used [0x00000006e2600000,0x00000006e2600000,0x00000006eba00000)
 Metaspace       used 15774K, capacity 16232K, committed 16512K, reserved 1062912K
  class space    used 1978K, capacity 2145K, committed 2176K, reserved 1048576K
Event: 1.496 GC heap after
Heap after GC invocations=1 (full 0):
 PSYoungGen      total 66560K, used 6169K [0x0000000776200000, 0x000000077ac00000, 0x00000007c0000000)
  eden space 57344K, 0% used [0x0000000776200000,0x0000000776200000,0x0000000779a00000)
  from space 9216K, 66% used [0x0000000779a00000,0x000000077a006668,0x000000077a300000)
  to   space 9216K, 0% used [0x000000077a300000,0x000000077a300000,0x000000077ac00000)
 ParOldGen       total 151552K, used 80K [0x00000006e2600000, 0x00000006eba00000, 0x0000000776200000)
  object space 151552K, 0% used [0x00000006e2600000,0x00000006e2614010,0x00000006eba00000)
 Metaspace       used 15774K, capacity 16232K, committed 16512K, reserved 1062912K
  class space    used 1978K, capacity 2145K, committed 2176K, reserved 1048576K
}
Event: 2.081 GC heap before
{Heap before GC invocations=2 (full 0):
 PSYoungGen      total 66560K, used 57436K [0x0000000776200000, 0x000000077ac00000, 0x00000007c0000000)
  eden space 57344K, 89% used [0x0000000776200000,0x0000000779410b38,0x0000000779a00000)
  from space 9216K, 66% used [0x0000000779a00000,0x000000077a006668,0x000000077a300000)
  to   space 9216K, 0% used [0x000000077a300000,0x000000077a300000,0x000000077ac00000)
 ParOldGen       total 151552K, used 80K [0x00000006e2600000, 0x00000006eba00000, 0x0000000776200000)
  object space 151552K, 0% used [0x00000006e2600000,0x00000006e2614010,0x00000006eba00000)
 Metaspace       used 20426K, capacity 21226K, committed 21248K, reserved 1067008K
  class space    used 2853K, capacity 3062K, committed 3072K, reserved 1048576K
Event: 2.099 GC heap after
Heap after GC invocations=2 (full 0):
 PSYoungGen      total 66560K, used 9195K [0x0000000776200000, 0x000000077e400000, 0x00000007c0000000)
  eden space 57344K, 0% used [0x0000000776200000,0x0000000776200000,0x0000000779a00000)
  from space 9216K, 99% used [0x000000077a300000,0x000000077abfafb8,0x000000077ac00000)
  to   space 9216K, 0% used [0x0000000779a00000,0x0000000779a00000,0x000000077a300000)
 ParOldGen       total 151552K, used 29272K [0x00000006e2600000, 0x00000006eba00000, 0x0000000776200000)
  object space 151552K, 19% used [0x00000006e2600000,0x00000006e4296258,0x00000006eba00000)
 Metaspace       used 20426K, capacity 21226K, committed 21248K, reserved 1067008K
  class space    used 2853K, capacity 3062K, committed 3072K, reserved 1048576K
}
Event: 2.099 GC heap before
{Heap before GC invocations=3 (full 1):
 PSYoungGen      total 66560K, used 9195K [0x0000000776200000, 0x000000077e400000, 0x00000007c0000000)
  eden space 57344K, 0% used [0x0000000776200000,0x0000000776200000,0x0000000779a00000)
  from space 9216K, 99% used [0x000000077a300000,0x000000077abfafb8,0x000000077ac00000)
  to   space 9216K, 0% used [0x0000000779a00000,0x0000000779a00000,0x000000077a300000)
 ParOldGen       total 151552K, used 29272K [0x00000006e2600000, 0x00000006eba00000, 0x0000000776200000)
  object space 151552K, 19% used [0x00000006e2600000,0x00000006e4296258,0x00000006eba00000)
 Metaspace       used 20426K, capacity 21226K, committed 21248K, reserved 1067008K
  class space    used 2853K, capacity 3062K, committed 3072K, reserved 1048576K
Event: 2.139 GC heap after
Heap after GC invocations=3 (full 1):
 PSYoungGen      total 66560K, used 0K [0x0000000776200000, 0x000000077e400000, 0x00000007c0000000)
  eden space 57344K, 0% used [0x0000000776200000,0x0000000776200000,0x0000000779a00000)
  from space 9216K, 0% used [0x000000077a300000,0x000000077a300000,0x000000077ac00000)
  to   space 9216K, 0% used [0x0000000779a00000,0x0000000779a00000,0x000000077a300000)
 ParOldGen       total 163840K, used 38343K [0x00000006e2600000, 0x00000006ec600000, 0x0000000776200000)
  object space 163840K, 23% used [0x00000006e2600000,0x00000006e4b71e50,0x00000006ec600000)
 Metaspace       used 20426K, capacity 21226K, committed 21248K, reserved 1067008K
  class space    used 2853K, capacity 3062K, committed 3072K, reserved 1048576K
}
Event: 7.999 GC heap before
{Heap before GC invocations=4 (full 1):
 PSYoungGen      total 66560K, used 57344K [0x0000000776200000, 0x000000077e400000, 0x00000007c0000000)
  eden space 57344K, 100% used [0x0000000776200000,0x0000000779a00000,0x0000000779a00000)
  from space 9216K, 0% used [0x000000077a300000,0x000000077a300000,0x000000077ac00000)
  to   space 9216K, 0% used [0x0000000779a00000,0x0000000779a00000,0x000000077a300000)
 ParOldGen       total 163840K, used 38343K [0x00000006e2600000, 0x00000006ec600000, 0x0000000776200000)
  object space 163840K, 23% used [0x00000006e2600000,0x00000006e4b71e50,0x00000006ec600000)
 Metaspace       used 23648K, capacity 24678K, committed 24832K, reserved 1071104K
  class space    used 3311K, capacity 3550K, committed 3584K, reserved 1048576K
Event: 8.002 GC heap after
Heap after GC invocations=4 (full 1):
 PSYoungGen      total 66560K, used 5409K [0x0000000776200000, 0x000000077c100000, 0x00000007c0000000)
  eden space 57344K, 0% used [0x0000000776200000,0x0000000776200000,0x0000000779a00000)
  from space 9216K, 58% used [0x0000000779a00000,0x0000000779f48440,0x000000077a300000)
  to   space 9216K, 0% used [0x000000077b800000,0x000000077b800000,0x000000077c100000)
 ParOldGen       total 163840K, used 38351K [0x00000006e2600000, 0x00000006ec600000, 0x0000000776200000)
  object space 163840K, 23% used [0x00000006e2600000,0x00000006e4b73e50,0x00000006ec600000)
 Metaspace       used 23648K, capacity 24678K, committed 24832K, reserved 1071104K
  class space    used 3311K, capacity 3550K, committed 3584K, reserved 1048576K
}

Deoptimization events (10 events):
Event: 8.190 Thread 0x000000001f0ae000 Uncommon trap: reason=unstable_if action=reinterpret pc=0x000000000364d248 method=java.net.URI.match(CJJ)Z @ 19
Event: 8.323 Thread 0x000000001f0ae000 Uncommon trap: reason=array_check action=maybe_recompile pc=0x0000000003a35a6c method=com.sun.javafx.css.CompoundSelector.applies(Ljavafx/css/Styleable;[Ljava/util/Set;I)Z @ 128
Event: 8.323 Thread 0x000000001f0ae000 Uncommon trap: reason=array_check action=maybe_recompile pc=0x0000000003a35a6c method=com.sun.javafx.css.CompoundSelector.applies(Ljavafx/css/Styleable;[Ljava/util/Set;I)Z @ 128
Event: 8.323 Thread 0x000000001f0ae000 Uncommon trap: reason=array_check action=maybe_recompile pc=0x0000000003a35a6c method=com.sun.javafx.css.CompoundSelector.applies(Ljavafx/css/Styleable;[Ljava/util/Set;I)Z @ 128
Event: 8.323 Thread 0x000000001f0ae000 Uncommon trap: reason=array_check action=maybe_recompile pc=0x0000000003a35a6c method=com.sun.javafx.css.CompoundSelector.applies(Ljavafx/css/Styleable;[Ljava/util/Set;I)Z @ 128
Event: 8.340 Thread 0x000000001f0ae000 Uncommon trap: reason=unstable_if action=reinterpret pc=0x00000000038ff970 method=com.sun.javafx.css.BitSet.add(Ljava/lang/Object;)Z @ 91
Event: 8.342 Thread 0x000000001f0ae000 Uncommon trap: reason=class_check action=maybe_recompile pc=0x0000000003d32dc0 method=javafx.scene.Node.updateLocalToParentTransform()V @ 11
Event: 8.342 Thread 0x000000001f0ae000 Uncommon trap: reason=class_check action=maybe_recompile pc=0x0000000003d32dc0 method=javafx.scene.Node.updateLocalToParentTransform()V @ 11
Event: 8.342 Thread 0x000000001f0ae000 Uncommon trap: reason=class_check action=maybe_recompile pc=0x0000000003d32dc0 method=javafx.scene.Node.updateLocalToParentTransform()V @ 11
Event: 8.342 Thread 0x000000001f0ae000 Uncommon trap: reason=class_check action=maybe_recompile pc=0x0000000003d32dc0 method=javafx.scene.Node.updateLocalToParentTransform()V @ 11

Classes redefined (0 events):
No events

Internal exceptions (10 events):
Event: 1.353 Thread 0x000000001f0ae000 Exception <a 'java/lang/ArrayIndexOutOfBoundsException'> (0x0000000778e46ef0) thrown at [C:\re\workspace\8-2-build-windows-amd64-cygwin\jdk8u181\11358\hotspot\src\share\vm\runtime\sharedRuntime.cpp, line 605]
Event: 1.354 Thread 0x000000001f0ae000 Exception <a 'java/lang/ArrayIndexOutOfBoundsException'> (0x0000000778e48298) thrown at [C:\re\workspace\8-2-build-windows-amd64-cygwin\jdk8u181\11358\hotspot\src\share\vm\runtime\sharedRuntime.cpp, line 605]
Event: 1.362 Thread 0x000000001f0ae000 Exception <a 'java/lang/ArrayIndexOutOfBoundsException'> (0x0000000778f3b988) thrown at [C:\re\workspace\8-2-build-windows-amd64-cygwin\jdk8u181\11358\hotspot\src\share\vm\runtime\sharedRuntime.cpp, line 605]
Event: 1.362 Thread 0x000000001f0ae000 Exception <a 'java/lang/ArrayIndexOutOfBoundsException'> (0x0000000778f3cd78) thrown at [C:\re\workspace\8-2-build-windows-amd64-cygwin\jdk8u181\11358\hotspot\src\share\vm\runtime\sharedRuntime.cpp, line 605]
Event: 1.484 Thread 0x000000001f0ae000 Exception <a 'java/lang/ArrayIndexOutOfBoundsException': 58> (0x00000007797f2af0) thrown at [C:\re\workspace\8-2-build-windows-amd64-cygwin\jdk8u181\11358\hotspot\src\share\vm\interpreter\interpreterRuntime.cpp, line 366]
Event: 1.553 Thread 0x000000001f0ae000 Implicit null exception at 0x00000000036c8eb5 to 0x00000000036c90e1
Event: 1.674 Thread 0x000000001f0ae000 Exception <a 'java/io/FileNotFoundException'> (0x0000000776bde288) thrown at [C:\re\workspace\8-2-build-windows-amd64-cygwin\jdk8u181\11358\hotspot\src\share\vm\prims\jni.cpp, line 709]
Event: 2.071 Thread 0x000000001f0ae000 Implicit null exception at 0x0000000003925130 to 0x0000000003925675
Event: 8.124 Thread 0x000000001f0ae000 Implicit null exception at 0x00000000035614d6 to 0x0000000003561865
Event: 10.847 Thread 0x00000000261d3000 Exception <a 'java/lang/NullPointerException'> (0x0000000776f84d80) thrown at [C:\re\workspace\8-2-build-windows-amd64-cygwin\jdk8u181\11358\hotspot\src\share\vm\interpreter\linkResolver.cpp, line 1185]

Events (10 events):
Event: 12.740 loading class sun/java2d/loops/GraphicsPrimitiveProxy
Event: 12.741 loading class sun/java2d/loops/GraphicsPrimitiveProxy done
Event: 12.741 loading class sun/java2d/loops/GeneralRenderer
Event: 12.741 loading class sun/java2d/loops/GeneralRenderer done
Event: 12.745 loading class sun/java2d/loops/GraphicsPrimitiveMgr$1
Event: 12.745 loading class sun/java2d/loops/GraphicsPrimitiveMgr$1 done
Event: 12.745 loading class sun/java2d/loops/GraphicsPrimitiveMgr$2
Event: 12.745 loading class sun/java2d/loops/GraphicsPrimitiveMgr$2 done
Event: 12.745 loading class sun/java2d/loops/GraphicsPrimitiveMgr$PrimitiveSpec
Event: 12.745 loading class sun/java2d/loops/GraphicsPrimitiveMgr$PrimitiveSpec done


Dynamic libraries:
0x00007ff647da0000 - 0x00007ff647dd7000 	C:\Program Files\Java\jre1.8.0_181\bin\javaw.exe
0x00007ff834eb0000 - 0x00007ff8350c7000 	C:\WINDOWS\SYSTEM32\ntdll.dll
0x00007ff833100000 - 0x00007ff8331c4000 	C:\WINDOWS\System32\KERNEL32.DLL
0x00007ff8323b0000 - 0x00007ff832783000 	C:\WINDOWS\System32\KERNELBASE.dll
0x00007ff80f100000 - 0x00007ff80f170000 	C:\Program Files (x86)\K7 Computing\K7TSecurity\K7CrvrEx64.dll
0x00007ff833720000 - 0x00007ff8338d1000 	C:\WINDOWS\System32\USER32.dll
0x00007ff832070000 - 0x00007ff832096000 	C:\WINDOWS\System32\win32u.dll
0x00007ff834b00000 - 0x00007ff834b29000 	C:\WINDOWS\System32\GDI32.dll
0x00007ff832290000 - 0x00007ff8323ab000 	C:\WINDOWS\System32\gdi32full.dll
0x00007ff831fd0000 - 0x00007ff83206a000 	C:\WINDOWS\System32\msvcp_win.dll
0x00007ff832a40000 - 0x00007ff832b51000 	C:\WINDOWS\System32\ucrtbase.dll
0x00007ff834da0000 - 0x00007ff834e51000 	C:\WINDOWS\System32\ADVAPI32.dll
0x00007ff832c00000 - 0x00007ff832ca7000 	C:\WINDOWS\System32\msvcrt.dll
0x00007ff8339f0000 - 0x00007ff833a98000 	C:\WINDOWS\System32\sechost.dll
0x00007ff8320a0000 - 0x00007ff8320c8000 	C:\WINDOWS\System32\bcrypt.dll
0x00007ff832fe0000 - 0x00007ff8330f4000 	C:\WINDOWS\System32\RPCRT4.dll
0x00007ff80f0a0000 - 0x00007ff80f0fc000 	C:\Program Files (x86)\K7 Computing\K7TSecurity\K7Crvr64.dll
0x00007ff8268e0000 - 0x00007ff826b78000 	C:\WINDOWS\WinSxS\amd64_microsoft.windows.common-controls_6595b64144ccf1df_6.0.22621.5124_none_270e8f4f7386d69d\COMCTL32.dll
0x00007ff832cb0000 - 0x00007ff832ce1000 	C:\WINDOWS\System32\IMM32.DLL
0x000000006bd90000 - 0x000000006be62000 	C:\Program Files\Java\jre1.8.0_181\bin\msvcr100.dll
0x000000006c020000 - 0x000000006c8c2000 	C:\Program Files\Java\jre1.8.0_181\bin\server\jvm.dll
0x00007ff832ea0000 - 0x00007ff832ea8000 	C:\WINDOWS\System32\PSAPI.DLL
0x00007ff828970000 - 0x00007ff82897a000 	C:\WINDOWS\SYSTEM32\VERSION.dll
0x00007ff815fe0000 - 0x00007ff815fe9000 	C:\WINDOWS\SYSTEM32\WSOCK32.dll
0x00007ff82c120000 - 0x00007ff82c154000 	C:\WINDOWS\SYSTEM32\WINMM.dll
0x00007ff834c90000 - 0x00007ff834d01000 	C:\WINDOWS\System32\WS2_32.dll
0x000000006bf30000 - 0x000000006bf3f000 	C:\Program Files\Java\jre1.8.0_181\bin\verify.dll
0x000000006bf00000 - 0x000000006bf29000 	C:\Program Files\Java\jre1.8.0_181\bin\java.dll
0x000000006bee0000 - 0x000000006bef6000 	C:\Program Files\Java\jre1.8.0_181\bin\zip.dll
0x00007ff833bb0000 - 0x00007ff834446000 	C:\WINDOWS\System32\SHELL32.dll
0x00007ff8320d0000 - 0x00007ff83220f000 	C:\WINDOWS\System32\wintypes.dll
0x00007ff8331d0000 - 0x00007ff833562000 	C:\WINDOWS\System32\combase.dll
0x00007ff82feb0000 - 0x00007ff8307ca000 	C:\WINDOWS\SYSTEM32\windows.storage.dll
0x00007ff8338e0000 - 0x00007ff8339ea000 	C:\WINDOWS\System32\SHCORE.dll
0x00007ff834450000 - 0x00007ff8344b3000 	C:\WINDOWS\System32\shlwapi.dll
0x00007ff831f00000 - 0x00007ff831f2b000 	C:\WINDOWS\SYSTEM32\profapi.dll
0x0000000003050000 - 0x0000000003053000 	C:\Program Files\Java\jre1.8.0_181\bin\api-ms-win-core-console-l1-1-0.dll
0x00000000031e0000 - 0x00000000031e3000 	C:\Program Files\Java\jre1.8.0_181\bin\api-ms-win-core-datetime-l1-1-0.dll
0x00000000031f0000 - 0x00000000031f3000 	C:\Program Files\Java\jre1.8.0_181\bin\api-ms-win-core-debug-l1-1-0.dll
0x000000001f7e0000 - 0x000000001f7e3000 	C:\Program Files\Java\jre1.8.0_181\bin\api-ms-win-core-errorhandling-l1-1-0.dll
0x000000001f7f0000 - 0x000000001f7f4000 	C:\Program Files\Java\jre1.8.0_181\bin\api-ms-win-core-file-l1-1-0.dll
0x000000001f800000 - 0x000000001f803000 	C:\Program Files\Java\jre1.8.0_181\bin\api-ms-win-core-file-l1-2-0.dll
0x000000001f810000 - 0x000000001f813000 	C:\Program Files\Java\jre1.8.0_181\bin\api-ms-win-core-file-l2-1-0.dll
0x000000001f820000 - 0x000000001f823000 	C:\Program Files\Java\jre1.8.0_181\bin\api-ms-win-core-handle-l1-1-0.dll
0x000000001f830000 - 0x000000001f833000 	C:\Program Files\Java\jre1.8.0_181\bin\api-ms-win-core-heap-l1-1-0.dll
0x000000001f840000 - 0x000000001f843000 	C:\Program Files\Java\jre1.8.0_181\bin\api-ms-win-core-interlocked-l1-1-0.dll
0x000000001f850000 - 0x000000001f853000 	C:\Program Files\Java\jre1.8.0_181\bin\api-ms-win-core-libraryloader-l1-1-0.dll
0x000000001f860000 - 0x000000001f863000 	C:\Program Files\Java\jre1.8.0_181\bin\api-ms-win-core-localization-l1-2-0.dll
0x000000001f870000 - 0x000000001f873000 	C:\Program Files\Java\jre1.8.0_181\bin\api-ms-win-core-memory-l1-1-0.dll
0x000000001f880000 - 0x000000001f883000 	C:\Program Files\Java\jre1.8.0_181\bin\api-ms-win-core-namedpipe-l1-1-0.dll
0x000000001f890000 - 0x000000001f893000 	C:\Program Files\Java\jre1.8.0_181\bin\api-ms-win-core-processenvironment-l1-1-0.dll
0x000000001f8a0000 - 0x000000001f8a3000 	C:\Program Files\Java\jre1.8.0_181\bin\api-ms-win-core-processthreads-l1-1-0.dll
0x000000001f8b0000 - 0x000000001f8b3000 	C:\Program Files\Java\jre1.8.0_181\bin\api-ms-win-core-processthreads-l1-1-1.dll
0x000000001f8c0000 - 0x000000001f8c3000 	C:\Program Files\Java\jre1.8.0_181\bin\api-ms-win-core-profile-l1-1-0.dll
0x000000001f8d0000 - 0x000000001f8d3000 	C:\Program Files\Java\jre1.8.0_181\bin\api-ms-win-core-rtlsupport-l1-1-0.dll
0x000000001f8e0000 - 0x000000001f8e3000 	C:\Program Files\Java\jre1.8.0_181\bin\api-ms-win-core-string-l1-1-0.dll
0x000000001f8f0000 - 0x000000001f8f3000 	C:\Program Files\Java\jre1.8.0_181\bin\api-ms-win-core-synch-l1-1-0.dll
0x000000001f900000 - 0x000000001f903000 	C:\Program Files\Java\jre1.8.0_181\bin\api-ms-win-core-synch-l1-2-0.dll
0x000000001f910000 - 0x000000001f913000 	C:\Program Files\Java\jre1.8.0_181\bin\api-ms-win-core-sysinfo-l1-1-0.dll
0x000000001f920000 - 0x000000001f923000 	C:\Program Files\Java\jre1.8.0_181\bin\api-ms-win-core-timezone-l1-1-0.dll
0x000000001f930000 - 0x000000001f933000 	C:\Program Files\Java\jre1.8.0_181\bin\api-ms-win-core-util-l1-1-0.dll
0x000000001f940000 - 0x000000001f943000 	C:\Program Files\Java\jre1.8.0_181\bin\api-ms-win-crt-conio-l1-1-0.dll
0x000000001f950000 - 0x000000001f954000 	C:\Program Files\Java\jre1.8.0_181\bin\api-ms-win-crt-convert-l1-1-0.dll
0x000000001f960000 - 0x000000001f963000 	C:\Program Files\Java\jre1.8.0_181\bin\api-ms-win-crt-environment-l1-1-0.dll
0x000000001f970000 - 0x000000001f973000 	C:\Program Files\Java\jre1.8.0_181\bin\api-ms-win-crt-filesystem-l1-1-0.dll
0x000000001f980000 - 0x000000001f983000 	C:\Program Files\Java\jre1.8.0_181\bin\api-ms-win-crt-heap-l1-1-0.dll
0x000000001f990000 - 0x000000001f993000 	C:\Program Files\Java\jre1.8.0_181\bin\api-ms-win-crt-locale-l1-1-0.dll
0x000000001f9a0000 - 0x000000001f9a5000 	C:\Program Files\Java\jre1.8.0_181\bin\api-ms-win-crt-math-l1-1-0.dll
0x000000001f9b0000 - 0x000000001f9b5000 	C:\Program Files\Java\jre1.8.0_181\bin\api-ms-win-crt-multibyte-l1-1-0.dll
0x000000001f9c0000 - 0x000000001f9d0000 	C:\Program Files\Java\jre1.8.0_181\bin\api-ms-win-crt-private-l1-1-0.dll
0x000000001f9d0000 - 0x000000001f9d3000 	C:\Program Files\Java\jre1.8.0_181\bin\api-ms-win-crt-process-l1-1-0.dll
0x000000001f9e0000 - 0x000000001f9e4000 	C:\Program Files\Java\jre1.8.0_181\bin\api-ms-win-crt-runtime-l1-1-0.dll
0x000000001f9f0000 - 0x000000001f9f4000 	C:\Program Files\Java\jre1.8.0_181\bin\api-ms-win-crt-stdio-l1-1-0.dll
0x000000001fa00000 - 0x000000001fa04000 	C:\Program Files\Java\jre1.8.0_181\bin\api-ms-win-crt-string-l1-1-0.dll
0x000000001fa10000 - 0x000000001fa13000 	C:\Program Files\Java\jre1.8.0_181\bin\api-ms-win-crt-time-l1-1-0.dll
0x000000001fa20000 - 0x000000001fa23000 	C:\Program Files\Java\jre1.8.0_181\bin\api-ms-win-crt-utility-l1-1-0.dll
0x00007fffe1ad0000 - 0x00007fffe1bc6000 	C:\Program Files\Java\jre1.8.0_181\bin\ucrtbase.dll
0x00007ff82e0b0000 - 0x00007ff82e0c6000 	C:\Program Files\Java\jre1.8.0_181\bin\vcruntime140.dll
0x00007ff815d30000 - 0x00007ff815dcc000 	C:\Program Files\Java\jre1.8.0_181\bin\msvcp140.dll
0x00007ffff35e0000 - 0x00007ffff3631000 	C:\Program Files\Java\jre1.8.0_181\bin\concrt140.dll
0x000000006bd60000 - 0x000000006bd83000 	C:\Program Files\Java\jre1.8.0_181\bin\prism_d3d.dll
0x00007ff818380000 - 0x00007ff818528000 	C:\WINDOWS\system32\d3d9.dll
0x00007ff82f3a0000 - 0x00007ff82f3cb000 	C:\WINDOWS\SYSTEM32\dwmapi.dll
0x00007ff82f190000 - 0x00007ff82f1c7000 	C:\WINDOWS\SYSTEM32\dxcore.dll
0x00007ff82f080000 - 0x00007ff82f133000 	C:\WINDOWS\system32\uxtheme.dll
0x00007ff814830000 - 0x00007ff8149eb000 	C:\WINDOWS\System32\DriverStore\FileRepository\u0404276.inf_amd64_b6ae906c9d4ab767\B403905\aticfx64.dll
0x00007fffdab80000 - 0x00007fffdabb4000 	C:\WINDOWS\System32\DriverStore\FileRepository\u0404276.inf_amd64_b6ae906c9d4ab767\B403905\atiu9p64.dll
0x00007fffd4900000 - 0x00007fffd5647000 	C:\WINDOWS\System32\DriverStore\FileRepository\u0404276.inf_amd64_b6ae906c9d4ab767\B403905\atiumd64.dll
0x00007ff833570000 - 0x00007ff833711000 	C:\WINDOWS\System32\ole32.dll
0x00007ff82fae0000 - 0x00007ff82fd12000 	C:\WINDOWS\SYSTEM32\dbghelp.dll
0x00007ff832d10000 - 0x00007ff832de7000 	C:\WINDOWS\System32\OLEAUT32.dll
0x00007ff829dd0000 - 0x00007ff829e02000 	C:\WINDOWS\SYSTEM32\dbgcore.DLL
0x000000006c8d0000 - 0x000000006d7e3000 	C:\WINDOWS\System32\DriverStore\FileRepository\u0404276.inf_amd64_b6ae906c9d4ab767\B403905\atiumd6a.dll
0x00007ff8344c0000 - 0x00007ff834934000 	C:\WINDOWS\System32\SETUPAPI.dll
0x00007ff831df0000 - 0x00007ff831e3d000 	C:\WINDOWS\SYSTEM32\POWRPROF.dll
0x00007ff831cd0000 - 0x00007ff831ce3000 	C:\WINDOWS\SYSTEM32\UMPDC.dll
0x00007ff8126d0000 - 0x00007ff812705000 	C:\WINDOWS\SYSTEM32\amdihk64.dll
0x00007ff820d80000 - 0x00007ff820dc9000 	C:\WINDOWS\SYSTEM32\directxdatabasehelper.dll
0x00007ff830fe0000 - 0x00007ff830ff8000 	C:\WINDOWS\SYSTEM32\kernel.appcore.dll
0x000000006bd10000 - 0x000000006bd59000 	C:\Program Files\Java\jre1.8.0_181\bin\glass.dll
0x00007ff833aa0000 - 0x00007ff833ba3000 	C:\WINDOWS\System32\COMDLG32.dll
0x00007ff834b30000 - 0x00007ff834c90000 	C:\WINDOWS\System32\MSCTF.dll
0x00007ff8329c0000 - 0x00007ff832a3b000 	C:\WINDOWS\System32\bcryptPrimitives.dll
0x00007fffc3f00000 - 0x00007fffc3fef000 	C:\Users\gauth\.javacpp\cache\opencv-3.2.0-1.3-windows-x86_64.jar\org\bytedeco\javacpp\windows-x86_64\msvcr120.dll
0x00007fffc20f0000 - 0x00007fffc2196000 	C:\Users\gauth\.javacpp\cache\opencv-3.2.0-1.3-windows-x86_64.jar\org\bytedeco\javacpp\windows-x86_64\msvcp120.dll
0x00007fffa63f0000 - 0x00007fffa6678000 	C:\Users\gauth\.javacpp\cache\opencv-3.2.0-1.3-windows-x86_64.jar\org\bytedeco\javacpp\windows-x86_64\opencv_core320.dll
0x00007fff9b170000 - 0x00007fff9b4d2000 	C:\Users\gauth\.javacpp\cache\opencv-3.2.0-1.3-windows-x86_64.jar\org\bytedeco\javacpp\windows-x86_64\opencv_imgproc320.dll
0x00007fff9c8d0000 - 0x00007fff9cb1a000 	C:\Users\gauth\.javacpp\cache\opencv-3.2.0-1.3-windows-x86_64.jar\org\bytedeco\javacpp\windows-x86_64\jniopencv_core.dll
0x000000006bec0000 - 0x000000006beda000 	C:\Program Files\Java\jre1.8.0_181\bin\net.dll
0x00007ff831480000 - 0x00007ff8314ea000 	C:\WINDOWS\system32\mswsock.dll
0x000000006bea0000 - 0x000000006beb1000 	C:\Program Files\Java\jre1.8.0_181\bin\nio.dll
0x000000006bb70000 - 0x000000006bd09000 	C:\Program Files\Java\jre1.8.0_181\bin\awt.dll
0x00007ff82ddc0000 - 0x00007ff82de57000 	C:\WINDOWS\SYSTEM32\apphelp.dll
0x000000006bb50000 - 0x000000006bb64000 	C:\Program Files\Java\jre1.8.0_181\bin\javafx_font.dll
0x00007ff82c890000 - 0x00007ff82cb03000 	C:\WINDOWS\SYSTEM32\dwrite.dll
0x00007ff832eb0000 - 0x00007ff832f60000 	C:\WINDOWS\System32\clbcatq.dll
0x00007ff82ee80000 - 0x00007ff82f030000 	C:\WINDOWS\SYSTEM32\WindowsCodecs.dll
0x00007ff814780000 - 0x00007ff8147de000 	C:\WINDOWS\system32\dataexchange.dll
0x00007ff82bb20000 - 0x00007ff82bdc6000 	C:\WINDOWS\system32\twinapi.appcore.dll
0x00007ff828f40000 - 0x00007ff828f72000 	C:\Program Files\Common Files\Microsoft Shared\Ink\rtscom.dll
0x00007ff811190000 - 0x00007ff8112d4000 	C:\WINDOWS\SYSTEM32\textinputframework.dll
0x00007ff82da10000 - 0x00007ff82db45000 	C:\WINDOWS\SYSTEM32\CoreMessaging.dll
0x00007ff816c10000 - 0x00007ff816f7c000 	C:\WINDOWS\SYSTEM32\CoreUIComponents.dll
0x00007ff8316f0000 - 0x00007ff8316fc000 	C:\WINDOWS\SYSTEM32\CRYPTBASE.DLL
0x000000006bb20000 - 0x000000006bb43000 	C:\Program Files\Java\jre1.8.0_181\bin\javafx_iio.dll
0x00007ff8027d0000 - 0x00007ff802c1a000 	C:\WINDOWS\SYSTEM32\UIAutomationCore.DLL
0x00007ff80fca0000 - 0x00007ff80fd51000 	C:\Windows\System32\OneCoreCommonProxyStub.dll
0x000000006bb00000 - 0x000000006bb12000 	C:\Program Files\Java\jre1.8.0_181\bin\prism_common.dll

VM Arguments:
jvm_args: -Djava.library.path=C:\Users\Administrator\Desktop\opencv\build\java\x64 -Dfile.encoding=Cp1252 
java_command: application.Main
java_class_path (initial): C:\faceautheclipse\ExoVisix\target\classes;C:\faceautheclipse\ExoVisix\bin\opencv-341.jar;C:\Users\gauth\Downloads\lib\lib\rt.jar;C:\Users\gauth\Downloads\lib\lib\servlet-api.jar;C:\Users\gauth\Downloads\lib\lib\system-2.1.jar;C:\Users\gauth\Downloads\lib\lib\xmlbeans-xpath-2.3.0.jar;C:\Users\gauth\Downloads\lib\lib\poi-ooxml-3.8.jar;C:\Users\gauth\Downloads\lib\lib\poi-scratchpad-3.2-FINAL.jar;C:\Users\gauth\Downloads\lib\lib\jsoup-1.9.2.jar;C:\Users\gauth\Downloads\lib\lib\jsoup-1.15.4.jar;C:\Users\gauth\Downloads\lib\lib\jsp-api.jar;C:\Users\gauth\Downloads\lib\lib\jstl.jar;C:\Users\gauth\Downloads\lib\lib\mysql-connector-java-5.0.4-bin.jar;C:\Users\gauth\Downloads\lib\lib\mysql-connector-java-5.1.22-bin.jar;C:\Users\gauth\Downloads\lib\lib\oreilly-2001-12-23.jar;C:\Users\gauth\Downloads\lib\lib\org.json.jar;C:\Users\gauth\Downloads\lib\lib\poi-3.2-FINAL.jar;C:\Users\gauth\Downloads\lib\lib\poi-contrib-3.2-FINAL-20081019.jar;C:\Users\gauth\Downloads\lib\lib\itextpdf-5.5.6.jar;C:\Users\gauth\Downloads\lib\lib\java-json.jar;C:\Users\gauth\Downloads\lib\lib\java-mail-1.4.4.jar;C:\Users\gauth\Downloads\lib\lib\javax.json-1.0.jar;C:\Users\gauth\Downloads\lib\lib\javax.mail.jar;C:\Users\gauth\Downloads\lib\lib\jcommon-1.0.16.jar;C:\Users\gauth\Downloads\lib\lib\jfreechart-1.0.0.jar;C:\Users\gauth\Downloads\lib\lib\httpunit-1.5.3.jar;C:\Users\gauth\Downloads\lib\lib\itext-1.3.jar;C:\Users\gauth\Downloads\lib\lib\itextpdf-5.4.3.jar;C:\Users\gauth\Downloads\lib\lib\activation.jar;C:\Users\gauth\Downloads\lib\lib\bean.jar;C:\Users\gauth\Downloads\lib\lib\cos.jar;C:\Users\gauth\Downloads\lib\lib\cos-multipart.jar;C:\Users\gauth\Downloads\lib\lib\Filters.jar;C:\Users\gauth\.m2\repository\org\bytedeco\javacv-platform\1.3.2\javacv-platform-1.3.2.jar;C:\Users\gauth\.m2\repository\org\bytedeco\javacv\1.3.2\javacv-1.3.2.jar;C:\Users\gauth\.m2\repository\org\bytedeco\javacpp\1.3.2\javacpp-1.3.2.jar;C:\Users\gauth\.m2\repository\org\bytedeco\javacpp-pre
Launcher Type: SUN_STANDARD

Environment Variables:
PATH=C:/Program Files/Java/jre1.8.0_181/bin/server;C:/Program Files/Java/jre1.8.0_181/bin;C:/Program Files/Java/jre1.8.0_181/lib/amd64;C:\Program Files (x86)\Common Files\Oracle\Java\javapath;C:\WINDOWS\system32;C:\WINDOWS;C:\WINDOWS\System32\Wbem;C:\WINDOWS\System32\WindowsPowerShell\v1.0\;C:\WINDOWS\System32\OpenSSH\;C:\Users\gauth\AppData\Local\Microsoft\WindowsApps;;C:\Users\gauth\AppData\Local\Programs\Microsoft VS Code\bin;C:\Users\gauth\Downloads\wetransfer_juno-zip_2025-01-21_0844\Eclipse\Eclipse\eclipse;
USERNAME=gauth
OS=Windows_NT
PROCESSOR_IDENTIFIER=AMD64 Family 23 Model 104 Stepping 1, AuthenticAMD



---------------  S Y S T E M  ---------------

OS: Windows 10.0 , 64 bit Build 22621 (10.0.22621.5124)

CPU:total 12 (initial active 12) (12 cores per cpu, 1 threads per core) family 23 model 104 stepping 1, cmov, cx8, fxsr, mmx, sse, sse2, sse3, ssse3, sse4.1, sse4.2, popcnt, avx, avx2, aes, clmul, mmxext, 3dnowpref, lzcnt, sse4a, tsc, tscinvbit, tscinv, bmi1

Memory: 4k page, physical 14521848k(7177472k free), swap 53189084k(41917960k free)

vm_info: Java HotSpot(TM) 64-Bit Server VM (25.181-b13) for windows-amd64 JRE (1.8.0_181-b13), built on Jul  7 2018 04:01:33 by "java_re" with MS VC++ 10.0 (VS2010)

time: Fri Apr 04 10:31:17 2025
elapsed time: 12 seconds (0d 0h 0m 12s)

