#
# A fatal error has been detected by the Java Runtime Environment:
#
#  EXCEPTION_UNCAUGHT_CXX_EXCEPTION (0xe06d7363) at pc=0x00007ff83241016c, pid=13896, tid=0x00000000000012f0
#
# JRE version: Java(TM) SE Runtime Environment (8.0_181-b13) (build 1.8.0_181-b13)
# Java VM: Java HotSpot(TM) 64-Bit Server VM (25.181-b13 mixed mode windows-amd64 compressed oops)
# Problematic frame:
# C  [KERNELBASE.dll+0x6016c]
#
# Failed to write core dump. Minidumps are not enabled by default on client versions of Windows
#
# If you would like to submit a bug report, please visit:
#   http://bugreport.java.com/bugreport/crash.jsp
# The crash happened outside the Java Virtual Machine in native code.
# See problematic frame for where to report the bug.
#

---------------  T H R E A D  ---------------

Current thread (0x0000000026767000):  JavaThread "Thread-5" [_thread_in_native, id=4848, stack(0x0000000034e50000,0x0000000034f50000)]

siginfo: ExceptionCode=0xe06d7363, ExceptionInformation=0x0000000019930520 0x0000000034f3ee00 0x00007ffff1f9cd78 0x00007ffff1d50000 

Registers:
RAX=0x0000000000000000, RBX=0x00007ffff1f9cd78, RCX=0x0000000000000000, RDX=0x0000000000000000
RSP=0x0000000034f3ec70, RBP=0x0000000034f3edb0, RSI=0x00007ffff1f2d5f8, RDI=0x0000000034f3ee00
R8 =0x0000000000000000, R9 =0x0000000000000000, R10=0x0000000000000000, R11=0x0000000000000000
R12=0x00000000ffffffe5, R13=0x0000000000000000, R14=0x00007ffff1f2d520, R15=0x0000000034f4efa8
RIP=0x00007ff83241016c, EFLAGS=0x0000000000000206

Top of Stack: (sp=0x0000000034f3ec70)
0x0000000034f3ec70:   0000000000000000 00007ffff1f9cd78
0x0000000034f3ec80:   00007ffff1f2d5f8 0000000000000000
0x0000000034f3ec90:   00000081e06d7363 0000000000000000
0x0000000034f3eca0:   00007ff83241016c 0000000000000004
0x0000000034f3ecb0:   0000000019930520 0000000034f3ee00
0x0000000034f3ecc0:   00007ffff1f9cd78 00007ffff1d50000
0x0000000034f3ecd0:   0000000000000000 00007ffff360a158
0x0000000034f3ece0:   0000000000000000 00007ffff1f9cd78
0x0000000034f3ecf0:   00007ffff1f2d520 00007ff834f26c2f
0x0000000034f3ed00:   0000000034f3edc0 00007ffff1fbf000
0x0000000034f3ed10:   00007ffff1f2d5f8 0000000034f3ee00
0x0000000034f3ed20:   00007ffff1fbf000 00007ffff1d50000
0x0000000034f3ed30:   0000cccd2bf81e3d 00007ffff367c4d0
0x0000000034f3ed40:   00007ffff1f9cd78 00007ffff35fef63
0x0000000034f3ed50:   0000000034f3ee00 00007ffff35ceb8d
0x0000000034f3ed60:   00007ffff367c4d0 00007ffff1f2d5f8 

Instructions: (pc=0x00007ff83241016c)
0x00007ff83241014c:   0f 46 c0 44 8b c0 44 89 44 24 38 49 c1 e0 03 e8
0x00007ff83241015c:   97 3b 09 00 48 8d 4c 24 20 48 ff 15 54 73 22 00
0x00007ff83241016c:   0f 1f 44 00 00 48 8b 8c 24 c0 00 00 00 48 33 cc
0x00007ff83241017c:   e8 3f 0f 05 00 48 81 c4 d8 00 00 00 c3 cc 83 64 


Register to memory mapping:

RAX=0x0000000000000000 is an unknown value
RBX=0x00007ffff1f9cd78 is an unknown value
RCX=0x0000000000000000 is an unknown value
RDX=0x0000000000000000 is an unknown value
RSP=0x0000000034f3ec70 is pointing into the stack for thread: 0x0000000026767000
RBP=0x0000000034f3edb0 is pointing into the stack for thread: 0x0000000026767000
RSI=0x00007ffff1f2d5f8 is an unknown value
RDI=0x0000000034f3ee00 is pointing into the stack for thread: 0x0000000026767000
R8 =0x0000000000000000 is an unknown value
R9 =0x0000000000000000 is an unknown value
R10=0x0000000000000000 is an unknown value
R11=0x0000000000000000 is an unknown value
R12=0x00000000ffffffe5 is an unknown value
R13=0x0000000000000000 is an unknown value
R14=0x00007ffff1f2d520 is an unknown value
R15=0x0000000034f4efa8 is pointing into the stack for thread: 0x0000000026767000


Stack: [0x0000000034e50000,0x0000000034f50000],  sp=0x0000000034f3ec70,  free space=955k
Native frames: (J=compiled Java code, j=interpreted, Vv=VM code, C=native code)
C  [KERNELBASE.dll+0x6016c]
C  [msvcr120.dll+0x5ef63]
C  [opencv_core320.dll+0x1a2c34]
C  [opencv_core320.dll+0x1a2d76]
C  [opencv_core320.dll+0x5ac08]
C  [jniopencv_core.dll+0xb644b]
C  0x00000000031f8627

Java frames: (J=compiled Java code, j=interpreted, Vv=VM code)
j  org.bytedeco.javacpp.opencv_core.cvClearMemStorage(Lorg/bytedeco/javacpp/opencv_core$CvMemStorage;)V+0
j  application.FaceDetector.run()V+243
j  java.lang.Thread.run()V+11
v  ~StubRoutines::call_stub

---------------  P R O C E S S  ---------------

Java Threads: ( => current thread )
  0x0000000026761800 JavaThread "Timer-0" daemon [_thread_blocked, id=10024, stack(0x0000000035150000,0x0000000035250000)]
=>0x0000000026767000 JavaThread "Thread-5" [_thread_in_native, id=4848, stack(0x0000000034e50000,0x0000000034f50000)]
  0x0000000026764800 JavaThread "Prism Font Disposer" daemon [_thread_blocked, id=2600, stack(0x000000002b3b0000,0x000000002b4b0000)]
  0x000000001ef43000 JavaThread "AWT-Windows" daemon [_thread_in_native, id=2032, stack(0x00000000284b0000,0x00000000285b0000)]
  0x000000001ef41800 JavaThread "Java2D Disposer" daemon [_thread_blocked, id=16416, stack(0x00000000282b0000,0x00000000283b0000)]
  0x000000001ef40000 JavaThread "JavaCPP Deallocator" daemon [_thread_blocked, id=17900, stack(0x0000000027e60000,0x0000000027f60000)]
  0x000000001ef46000 JavaThread "Thread-3" daemon [_thread_in_native, id=19172, stack(0x0000000025aa0000,0x0000000025ba0000)]
  0x000000001ef41000 JavaThread "JavaFX-Launcher" [_thread_blocked, id=14176, stack(0x0000000025ba0000,0x0000000025ca0000)]
  0x000000001ef3f800 JavaThread "JavaFX Application Thread" [_thread_in_native, id=19308, stack(0x0000000020960000,0x0000000020a60000)]
  0x000000001ef45800 JavaThread "Thread-1" daemon [_thread_blocked, id=4084, stack(0x0000000020860000,0x0000000020960000)]
  0x000000001ef44800 JavaThread "QuantumRenderer-0" daemon [_thread_blocked, id=10492, stack(0x000000001f8a0000,0x000000001f9a0000)]
  0x000000001d2a7800 JavaThread "Service Thread" daemon [_thread_blocked, id=15188, stack(0x000000001ec60000,0x000000001ed60000)]
  0x000000001d208800 JavaThread "C1 CompilerThread3" daemon [_thread_blocked, id=14112, stack(0x000000001eb60000,0x000000001ec60000)]
  0x000000001d203800 JavaThread "C2 CompilerThread2" daemon [_thread_blocked, id=14104, stack(0x000000001ea60000,0x000000001eb60000)]
  0x000000001baed000 JavaThread "C2 CompilerThread1" daemon [_thread_blocked, id=16092, stack(0x000000001e960000,0x000000001ea60000)]
  0x000000001d1fd000 JavaThread "C2 CompilerThread0" daemon [_thread_blocked, id=19788, stack(0x000000001e860000,0x000000001e960000)]
  0x000000001d1fa800 JavaThread "Attach Listener" daemon [_thread_blocked, id=7896, stack(0x000000001e760000,0x000000001e860000)]
  0x000000001d1f9800 JavaThread "Signal Dispatcher" daemon [_thread_blocked, id=10736, stack(0x000000001e660000,0x000000001e760000)]
  0x000000001bae6800 JavaThread "Finalizer" daemon [_thread_blocked, id=14128, stack(0x000000001e450000,0x000000001e550000)]
  0x000000001badf800 JavaThread "Reference Handler" daemon [_thread_blocked, id=11040, stack(0x000000001e350000,0x000000001e450000)]
  0x0000000002fde800 JavaThread "main" [_thread_blocked, id=17156, stack(0x0000000002fe0000,0x00000000030e0000)]

Other Threads:
  0x000000001bad5800 VMThread [stack: 0x000000001e250000,0x000000001e350000] [id=14272]
  0x000000001d2fb800 WatcherThread [stack: 0x000000001ed60000,0x000000001ee60000] [id=6716]

VM state:not at safepoint (normal execution)

VM Mutex/Monitor currently owned by a thread: None

Heap:
 PSYoungGen      total 66560K, used 32485K [0x0000000776200000, 0x000000077be00000, 0x00000007c0000000)
  eden space 57344K, 47% used [0x0000000776200000,0x0000000777c71b18,0x0000000779a00000)
  from space 9216K, 58% used [0x0000000779a00000,0x0000000779f47be0,0x000000077a300000)
  to   space 9216K, 0% used [0x000000077b500000,0x000000077b500000,0x000000077be00000)
 ParOldGen       total 167424K, used 38338K [0x00000006e2600000, 0x00000006ec980000, 0x0000000776200000)
  object space 167424K, 22% used [0x00000006e2600000,0x00000006e4b70a70,0x00000006ec980000)
 Metaspace       used 26818K, capacity 27900K, committed 28160K, reserved 1073152K
  class space    used 3562K, capacity 3823K, committed 3840K, reserved 1048576K

Card table byte_map: [0x00000000125a0000,0x0000000012c90000] byte_map_base: 0x000000000ee8d000

Marking Bits: (ParMarkBitMap*) 0x000000006c712d00
 Begin Bits: [0x0000000013b30000, 0x0000000017298000)
 End Bits:   [0x0000000017298000, 0x000000001aa00000)

Polling page: 0x0000000002d70000

CodeCache: size=245760Kb used=11980Kb max_used=12031Kb free=233779Kb
 bounds [0x00000000031e0000, 0x0000000003db0000, 0x00000000121e0000]
 total_blobs=4509 nmethods=3610 adapters=812
 compilation: enabled

Compilation events (10 events):
Event: 19.081 Thread 0x000000001d208800 nmethod 3645 0x000000000330a8d0 code [0x000000000330aa60, 0x000000000330b150]
Event: 19.082 Thread 0x000000001d208800 3648       3       java.util.TimSort::binarySort (223 bytes)
Event: 19.083 Thread 0x000000001d208800 nmethod 3648 0x00000000032f0410 code [0x00000000032f05e0, 0x00000000032f0fd8]
Event: 19.084 Thread 0x000000001d208800 3646       1       sun.java2d.loops.GraphicsPrimitive::getUniqueID (5 bytes)
Event: 19.084 Thread 0x000000001d208800 nmethod 3646 0x000000000330a610 code [0x000000000330a760, 0x000000000330a870]
Event: 19.084 Thread 0x000000001d208800 3647       3       sun.java2d.loops.GraphicsPrimitiveMgr$1::compare (39 bytes)
Event: 19.085 Thread 0x000000001d208800 nmethod 3647 0x000000000335d450 code [0x000000000335d5c0, 0x000000000335dad0]
Event: 19.086 Thread 0x000000001d208800 3649       3       sun.java2d.loops.GraphicsPrimitiveMgr$2::compare (39 bytes)
Event: 19.086 Thread 0x000000001d208800 nmethod 3649 0x00000000032efcd0 code [0x00000000032efe40, 0x00000000032f02d0]
Event: 19.086 Thread 0x000000001d208800 3651       3       java.util.Arrays::binarySearch0 (95 bytes)

GC Heap History (8 events):
Event: 1.579 GC heap before
{Heap before GC invocations=1 (full 0):
 PSYoungGen      total 66560K, used 57344K [0x0000000776200000, 0x000000077ac00000, 0x00000007c0000000)
  eden space 57344K, 100% used [0x0000000776200000,0x0000000779a00000,0x0000000779a00000)
  from space 9216K, 0% used [0x000000077a300000,0x000000077a300000,0x000000077ac00000)
  to   space 9216K, 0% used [0x0000000779a00000,0x0000000779a00000,0x000000077a300000)
 ParOldGen       total 151552K, used 0K [0x00000006e2600000, 0x00000006eba00000, 0x0000000776200000)
  object space 151552K, 0% used [0x00000006e2600000,0x00000006e2600000,0x00000006eba00000)
 Metaspace       used 15792K, capacity 16296K, committed 16512K, reserved 1062912K
  class space    used 1978K, capacity 2145K, committed 2176K, reserved 1048576K
Event: 1.587 GC heap after
Heap after GC invocations=1 (full 0):
 PSYoungGen      total 66560K, used 6150K [0x0000000776200000, 0x000000077ac00000, 0x00000007c0000000)
  eden space 57344K, 0% used [0x0000000776200000,0x0000000776200000,0x0000000779a00000)
  from space 9216K, 66% used [0x0000000779a00000,0x000000077a0019c8,0x000000077a300000)
  to   space 9216K, 0% used [0x000000077a300000,0x000000077a300000,0x000000077ac00000)
 ParOldGen       total 151552K, used 80K [0x00000006e2600000, 0x00000006eba00000, 0x0000000776200000)
  object space 151552K, 0% used [0x00000006e2600000,0x00000006e2614010,0x00000006eba00000)
 Metaspace       used 15792K, capacity 16296K, committed 16512K, reserved 1062912K
  class space    used 1978K, capacity 2145K, committed 2176K, reserved 1048576K
}
Event: 2.417 GC heap before
{Heap before GC invocations=2 (full 0):
 PSYoungGen      total 66560K, used 57909K [0x0000000776200000, 0x000000077ac00000, 0x00000007c0000000)
  eden space 57344K, 90% used [0x0000000776200000,0x000000077948bc30,0x0000000779a00000)
  from space 9216K, 66% used [0x0000000779a00000,0x000000077a0019c8,0x000000077a300000)
  to   space 9216K, 0% used [0x000000077a300000,0x000000077a300000,0x000000077ac00000)
 ParOldGen       total 151552K, used 80K [0x00000006e2600000, 0x00000006eba00000, 0x0000000776200000)
  object space 151552K, 0% used [0x00000006e2600000,0x00000006e2614010,0x00000006eba00000)
 Metaspace       used 20352K, capacity 21194K, committed 21248K, reserved 1067008K
  class space    used 2817K, capacity 3030K, committed 3072K, reserved 1048576K
Event: 2.434 GC heap after
Heap after GC invocations=2 (full 0):
 PSYoungGen      total 66560K, used 9185K [0x0000000776200000, 0x000000077e400000, 0x00000007c0000000)
  eden space 57344K, 0% used [0x0000000776200000,0x0000000776200000,0x0000000779a00000)
  from space 9216K, 99% used [0x000000077a300000,0x000000077abf84b8,0x000000077ac00000)
  to   space 9216K, 0% used [0x0000000779a00000,0x0000000779a00000,0x000000077a300000)
 ParOldGen       total 151552K, used 29251K [0x00000006e2600000, 0x00000006eba00000, 0x0000000776200000)
  object space 151552K, 19% used [0x00000006e2600000,0x00000006e4290d68,0x00000006eba00000)
 Metaspace       used 20352K, capacity 21194K, committed 21248K, reserved 1067008K
  class space    used 2817K, capacity 3030K, committed 3072K, reserved 1048576K
}
Event: 2.434 GC heap before
{Heap before GC invocations=3 (full 1):
 PSYoungGen      total 66560K, used 9185K [0x0000000776200000, 0x000000077e400000, 0x00000007c0000000)
  eden space 57344K, 0% used [0x0000000776200000,0x0000000776200000,0x0000000779a00000)
  from space 9216K, 99% used [0x000000077a300000,0x000000077abf84b8,0x000000077ac00000)
  to   space 9216K, 0% used [0x0000000779a00000,0x0000000779a00000,0x000000077a300000)
 ParOldGen       total 151552K, used 29251K [0x00000006e2600000, 0x00000006eba00000, 0x0000000776200000)
  object space 151552K, 19% used [0x00000006e2600000,0x00000006e4290d68,0x00000006eba00000)
 Metaspace       used 20352K, capacity 21194K, committed 21248K, reserved 1067008K
  class space    used 2817K, capacity 3030K, committed 3072K, reserved 1048576K
Event: 2.479 GC heap after
Heap after GC invocations=3 (full 1):
 PSYoungGen      total 66560K, used 0K [0x0000000776200000, 0x000000077e400000, 0x00000007c0000000)
  eden space 57344K, 0% used [0x0000000776200000,0x0000000776200000,0x0000000779a00000)
  from space 9216K, 0% used [0x000000077a300000,0x000000077a300000,0x000000077ac00000)
  to   space 9216K, 0% used [0x0000000779a00000,0x0000000779a00000,0x000000077a300000)
 ParOldGen       total 167424K, used 38330K [0x00000006e2600000, 0x00000006ec980000, 0x0000000776200000)
  object space 167424K, 22% used [0x00000006e2600000,0x00000006e4b6ea70,0x00000006ec980000)
 Metaspace       used 20352K, capacity 21194K, committed 21248K, reserved 1067008K
  class space    used 2817K, capacity 3030K, committed 3072K, reserved 1048576K
}
Event: 6.152 GC heap before
{Heap before GC invocations=4 (full 1):
 PSYoungGen      total 66560K, used 57344K [0x0000000776200000, 0x000000077e400000, 0x00000007c0000000)
  eden space 57344K, 100% used [0x0000000776200000,0x0000000779a00000,0x0000000779a00000)
  from space 9216K, 0% used [0x000000077a300000,0x000000077a300000,0x000000077ac00000)
  to   space 9216K, 0% used [0x0000000779a00000,0x0000000779a00000,0x000000077a300000)
 ParOldGen       total 167424K, used 38330K [0x00000006e2600000, 0x00000006ec980000, 0x0000000776200000)
  object space 167424K, 22% used [0x00000006e2600000,0x00000006e4b6ea70,0x00000006ec980000)
 Metaspace       used 23581K, capacity 24614K, committed 24832K, reserved 1071104K
  class space    used 3310K, capacity 3550K, committed 3584K, reserved 1048576K
Event: 6.157 GC heap after
Heap after GC invocations=4 (full 1):
 PSYoungGen      total 66560K, used 5406K [0x0000000776200000, 0x000000077be00000, 0x00000007c0000000)
  eden space 57344K, 0% used [0x0000000776200000,0x0000000776200000,0x0000000779a00000)
  from space 9216K, 58% used [0x0000000779a00000,0x0000000779f47be0,0x000000077a300000)
  to   space 9216K, 0% used [0x000000077b500000,0x000000077b500000,0x000000077be00000)
 ParOldGen       total 167424K, used 38338K [0x00000006e2600000, 0x00000006ec980000, 0x0000000776200000)
  object space 167424K, 22% used [0x00000006e2600000,0x00000006e4b70a70,0x00000006ec980000)
 Metaspace       used 23581K, capacity 24614K, committed 24832K, reserved 1071104K
  class space    used 3310K, capacity 3550K, committed 3584K, reserved 1048576K
}

Deoptimization events (10 events):
Event: 6.343 Thread 0x000000001ef3f800 Uncommon trap: reason=unstable_if action=reinterpret pc=0x000000000342e540 method=java.lang.AbstractStringBuilder.append(Ljava/lang/String;)Ljava/lang/AbstractStringBuilder; @ 1
Event: 6.390 Thread 0x000000001ef3f800 Uncommon trap: reason=unstable_if action=reinterpret pc=0x0000000003741084 method=java.lang.String.trim()Ljava/lang/String; @ 44
Event: 6.391 Thread 0x000000001ef3f800 Uncommon trap: reason=unstable_if action=reinterpret pc=0x00000000036289bc method=java.lang.CharacterDataLatin1.isWhitespace(I)Z @ 14
Event: 6.430 Thread 0x000000001ef3f800 Uncommon trap: reason=unstable_if action=reinterpret pc=0x0000000003ab72b8 method=java.net.URI.match(CJJ)Z @ 45
Event: 6.430 Thread 0x000000001ef3f800 Uncommon trap: reason=unstable_if action=reinterpret pc=0x0000000003514808 method=java.net.URI.match(CJJ)Z @ 19
Event: 6.519 Thread 0x000000001ef3f800 Uncommon trap: reason=array_check action=maybe_recompile pc=0x00000000039b6560 method=com.sun.javafx.css.SimpleSelector.applies(Ljavafx/css/Styleable;[Ljava/util/Set;I)Z @ 37
Event: 6.613 Thread 0x000000001ef3f800 Uncommon trap: reason=class_check action=maybe_recompile pc=0x0000000003a60b00 method=javafx.scene.Node.updateLocalToParentTransform()V @ 11
Event: 6.613 Thread 0x000000001ef3f800 Uncommon trap: reason=class_check action=maybe_recompile pc=0x0000000003a60b00 method=javafx.scene.Node.updateLocalToParentTransform()V @ 11
Event: 6.613 Thread 0x000000001ef3f800 Uncommon trap: reason=class_check action=maybe_recompile pc=0x0000000003a60b00 method=javafx.scene.Node.updateLocalToParentTransform()V @ 11
Event: 6.623 Thread 0x000000001ef44800 Uncommon trap: reason=unstable_if action=reinterpret pc=0x0000000003a45e84 method=com.sun.javafx.geom.RectBounds.isEmpty()Z @ 21

Classes redefined (0 events):
No events

Internal exceptions (10 events):
Event: 1.399 Thread 0x000000001ef3f800 Exception <a 'java/lang/ArrayIndexOutOfBoundsException'> (0x0000000778e46ff0) thrown at [C:\re\workspace\8-2-build-windows-amd64-cygwin\jdk8u181\11358\hotspot\src\share\vm\runtime\sharedRuntime.cpp, line 605]
Event: 1.399 Thread 0x000000001ef3f800 Exception <a 'java/lang/ArrayIndexOutOfBoundsException'> (0x0000000778e48398) thrown at [C:\re\workspace\8-2-build-windows-amd64-cygwin\jdk8u181\11358\hotspot\src\share\vm\runtime\sharedRuntime.cpp, line 605]
Event: 1.411 Thread 0x000000001ef3f800 Exception <a 'java/lang/ArrayIndexOutOfBoundsException'> (0x0000000778f3baa8) thrown at [C:\re\workspace\8-2-build-windows-amd64-cygwin\jdk8u181\11358\hotspot\src\share\vm\runtime\sharedRuntime.cpp, line 605]
Event: 1.411 Thread 0x000000001ef3f800 Exception <a 'java/lang/ArrayIndexOutOfBoundsException'> (0x0000000778f3ce98) thrown at [C:\re\workspace\8-2-build-windows-amd64-cygwin\jdk8u181\11358\hotspot\src\share\vm\runtime\sharedRuntime.cpp, line 605]
Event: 1.569 Thread 0x000000001ef3f800 Exception <a 'java/lang/ArrayIndexOutOfBoundsException': 58> (0x00000007797f2c38) thrown at [C:\re\workspace\8-2-build-windows-amd64-cygwin\jdk8u181\11358\hotspot\src\share\vm\interpreter\interpreterRuntime.cpp, line 366]
Event: 1.684 Thread 0x000000001ef3f800 Implicit null exception at 0x00000000035a8cb5 to 0x00000000035a8ee1
Event: 1.684 Thread 0x000000001ef3f800 Implicit null exception at 0x000000000359ba7b to 0x000000000359bef5
Event: 1.830 Thread 0x000000001ef3f800 Exception <a 'java/io/FileNotFoundException'> (0x0000000776bdf4b8) thrown at [C:\re\workspace\8-2-build-windows-amd64-cygwin\jdk8u181\11358\hotspot\src\share\vm\prims\jni.cpp, line 709]
Event: 2.413 Thread 0x000000001ef3f800 Implicit null exception at 0x000000000384d1f0 to 0x000000000384d72d
Event: 6.343 Thread 0x000000001ef3f800 Implicit null exception at 0x000000000342e196 to 0x000000000342e525

Events (10 events):
Event: 19.075 loading class sun/java2d/loops/GraphicsPrimitiveProxy
Event: 19.076 loading class sun/java2d/loops/GraphicsPrimitiveProxy done
Event: 19.076 loading class sun/java2d/loops/GeneralRenderer
Event: 19.076 loading class sun/java2d/loops/GeneralRenderer done
Event: 19.080 loading class sun/java2d/loops/GraphicsPrimitiveMgr$1
Event: 19.080 loading class sun/java2d/loops/GraphicsPrimitiveMgr$1 done
Event: 19.080 loading class sun/java2d/loops/GraphicsPrimitiveMgr$2
Event: 19.080 loading class sun/java2d/loops/GraphicsPrimitiveMgr$2 done
Event: 19.080 loading class sun/java2d/loops/GraphicsPrimitiveMgr$PrimitiveSpec
Event: 19.080 loading class sun/java2d/loops/GraphicsPrimitiveMgr$PrimitiveSpec done


Dynamic libraries:
0x00007ff61c730000 - 0x00007ff61c767000 	C:\Program Files\Java\jre1.8.0_181\bin\javaw.exe
0x00007ff834eb0000 - 0x00007ff8350c7000 	C:\WINDOWS\SYSTEM32\ntdll.dll
0x00007ff833100000 - 0x00007ff8331c4000 	C:\WINDOWS\System32\KERNEL32.DLL
0x00007ff8323b0000 - 0x00007ff832783000 	C:\WINDOWS\System32\KERNELBASE.dll
0x00007ff80f100000 - 0x00007ff80f170000 	C:\Program Files (x86)\K7 Computing\K7TSecurity\K7CrvrEx64.dll
0x00007ff833720000 - 0x00007ff8338d1000 	C:\WINDOWS\System32\USER32.dll
0x00007ff832070000 - 0x00007ff832096000 	C:\WINDOWS\System32\win32u.dll
0x00007ff834b00000 - 0x00007ff834b29000 	C:\WINDOWS\System32\GDI32.dll
0x00007ff832290000 - 0x00007ff8323ab000 	C:\WINDOWS\System32\gdi32full.dll
0x00007ff831fd0000 - 0x00007ff83206a000 	C:\WINDOWS\System32\msvcp_win.dll
0x00007ff832a40000 - 0x00007ff832b51000 	C:\WINDOWS\System32\ucrtbase.dll
0x00007ff834da0000 - 0x00007ff834e51000 	C:\WINDOWS\System32\ADVAPI32.dll
0x00007ff832c00000 - 0x00007ff832ca7000 	C:\WINDOWS\System32\msvcrt.dll
0x00007ff8339f0000 - 0x00007ff833a98000 	C:\WINDOWS\System32\sechost.dll
0x00007ff8320a0000 - 0x00007ff8320c8000 	C:\WINDOWS\System32\bcrypt.dll
0x00007ff832fe0000 - 0x00007ff8330f4000 	C:\WINDOWS\System32\RPCRT4.dll
0x00007ff80f0a0000 - 0x00007ff80f0fc000 	C:\Program Files (x86)\K7 Computing\K7TSecurity\K7Crvr64.dll
0x00007ff8268e0000 - 0x00007ff826b78000 	C:\WINDOWS\WinSxS\amd64_microsoft.windows.common-controls_6595b64144ccf1df_6.0.22621.5124_none_270e8f4f7386d69d\COMCTL32.dll
0x00007ff832cb0000 - 0x00007ff832ce1000 	C:\WINDOWS\System32\IMM32.DLL
0x000000006bc50000 - 0x000000006bd22000 	C:\Program Files\Java\jre1.8.0_181\bin\msvcr100.dll
0x000000006bef0000 - 0x000000006c792000 	C:\Program Files\Java\jre1.8.0_181\bin\server\jvm.dll
0x00007ff832ea0000 - 0x00007ff832ea8000 	C:\WINDOWS\System32\PSAPI.DLL
0x00007ff82c120000 - 0x00007ff82c154000 	C:\WINDOWS\SYSTEM32\WINMM.dll
0x00007ff829530000 - 0x00007ff829539000 	C:\WINDOWS\SYSTEM32\WSOCK32.dll
0x00007ff834c90000 - 0x00007ff834d01000 	C:\WINDOWS\System32\WS2_32.dll
0x00007ff828970000 - 0x00007ff82897a000 	C:\WINDOWS\SYSTEM32\VERSION.dll
0x000000006be00000 - 0x000000006be0f000 	C:\Program Files\Java\jre1.8.0_181\bin\verify.dll
0x000000006bdd0000 - 0x000000006bdf9000 	C:\Program Files\Java\jre1.8.0_181\bin\java.dll
0x000000006bdb0000 - 0x000000006bdc6000 	C:\Program Files\Java\jre1.8.0_181\bin\zip.dll
0x00007ff833bb0000 - 0x00007ff834446000 	C:\WINDOWS\System32\SHELL32.dll
0x00007ff8320d0000 - 0x00007ff83220f000 	C:\WINDOWS\System32\wintypes.dll
0x00007ff8331d0000 - 0x00007ff833562000 	C:\WINDOWS\System32\combase.dll
0x00007ff82feb0000 - 0x00007ff8307ca000 	C:\WINDOWS\SYSTEM32\windows.storage.dll
0x00007ff8338e0000 - 0x00007ff8339ea000 	C:\WINDOWS\System32\SHCORE.dll
0x00007ff834450000 - 0x00007ff8344b3000 	C:\WINDOWS\System32\shlwapi.dll
0x00007ff831f00000 - 0x00007ff831f2b000 	C:\WINDOWS\SYSTEM32\profapi.dll
0x0000000002dc0000 - 0x0000000002dc3000 	C:\Program Files\Java\jre1.8.0_181\bin\api-ms-win-core-console-l1-1-0.dll
0x0000000002dd0000 - 0x0000000002dd3000 	C:\Program Files\Java\jre1.8.0_181\bin\api-ms-win-core-datetime-l1-1-0.dll
0x0000000002fb0000 - 0x0000000002fb3000 	C:\Program Files\Java\jre1.8.0_181\bin\api-ms-win-core-debug-l1-1-0.dll
0x0000000002fc0000 - 0x0000000002fc3000 	C:\Program Files\Java\jre1.8.0_181\bin\api-ms-win-core-errorhandling-l1-1-0.dll
0x000000001f660000 - 0x000000001f664000 	C:\Program Files\Java\jre1.8.0_181\bin\api-ms-win-core-file-l1-1-0.dll
0x000000001f670000 - 0x000000001f673000 	C:\Program Files\Java\jre1.8.0_181\bin\api-ms-win-core-file-l1-2-0.dll
0x000000001f680000 - 0x000000001f683000 	C:\Program Files\Java\jre1.8.0_181\bin\api-ms-win-core-file-l2-1-0.dll
0x000000001f690000 - 0x000000001f693000 	C:\Program Files\Java\jre1.8.0_181\bin\api-ms-win-core-handle-l1-1-0.dll
0x000000001f6a0000 - 0x000000001f6a3000 	C:\Program Files\Java\jre1.8.0_181\bin\api-ms-win-core-heap-l1-1-0.dll
0x000000001f6b0000 - 0x000000001f6b3000 	C:\Program Files\Java\jre1.8.0_181\bin\api-ms-win-core-interlocked-l1-1-0.dll
0x000000001f6c0000 - 0x000000001f6c3000 	C:\Program Files\Java\jre1.8.0_181\bin\api-ms-win-core-libraryloader-l1-1-0.dll
0x000000001f6d0000 - 0x000000001f6d3000 	C:\Program Files\Java\jre1.8.0_181\bin\api-ms-win-core-localization-l1-2-0.dll
0x000000001f6e0000 - 0x000000001f6e3000 	C:\Program Files\Java\jre1.8.0_181\bin\api-ms-win-core-memory-l1-1-0.dll
0x000000001f6f0000 - 0x000000001f6f3000 	C:\Program Files\Java\jre1.8.0_181\bin\api-ms-win-core-namedpipe-l1-1-0.dll
0x000000001f700000 - 0x000000001f703000 	C:\Program Files\Java\jre1.8.0_181\bin\api-ms-win-core-processenvironment-l1-1-0.dll
0x000000001f710000 - 0x000000001f713000 	C:\Program Files\Java\jre1.8.0_181\bin\api-ms-win-core-processthreads-l1-1-0.dll
0x000000001f720000 - 0x000000001f723000 	C:\Program Files\Java\jre1.8.0_181\bin\api-ms-win-core-processthreads-l1-1-1.dll
0x000000001f730000 - 0x000000001f733000 	C:\Program Files\Java\jre1.8.0_181\bin\api-ms-win-core-profile-l1-1-0.dll
0x000000001f740000 - 0x000000001f743000 	C:\Program Files\Java\jre1.8.0_181\bin\api-ms-win-core-rtlsupport-l1-1-0.dll
0x000000001f750000 - 0x000000001f753000 	C:\Program Files\Java\jre1.8.0_181\bin\api-ms-win-core-string-l1-1-0.dll
0x000000001f760000 - 0x000000001f763000 	C:\Program Files\Java\jre1.8.0_181\bin\api-ms-win-core-synch-l1-1-0.dll
0x000000001f770000 - 0x000000001f773000 	C:\Program Files\Java\jre1.8.0_181\bin\api-ms-win-core-synch-l1-2-0.dll
0x000000001f780000 - 0x000000001f783000 	C:\Program Files\Java\jre1.8.0_181\bin\api-ms-win-core-sysinfo-l1-1-0.dll
0x000000001f790000 - 0x000000001f793000 	C:\Program Files\Java\jre1.8.0_181\bin\api-ms-win-core-timezone-l1-1-0.dll
0x000000001f7a0000 - 0x000000001f7a3000 	C:\Program Files\Java\jre1.8.0_181\bin\api-ms-win-core-util-l1-1-0.dll
0x000000001f7b0000 - 0x000000001f7b3000 	C:\Program Files\Java\jre1.8.0_181\bin\api-ms-win-crt-conio-l1-1-0.dll
0x000000001f7c0000 - 0x000000001f7c4000 	C:\Program Files\Java\jre1.8.0_181\bin\api-ms-win-crt-convert-l1-1-0.dll
0x000000001f7d0000 - 0x000000001f7d3000 	C:\Program Files\Java\jre1.8.0_181\bin\api-ms-win-crt-environment-l1-1-0.dll
0x000000001f7e0000 - 0x000000001f7e3000 	C:\Program Files\Java\jre1.8.0_181\bin\api-ms-win-crt-filesystem-l1-1-0.dll
0x000000001f7f0000 - 0x000000001f7f3000 	C:\Program Files\Java\jre1.8.0_181\bin\api-ms-win-crt-heap-l1-1-0.dll
0x000000001f800000 - 0x000000001f803000 	C:\Program Files\Java\jre1.8.0_181\bin\api-ms-win-crt-locale-l1-1-0.dll
0x000000001f810000 - 0x000000001f815000 	C:\Program Files\Java\jre1.8.0_181\bin\api-ms-win-crt-math-l1-1-0.dll
0x000000001f820000 - 0x000000001f825000 	C:\Program Files\Java\jre1.8.0_181\bin\api-ms-win-crt-multibyte-l1-1-0.dll
0x000000001f830000 - 0x000000001f840000 	C:\Program Files\Java\jre1.8.0_181\bin\api-ms-win-crt-private-l1-1-0.dll
0x000000001f840000 - 0x000000001f843000 	C:\Program Files\Java\jre1.8.0_181\bin\api-ms-win-crt-process-l1-1-0.dll
0x000000001f850000 - 0x000000001f854000 	C:\Program Files\Java\jre1.8.0_181\bin\api-ms-win-crt-runtime-l1-1-0.dll
0x000000001f860000 - 0x000000001f864000 	C:\Program Files\Java\jre1.8.0_181\bin\api-ms-win-crt-stdio-l1-1-0.dll
0x000000001f870000 - 0x000000001f874000 	C:\Program Files\Java\jre1.8.0_181\bin\api-ms-win-crt-string-l1-1-0.dll
0x000000001f880000 - 0x000000001f883000 	C:\Program Files\Java\jre1.8.0_181\bin\api-ms-win-crt-time-l1-1-0.dll
0x000000001f890000 - 0x000000001f893000 	C:\Program Files\Java\jre1.8.0_181\bin\api-ms-win-crt-utility-l1-1-0.dll
0x00007ffff4490000 - 0x00007ffff4586000 	C:\Program Files\Java\jre1.8.0_181\bin\ucrtbase.dll
0x00007ff829060000 - 0x00007ff829076000 	C:\Program Files\Java\jre1.8.0_181\bin\vcruntime140.dll
0x00007ff818500000 - 0x00007ff81859c000 	C:\Program Files\Java\jre1.8.0_181\bin\msvcp140.dll
0x00007ff817b10000 - 0x00007ff817b61000 	C:\Program Files\Java\jre1.8.0_181\bin\concrt140.dll
0x000000006bc20000 - 0x000000006bc43000 	C:\Program Files\Java\jre1.8.0_181\bin\prism_d3d.dll
0x00007fffd52f0000 - 0x00007fffd5498000 	C:\WINDOWS\system32\d3d9.dll
0x00007ff82f3a0000 - 0x00007ff82f3cb000 	C:\WINDOWS\SYSTEM32\dwmapi.dll
0x00007ff82f190000 - 0x00007ff82f1c7000 	C:\WINDOWS\SYSTEM32\dxcore.dll
0x00007ff82f080000 - 0x00007ff82f133000 	C:\WINDOWS\system32\uxtheme.dll
0x00007ff814830000 - 0x00007ff8149eb000 	C:\WINDOWS\System32\DriverStore\FileRepository\u0404276.inf_amd64_b6ae906c9d4ab767\B403905\aticfx64.dll
0x00007ff829600000 - 0x00007ff829634000 	C:\WINDOWS\System32\DriverStore\FileRepository\u0404276.inf_amd64_b6ae906c9d4ab767\B403905\atiu9p64.dll
0x00007fffa6840000 - 0x00007fffa7587000 	C:\WINDOWS\System32\DriverStore\FileRepository\u0404276.inf_amd64_b6ae906c9d4ab767\B403905\atiumd64.dll
0x00007ff833570000 - 0x00007ff833711000 	C:\WINDOWS\System32\ole32.dll
0x00007ff82fae0000 - 0x00007ff82fd12000 	C:\WINDOWS\SYSTEM32\dbghelp.dll
0x00007ff832d10000 - 0x00007ff832de7000 	C:\WINDOWS\System32\OLEAUT32.dll
0x00007ff829dd0000 - 0x00007ff829e02000 	C:\WINDOWS\SYSTEM32\dbgcore.DLL
0x000000006c8d0000 - 0x000000006d7e3000 	C:\WINDOWS\System32\DriverStore\FileRepository\u0404276.inf_amd64_b6ae906c9d4ab767\B403905\atiumd6a.dll
0x00007ff8344c0000 - 0x00007ff834934000 	C:\WINDOWS\System32\SETUPAPI.dll
0x00007ff831df0000 - 0x00007ff831e3d000 	C:\WINDOWS\SYSTEM32\POWRPROF.dll
0x00007ff831cd0000 - 0x00007ff831ce3000 	C:\WINDOWS\SYSTEM32\UMPDC.dll
0x00007ff8126d0000 - 0x00007ff812705000 	C:\WINDOWS\SYSTEM32\amdihk64.dll
0x00007ff820d80000 - 0x00007ff820dc9000 	C:\WINDOWS\SYSTEM32\directxdatabasehelper.dll
0x00007ff830fe0000 - 0x00007ff830ff8000 	C:\WINDOWS\SYSTEM32\kernel.appcore.dll
0x000000006bbd0000 - 0x000000006bc19000 	C:\Program Files\Java\jre1.8.0_181\bin\glass.dll
0x00007ff833aa0000 - 0x00007ff833ba3000 	C:\WINDOWS\System32\COMDLG32.dll
0x00007ff834b30000 - 0x00007ff834c90000 	C:\WINDOWS\System32\MSCTF.dll
0x00007ff8329c0000 - 0x00007ff832a3b000 	C:\WINDOWS\System32\bcryptPrimitives.dll
0x00007ffff35a0000 - 0x00007ffff368f000 	C:\Users\gauth\.javacpp\cache\opencv-3.2.0-1.3-windows-x86_64.jar\org\bytedeco\javacpp\windows-x86_64\msvcr120.dll
0x00007ffff34f0000 - 0x00007ffff3596000 	C:\Users\gauth\.javacpp\cache\opencv-3.2.0-1.3-windows-x86_64.jar\org\bytedeco\javacpp\windows-x86_64\msvcp120.dll
0x00007ffff1d50000 - 0x00007ffff1fd8000 	C:\Users\gauth\.javacpp\cache\opencv-3.2.0-1.3-windows-x86_64.jar\org\bytedeco\javacpp\windows-x86_64\opencv_core320.dll
0x00007ffff19e0000 - 0x00007ffff1d42000 	C:\Users\gauth\.javacpp\cache\opencv-3.2.0-1.3-windows-x86_64.jar\org\bytedeco\javacpp\windows-x86_64\opencv_imgproc320.dll
0x00007ffff15e0000 - 0x00007ffff182a000 	C:\Users\gauth\.javacpp\cache\opencv-3.2.0-1.3-windows-x86_64.jar\org\bytedeco\javacpp\windows-x86_64\jniopencv_core.dll
0x000000006bd90000 - 0x000000006bdaa000 	C:\Program Files\Java\jre1.8.0_181\bin\net.dll
0x00007ff831480000 - 0x00007ff8314ea000 	C:\WINDOWS\system32\mswsock.dll
0x000000006bd70000 - 0x000000006bd81000 	C:\Program Files\Java\jre1.8.0_181\bin\nio.dll
0x000000006ba30000 - 0x000000006bbc9000 	C:\Program Files\Java\jre1.8.0_181\bin\awt.dll
0x00007ff82ddc0000 - 0x00007ff82de57000 	C:\WINDOWS\SYSTEM32\apphelp.dll
0x000000006ba10000 - 0x000000006ba24000 	C:\Program Files\Java\jre1.8.0_181\bin\javafx_font.dll
0x00007ff82c890000 - 0x00007ff82cb03000 	C:\WINDOWS\SYSTEM32\dwrite.dll
0x00007ff832eb0000 - 0x00007ff832f60000 	C:\WINDOWS\System32\clbcatq.dll
0x00007ff82ee80000 - 0x00007ff82f030000 	C:\WINDOWS\SYSTEM32\WindowsCodecs.dll
0x00007ff811130000 - 0x00007ff81118e000 	C:\WINDOWS\system32\dataexchange.dll
0x00007ff82bb20000 - 0x00007ff82bdc6000 	C:\WINDOWS\system32\twinapi.appcore.dll
0x00007ff81deb0000 - 0x00007ff81dee2000 	C:\Program Files\Common Files\Microsoft Shared\Ink\rtscom.dll
0x00007ff811190000 - 0x00007ff8112d4000 	C:\WINDOWS\SYSTEM32\textinputframework.dll
0x00007ff82da10000 - 0x00007ff82db45000 	C:\WINDOWS\SYSTEM32\CoreMessaging.dll
0x00007ff816c10000 - 0x00007ff816f7c000 	C:\WINDOWS\SYSTEM32\CoreUIComponents.dll
0x00007ff8316f0000 - 0x00007ff8316fc000 	C:\WINDOWS\SYSTEM32\CRYPTBASE.DLL
0x000000006b9e0000 - 0x000000006ba03000 	C:\Program Files\Java\jre1.8.0_181\bin\javafx_iio.dll
0x00007ff803b80000 - 0x00007ff803fca000 	C:\WINDOWS\SYSTEM32\UIAutomationCore.DLL
0x00007ff80fca0000 - 0x00007ff80fd51000 	C:\Windows\System32\OneCoreCommonProxyStub.dll
0x000000006b9c0000 - 0x000000006b9d2000 	C:\Program Files\Java\jre1.8.0_181\bin\prism_common.dll

VM Arguments:
jvm_args: -Djava.library.path=C:\Users\Administrator\Desktop\opencv\build\java\x64 -Dfile.encoding=Cp1252 
java_command: application.Main
java_class_path (initial): C:\faceautheclipse\ExoVisix\target\classes;C:\faceautheclipse\ExoVisix\bin\opencv-341.jar;C:\Users\gauth\Downloads\lib\lib\rt.jar;C:\Users\gauth\Downloads\lib\lib\servlet-api.jar;C:\Users\gauth\Downloads\lib\lib\system-2.1.jar;C:\Users\gauth\Downloads\lib\lib\xmlbeans-xpath-2.3.0.jar;C:\Users\gauth\Downloads\lib\lib\poi-ooxml-3.8.jar;C:\Users\gauth\Downloads\lib\lib\poi-scratchpad-3.2-FINAL.jar;C:\Users\gauth\Downloads\lib\lib\jsoup-1.9.2.jar;C:\Users\gauth\Downloads\lib\lib\jsoup-1.15.4.jar;C:\Users\gauth\Downloads\lib\lib\jsp-api.jar;C:\Users\gauth\Downloads\lib\lib\jstl.jar;C:\Users\gauth\Downloads\lib\lib\mysql-connector-java-5.0.4-bin.jar;C:\Users\gauth\Downloads\lib\lib\mysql-connector-java-5.1.22-bin.jar;C:\Users\gauth\Downloads\lib\lib\oreilly-2001-12-23.jar;C:\Users\gauth\Downloads\lib\lib\org.json.jar;C:\Users\gauth\Downloads\lib\lib\poi-3.2-FINAL.jar;C:\Users\gauth\Downloads\lib\lib\poi-contrib-3.2-FINAL-20081019.jar;C:\Users\gauth\Downloads\lib\lib\itextpdf-5.5.6.jar;C:\Users\gauth\Downloads\lib\lib\java-json.jar;C:\Users\gauth\Downloads\lib\lib\java-mail-1.4.4.jar;C:\Users\gauth\Downloads\lib\lib\javax.json-1.0.jar;C:\Users\gauth\Downloads\lib\lib\javax.mail.jar;C:\Users\gauth\Downloads\lib\lib\jcommon-1.0.16.jar;C:\Users\gauth\Downloads\lib\lib\jfreechart-1.0.0.jar;C:\Users\gauth\Downloads\lib\lib\httpunit-1.5.3.jar;C:\Users\gauth\Downloads\lib\lib\itext-1.3.jar;C:\Users\gauth\Downloads\lib\lib\itextpdf-5.4.3.jar;C:\Users\gauth\Downloads\lib\lib\activation.jar;C:\Users\gauth\Downloads\lib\lib\bean.jar;C:\Users\gauth\Downloads\lib\lib\cos.jar;C:\Users\gauth\Downloads\lib\lib\cos-multipart.jar;C:\Users\gauth\Downloads\lib\lib\Filters.jar;C:\Users\gauth\.m2\repository\org\bytedeco\javacv-platform\1.3.2\javacv-platform-1.3.2.jar;C:\Users\gauth\.m2\repository\org\bytedeco\javacv\1.3.2\javacv-1.3.2.jar;C:\Users\gauth\.m2\repository\org\bytedeco\javacpp\1.3.2\javacpp-1.3.2.jar;C:\Users\gauth\.m2\repository\org\bytedeco\javacpp-pre
Launcher Type: SUN_STANDARD

Environment Variables:
PATH=C:/Program Files/Java/jre1.8.0_181/bin/server;C:/Program Files/Java/jre1.8.0_181/bin;C:/Program Files/Java/jre1.8.0_181/lib/amd64;C:\Program Files (x86)\Common Files\Oracle\Java\javapath;C:\WINDOWS\system32;C:\WINDOWS;C:\WINDOWS\System32\Wbem;C:\WINDOWS\System32\WindowsPowerShell\v1.0\;C:\WINDOWS\System32\OpenSSH\;C:\Users\gauth\AppData\Local\Microsoft\WindowsApps;;C:\Users\gauth\AppData\Local\Programs\Microsoft VS Code\bin;C:\Users\gauth\Downloads\wetransfer_juno-zip_2025-01-21_0844\Eclipse\Eclipse\eclipse;
USERNAME=gauth
OS=Windows_NT
PROCESSOR_IDENTIFIER=AMD64 Family 23 Model 104 Stepping 1, AuthenticAMD



---------------  S Y S T E M  ---------------

OS: Windows 10.0 , 64 bit Build 22621 (10.0.22621.5124)

CPU:total 12 (initial active 12) (12 cores per cpu, 1 threads per core) family 23 model 104 stepping 1, cmov, cx8, fxsr, mmx, sse, sse2, sse3, ssse3, sse4.1, sse4.2, popcnt, avx, avx2, aes, clmul, mmxext, 3dnowpref, lzcnt, sse4a, tsc, tscinvbit, tscinv, bmi1

Memory: 4k page, physical 14521848k(8312088k free), swap 53276096k(42006312k free)

vm_info: Java HotSpot(TM) 64-Bit Server VM (25.181-b13) for windows-amd64 JRE (1.8.0_181-b13), built on Jul  7 2018 04:01:33 by "java_re" with MS VC++ 10.0 (VS2010)

time: Thu Apr 03 23:32:28 2025
elapsed time: 19 seconds (0d 0h 0m 19s)

