#
# A fatal error has been detected by the Java Runtime Environment:
#
#  EXCEPTION_UNCAUGHT_CXX_EXCEPTION (0xe06d7363) at pc=0x00007ff8e0fcffbc, pid=23396, tid=0x00000000000035d4
#
# JRE version: Java(TM) SE Runtime Environment (8.0_181-b13) (build 1.8.0_181-b13)
# Java VM: Java HotSpot(TM) 64-Bit Server VM (25.181-b13 mixed mode windows-amd64 compressed oops)
# Problematic frame:
# C  [KERNELBASE.dll+0x5ffbc]
#
# Failed to write core dump. Minidumps are not enabled by default on client versions of Windows
#
# If you would like to submit a bug report, please visit:
#   http://bugreport.java.com/bugreport/crash.jsp
# The crash happened outside the Java Virtual Machine in native code.
# See problematic frame for where to report the bug.
#

---------------  T H R E A D  ---------------

Current thread (0x0000000027253000):  JavaThread "Thread-5" [_thread_in_native, id=13780, stack(0x0000000034df0000,0x0000000034ef0000)]

siginfo: ExceptionCode=0xe06d7363, ExceptionInformation=0x0000000019930520 0x0000000034eded30 0x00007ff84656cd78 0x00007ff846320000 

Registers:
RAX=0x0000000000000000, RBX=0x00007ff84656cd78, RCX=0x0000000000000000, RDX=0x0000000000000000
RSP=0x0000000034edeba0, RBP=0x0000000034edece0, RSI=0x00007ff8464fd5f8, RDI=0x0000000034eded30
R8 =0x0000000000000000, R9 =0x0000000000000000, R10=0x0000000000000000, R11=0x0000000000000000
R12=0x00000000ffffffe5, R13=0x0000000000000000, R14=0x00007ff8464fd520, R15=0x0000000034eeeed8
RIP=0x00007ff8e0fcffbc, EFLAGS=0x0000000000000206

Top of Stack: (sp=0x0000000034edeba0)
0x0000000034edeba0:   0000000000000000 00007ff84656cd78
0x0000000034edebb0:   00007ff8464fd5f8 0000000000000000
0x0000000034edebc0:   00000081e06d7363 0000000000000000
0x0000000034edebd0:   00007ff8e0fcffbc 0000000000000004
0x0000000034edebe0:   0000000019930520 0000000034eded30
0x0000000034edebf0:   00007ff84656cd78 00007ff846320000
0x0000000034edec00:   0000000000000000 00007ff849bca158
0x0000000034edec10:   0000000000000000 00007ff84656cd78
0x0000000034edec20:   00007ff8464fd520 00007ff8e3a26c2f
0x0000000034edec30:   0000000034edecf0 00007ff84658f000
0x0000000034edec40:   00007ff8464fd5f8 0000000034eded30
0x0000000034edec50:   00007ff84658f000 00007ff846320000
0x0000000034edec60:   00000dc37475a4ed 00007ff849c3c4d0
0x0000000034edec70:   00007ff84656cd78 00007ff849bbef63
0x0000000034edec80:   0000000034eded30 00007ff849b8eb8d
0x0000000034edec90:   00007ff849c3c4d0 00007ff8464fd5f8 

Instructions: (pc=0x00007ff8e0fcffbc)
0x00007ff8e0fcff9c:   0f 46 c0 44 8b c0 44 89 44 24 38 49 c1 e0 03 e8
0x00007ff8e0fcffac:   b7 26 09 00 48 8d 4c 24 20 48 ff 15 94 51 22 00
0x00007ff8e0fcffbc:   0f 1f 44 00 00 48 8b 8c 24 c0 00 00 00 48 33 cc
0x00007ff8e0fcffcc:   e8 df 0e 05 00 48 81 c4 d8 00 00 00 c3 cc 83 64 


Register to memory mapping:

RAX=0x0000000000000000 is an unknown value
RBX=0x00007ff84656cd78 is an unknown value
RCX=0x0000000000000000 is an unknown value
RDX=0x0000000000000000 is an unknown value
RSP=0x0000000034edeba0 is pointing into the stack for thread: 0x0000000027253000
RBP=0x0000000034edece0 is pointing into the stack for thread: 0x0000000027253000
RSI=0x00007ff8464fd5f8 is an unknown value
RDI=0x0000000034eded30 is pointing into the stack for thread: 0x0000000027253000
R8 =0x0000000000000000 is an unknown value
R9 =0x0000000000000000 is an unknown value
R10=0x0000000000000000 is an unknown value
R11=0x0000000000000000 is an unknown value
R12=0x00000000ffffffe5 is an unknown value
R13=0x0000000000000000 is an unknown value
R14=0x00007ff8464fd520 is an unknown value
R15=0x0000000034eeeed8 is pointing into the stack for thread: 0x0000000027253000


Stack: [0x0000000034df0000,0x0000000034ef0000],  sp=0x0000000034edeba0,  free space=954k
Native frames: (J=compiled Java code, j=interpreted, Vv=VM code, C=native code)
C  [KERNELBASE.dll+0x5ffbc]
C  [msvcr120.dll+0x5ef63]
C  [opencv_core320.dll+0x1a2c34]
C  [opencv_core320.dll+0x1a2d76]
C  [opencv_core320.dll+0x5ac08]
C  [jniopencv_core.dll+0xb644b]
C  0x00000000032c8627

Java frames: (J=compiled Java code, j=interpreted, Vv=VM code)
j  org.bytedeco.javacpp.opencv_core.cvClearMemStorage(Lorg/bytedeco/javacpp/opencv_core$CvMemStorage;)V+0
j  application.FaceDetector.run()V+243
j  java.lang.Thread.run()V+11
v  ~StubRoutines::call_stub

---------------  P R O C E S S  ---------------

Java Threads: ( => current thread )
  0x0000000027253800 JavaThread "Timer-0" daemon [_thread_blocked, id=21388, stack(0x0000000035000000,0x0000000035100000)]
=>0x0000000027253000 JavaThread "Thread-5" [_thread_in_native, id=13780, stack(0x0000000034df0000,0x0000000034ef0000)]
  0x00000000261ec000 JavaThread "Prism Font Disposer" daemon [_thread_blocked, id=9572, stack(0x0000000028b90000,0x0000000028c90000)]
  0x0000000025eda000 JavaThread "AWT-Windows" daemon [_thread_in_native, id=18816, stack(0x0000000028580000,0x0000000028680000)]
  0x0000000026fc4000 JavaThread "Java2D Disposer" daemon [_thread_blocked, id=18760, stack(0x0000000028380000,0x0000000028480000)]
  0x0000000026c38800 JavaThread "JavaCPP Deallocator" daemon [_thread_blocked, id=17972, stack(0x0000000027f30000,0x0000000028030000)]
  0x000000001f09f800 JavaThread "JavaFX-Launcher" [_thread_blocked, id=12116, stack(0x0000000025c70000,0x0000000025d70000)]
  0x000000001f09c800 JavaThread "Thread-2" daemon [_thread_in_native, id=16076, stack(0x0000000025b70000,0x0000000025c70000)]
  0x000000001efc8800 JavaThread "JavaFX Application Thread" [_thread_in_native, id=3288, stack(0x0000000020b30000,0x0000000020c30000)]
  0x000000001efa5000 JavaThread "Thread-1" daemon [_thread_blocked, id=10804, stack(0x0000000020a30000,0x0000000020b30000)]
  0x000000001ef84000 JavaThread "QuantumRenderer-0" daemon [_thread_blocked, id=2084, stack(0x000000001f970000,0x000000001fa70000)]
  0x000000001d321000 JavaThread "Service Thread" daemon [_thread_blocked, id=15564, stack(0x000000001ecf0000,0x000000001edf0000)]
  0x000000001d295800 JavaThread "C1 CompilerThread3" daemon [_thread_blocked, id=19780, stack(0x000000001ebf0000,0x000000001ecf0000)]
  0x000000001d293800 JavaThread "C2 CompilerThread2" daemon [_thread_blocked, id=3240, stack(0x000000001eaf0000,0x000000001ebf0000)]
  0x000000001bbbe000 JavaThread "C2 CompilerThread1" daemon [_thread_blocked, id=15592, stack(0x000000001e9f0000,0x000000001eaf0000)]
  0x000000001bbba000 JavaThread "C2 CompilerThread0" daemon [_thread_blocked, id=7080, stack(0x000000001e8f0000,0x000000001e9f0000)]
  0x000000001d28c800 JavaThread "Attach Listener" daemon [_thread_blocked, id=19624, stack(0x000000001e7f0000,0x000000001e8f0000)]
  0x000000001d289800 JavaThread "Signal Dispatcher" daemon [_thread_blocked, id=14004, stack(0x000000001e6f0000,0x000000001e7f0000)]
  0x000000001d273800 JavaThread "Finalizer" daemon [_thread_blocked, id=20656, stack(0x000000001e4e0000,0x000000001e5e0000)]
  0x000000001bbae000 JavaThread "Reference Handler" daemon [_thread_blocked, id=13120, stack(0x000000001e3e0000,0x000000001e4e0000)]
  0x0000000002fde800 JavaThread "main" [_thread_blocked, id=22948, stack(0x00000000030b0000,0x00000000031b0000)]

Other Threads:
  0x000000001d251800 VMThread [stack: 0x000000001e2e0000,0x000000001e3e0000] [id=14936]
  0x000000001d34c000 WatcherThread [stack: 0x000000001edf0000,0x000000001eef0000] [id=3536]

VM state:not at safepoint (normal execution)

VM Mutex/Monitor currently owned by a thread: None

Heap:
 PSYoungGen      total 66560K, used 29522K [0x0000000776200000, 0x000000077c200000, 0x00000007c0000000)
  eden space 57344K, 42% used [0x0000000776200000,0x0000000777989140,0x0000000779a00000)
  from space 9216K, 58% used [0x0000000779a00000,0x0000000779f4b9c0,0x000000077a300000)
  to   space 9216K, 0% used [0x000000077b900000,0x000000077b900000,0x000000077c200000)
 ParOldGen       total 162304K, used 38382K [0x00000006e2600000, 0x00000006ec480000, 0x0000000776200000)
  object space 162304K, 23% used [0x00000006e2600000,0x00000006e4b7b8d8,0x00000006ec480000)
 Metaspace       used 26485K, capacity 27604K, committed 27904K, reserved 1073152K
  class space    used 3558K, capacity 3791K, committed 3840K, reserved 1048576K

Card table byte_map: [0x0000000012670000,0x0000000012d60000] byte_map_base: 0x000000000ef5d000

Marking Bits: (ParMarkBitMap*) 0x0000000062592d00
 Begin Bits: [0x0000000013c00000, 0x0000000017368000)
 End Bits:   [0x0000000017368000, 0x000000001aad0000)

Polling page: 0x0000000002fa0000

CodeCache: size=245760Kb used=9937Kb max_used=9937Kb free=235822Kb
 bounds [0x00000000032b0000, 0x0000000003c70000, 0x00000000122b0000]
 total_blobs=3908 nmethods=3011 adapters=810
 compilation: enabled

Compilation events (10 events):
Event: 59.333 Thread 0x000000001d295800 3252       3       java.util.TimSort::binarySort (223 bytes)
Event: 59.334 Thread 0x000000001d295800 nmethod 3252 0x0000000003c6a290 code [0x0000000003c6a460, 0x0000000003c6ae58]
Event: 59.334 Thread 0x000000001d295800 3251       3       sun.java2d.loops.GraphicsPrimitiveMgr$1::compare (39 bytes)
Event: 59.335 Thread 0x000000001d295800 nmethod 3251 0x0000000003c6b2d0 code [0x0000000003c6b440, 0x0000000003c6b950]
Event: 59.335 Thread 0x000000001d295800 3253       3       sun.java2d.loops.GraphicsPrimitiveMgr$2::compare (39 bytes)
Event: 59.335 Thread 0x000000001d295800 nmethod 3253 0x0000000003c6ba50 code [0x0000000003c6bbc0, 0x0000000003c6c050]
Event: 59.335 Thread 0x000000001d295800 3254       1       sun.java2d.loops.CompositeType::getSuperType (5 bytes)
Event: 59.335 Thread 0x000000001d295800 nmethod 3254 0x0000000003c6c190 code [0x0000000003c6c2e0, 0x0000000003c6c3f0]
Event: 59.335 Thread 0x000000001d295800 3255       3       java.util.Arrays::binarySearch0 (95 bytes)
Event: 59.335 Thread 0x000000001d295800 nmethod 3255 0x0000000003c6c450 code [0x0000000003c6c5e0, 0x0000000003c6ca18]

GC Heap History (8 events):
Event: 4.135 GC heap before
{Heap before GC invocations=1 (full 0):
 PSYoungGen      total 66560K, used 57344K [0x0000000776200000, 0x000000077ac00000, 0x00000007c0000000)
  eden space 57344K, 100% used [0x0000000776200000,0x0000000779a00000,0x0000000779a00000)
  from space 9216K, 0% used [0x000000077a300000,0x000000077a300000,0x000000077ac00000)
  to   space 9216K, 0% used [0x0000000779a00000,0x0000000779a00000,0x000000077a300000)
 ParOldGen       total 151552K, used 0K [0x00000006e2600000, 0x00000006eba00000, 0x0000000776200000)
  object space 151552K, 0% used [0x00000006e2600000,0x00000006e2600000,0x00000006eba00000)
 Metaspace       used 15823K, capacity 16296K, committed 16512K, reserved 1062912K
  class space    used 1979K, capacity 2145K, committed 2176K, reserved 1048576K
Event: 4.191 GC heap after
Heap after GC invocations=1 (full 0):
 PSYoungGen      total 66560K, used 6185K [0x0000000776200000, 0x000000077ac00000, 0x00000007c0000000)
  eden space 57344K, 0% used [0x0000000776200000,0x0000000776200000,0x0000000779a00000)
  from space 9216K, 67% used [0x0000000779a00000,0x000000077a00a678,0x000000077a300000)
  to   space 9216K, 0% used [0x000000077a300000,0x000000077a300000,0x000000077ac00000)
 ParOldGen       total 151552K, used 80K [0x00000006e2600000, 0x00000006eba00000, 0x0000000776200000)
  object space 151552K, 0% used [0x00000006e2600000,0x00000006e2614010,0x00000006eba00000)
 Metaspace       used 15823K, capacity 16296K, committed 16512K, reserved 1062912K
  class space    used 1979K, capacity 2145K, committed 2176K, reserved 1048576K
}
Event: 5.959 GC heap before
{Heap before GC invocations=2 (full 0):
 PSYoungGen      total 66560K, used 58905K [0x0000000776200000, 0x000000077ac00000, 0x00000007c0000000)
  eden space 57344K, 91% used [0x0000000776200000,0x000000077957c048,0x0000000779a00000)
  from space 9216K, 67% used [0x0000000779a00000,0x000000077a00a678,0x000000077a300000)
  to   space 9216K, 0% used [0x000000077a300000,0x000000077a300000,0x000000077ac00000)
 ParOldGen       total 151552K, used 80K [0x00000006e2600000, 0x00000006eba00000, 0x0000000776200000)
  object space 151552K, 0% used [0x00000006e2600000,0x00000006e2614010,0x00000006eba00000)
 Metaspace       used 20348K, capacity 21194K, committed 21248K, reserved 1067008K
  class space    used 2815K, capacity 3030K, committed 3072K, reserved 1048576K
Event: 5.980 GC heap after
Heap after GC invocations=2 (full 0):
 PSYoungGen      total 66560K, used 9199K [0x0000000776200000, 0x000000077ac00000, 0x00000007c0000000)
  eden space 57344K, 0% used [0x0000000776200000,0x0000000776200000,0x0000000779a00000)
  from space 9216K, 99% used [0x000000077a300000,0x000000077abfbc48,0x000000077ac00000)
  to   space 9216K, 0% used [0x0000000779a00000,0x0000000779a00000,0x000000077a300000)
 ParOldGen       total 151552K, used 29320K [0x00000006e2600000, 0x00000006eba00000, 0x0000000776200000)
  object space 151552K, 19% used [0x00000006e2600000,0x00000006e42a2258,0x00000006eba00000)
 Metaspace       used 20348K, capacity 21194K, committed 21248K, reserved 1067008K
  class space    used 2815K, capacity 3030K, committed 3072K, reserved 1048576K
}
Event: 5.980 GC heap before
{Heap before GC invocations=3 (full 1):
 PSYoungGen      total 66560K, used 9199K [0x0000000776200000, 0x000000077ac00000, 0x00000007c0000000)
  eden space 57344K, 0% used [0x0000000776200000,0x0000000776200000,0x0000000779a00000)
  from space 9216K, 99% used [0x000000077a300000,0x000000077abfbc48,0x000000077ac00000)
  to   space 9216K, 0% used [0x0000000779a00000,0x0000000779a00000,0x000000077a300000)
 ParOldGen       total 151552K, used 29320K [0x00000006e2600000, 0x00000006eba00000, 0x0000000776200000)
  object space 151552K, 19% used [0x00000006e2600000,0x00000006e42a2258,0x00000006eba00000)
 Metaspace       used 20348K, capacity 21194K, committed 21248K, reserved 1067008K
  class space    used 2815K, capacity 3030K, committed 3072K, reserved 1048576K
Event: 6.022 GC heap after
Heap after GC invocations=3 (full 1):
 PSYoungGen      total 66560K, used 0K [0x0000000776200000, 0x000000077ac00000, 0x00000007c0000000)
  eden space 57344K, 0% used [0x0000000776200000,0x0000000776200000,0x0000000779a00000)
  from space 9216K, 0% used [0x000000077a300000,0x000000077a300000,0x000000077ac00000)
  to   space 9216K, 0% used [0x0000000779a00000,0x0000000779a00000,0x000000077a300000)
 ParOldGen       total 162304K, used 38374K [0x00000006e2600000, 0x00000006ec480000, 0x0000000776200000)
  object space 162304K, 23% used [0x00000006e2600000,0x00000006e4b798d8,0x00000006ec480000)
 Metaspace       used 20348K, capacity 21194K, committed 21248K, reserved 1067008K
  class space    used 2815K, capacity 3030K, committed 3072K, reserved 1048576K
}
Event: 45.671 GC heap before
{Heap before GC invocations=4 (full 1):
 PSYoungGen      total 66560K, used 57344K [0x0000000776200000, 0x000000077ac00000, 0x00000007c0000000)
  eden space 57344K, 100% used [0x0000000776200000,0x0000000779a00000,0x0000000779a00000)
  from space 9216K, 0% used [0x000000077a300000,0x000000077a300000,0x000000077ac00000)
  to   space 9216K, 0% used [0x0000000779a00000,0x0000000779a00000,0x000000077a300000)
 ParOldGen       total 162304K, used 38374K [0x00000006e2600000, 0x00000006ec480000, 0x0000000776200000)
  object space 162304K, 23% used [0x00000006e2600000,0x00000006e4b798d8,0x00000006ec480000)
 Metaspace       used 23619K, capacity 24686K, committed 24832K, reserved 1071104K
  class space    used 3311K, capacity 3550K, committed 3584K, reserved 1048576K
Event: 45.674 GC heap after
Heap after GC invocations=4 (full 1):
 PSYoungGen      total 66560K, used 5422K [0x0000000776200000, 0x000000077c200000, 0x00000007c0000000)
  eden space 57344K, 0% used [0x0000000776200000,0x0000000776200000,0x0000000779a00000)
  from space 9216K, 58% used [0x0000000779a00000,0x0000000779f4b9c0,0x000000077a300000)
  to   space 9216K, 0% used [0x000000077b900000,0x000000077b900000,0x000000077c200000)
 ParOldGen       total 162304K, used 38382K [0x00000006e2600000, 0x00000006ec480000, 0x0000000776200000)
  object space 162304K, 23% used [0x00000006e2600000,0x00000006e4b7b8d8,0x00000006ec480000)
 Metaspace       used 23619K, capacity 24686K, committed 24832K, reserved 1071104K
  class space    used 3311K, capacity 3550K, committed 3584K, reserved 1048576K
}

Deoptimization events (10 events):
Event: 6.431 Thread 0x000000001ef84000 Uncommon trap: reason=class_check action=maybe_recompile pc=0x000000000382db84 method=java.io.BufferedInputStream.read1([BII)I @ 39
Event: 6.431 Thread 0x000000001ef84000 Uncommon trap: reason=unstable_if action=reinterpret pc=0x000000000382d9c8 method=java.io.BufferedInputStream.read1([BII)I @ 60
Event: 42.355 Thread 0x000000001efc8800 Uncommon trap: reason=unstable_if action=reinterpret pc=0x0000000003a63f3c method=javafx.scene.Node.impl_isDirty(Lcom/sun/javafx/scene/DirtyBits;)Z @ 12
Event: 45.299 Thread 0x000000001efc8800 Uncommon trap: reason=predicate action=maybe_recompile pc=0x0000000003b69a40 method=java.lang.String.regionMatches(ZILjava/lang/String;II)Z @ 63
Event: 45.831 Thread 0x000000001efc8800 Uncommon trap: reason=unstable_if action=reinterpret pc=0x00000000035045c0 method=java.lang.AbstractStringBuilder.append(Ljava/lang/String;)Ljava/lang/AbstractStringBuilder; @ 1
Event: 45.875 Thread 0x000000001efc8800 Uncommon trap: reason=unstable_if action=reinterpret pc=0x0000000003800104 method=java.lang.String.trim()Ljava/lang/String; @ 44
Event: 45.876 Thread 0x000000001efc8800 Uncommon trap: reason=unstable_if action=reinterpret pc=0x00000000037049bc method=java.lang.CharacterDataLatin1.isWhitespace(I)Z @ 14
Event: 45.920 Thread 0x000000001efc8800 Uncommon trap: reason=unstable_if action=reinterpret pc=0x0000000003b7eb38 method=java.net.URI.match(CJJ)Z @ 45
Event: 45.920 Thread 0x000000001efc8800 Uncommon trap: reason=unstable_if action=reinterpret pc=0x00000000035f4808 method=java.net.URI.match(CJJ)Z @ 19
Event: 46.011 Thread 0x000000001efc8800 Uncommon trap: reason=array_check action=maybe_recompile pc=0x0000000003a02974 method=com.sun.javafx.css.SimpleSelector.applies(Ljavafx/css/Styleable;[Ljava/util/Set;I)Z @ 37

Classes redefined (0 events):
No events

Internal exceptions (10 events):
Event: 3.438 Thread 0x000000001efc8800 Exception <a 'java/lang/ArrayIndexOutOfBoundsException'> (0x0000000778e46f78) thrown at [C:\re\workspace\8-2-build-windows-amd64-cygwin\jdk8u181\11358\hotspot\src\share\vm\runtime\sharedRuntime.cpp, line 605]
Event: 3.440 Thread 0x000000001efc8800 Exception <a 'java/lang/ArrayIndexOutOfBoundsException'> (0x0000000778e47c78) thrown at [C:\re\workspace\8-2-build-windows-amd64-cygwin\jdk8u181\11358\hotspot\src\share\vm\runtime\sharedRuntime.cpp, line 605]
Event: 3.440 Thread 0x000000001efc8800 Exception <a 'java/lang/ArrayIndexOutOfBoundsException'> (0x0000000778e49020) thrown at [C:\re\workspace\8-2-build-windows-amd64-cygwin\jdk8u181\11358\hotspot\src\share\vm\runtime\sharedRuntime.cpp, line 605]
Event: 3.457 Thread 0x000000001efc8800 Exception <a 'java/lang/ArrayIndexOutOfBoundsException'> (0x0000000778f3c738) thrown at [C:\re\workspace\8-2-build-windows-amd64-cygwin\jdk8u181\11358\hotspot\src\share\vm\runtime\sharedRuntime.cpp, line 605]
Event: 3.457 Thread 0x000000001efc8800 Exception <a 'java/lang/ArrayIndexOutOfBoundsException'> (0x0000000778f3db28) thrown at [C:\re\workspace\8-2-build-windows-amd64-cygwin\jdk8u181\11358\hotspot\src\share\vm\runtime\sharedRuntime.cpp, line 605]
Event: 4.122 Thread 0x000000001efc8800 Exception <a 'java/lang/ArrayIndexOutOfBoundsException': 58> (0x00000007799128a8) thrown at [C:\re\workspace\8-2-build-windows-amd64-cygwin\jdk8u181\11358\hotspot\src\share\vm\interpreter\interpreterRuntime.cpp, line 366]
Event: 4.398 Thread 0x000000001efc8800 Implicit null exception at 0x0000000003685c35 to 0x0000000003685e61
Event: 4.957 Thread 0x000000001efc8800 Exception <a 'java/io/FileNotFoundException'> (0x0000000776c29968) thrown at [C:\re\workspace\8-2-build-windows-amd64-cygwin\jdk8u181\11358\hotspot\src\share\vm\prims\jni.cpp, line 709]
Event: 5.956 Thread 0x000000001efc8800 Implicit null exception at 0x0000000003903030 to 0x000000000390356d
Event: 45.831 Thread 0x000000001efc8800 Implicit null exception at 0x0000000003504216 to 0x00000000035045a5

Events (10 events):
Event: 59.327 loading class sun/java2d/loops/GraphicsPrimitiveProxy
Event: 59.328 loading class sun/java2d/loops/GraphicsPrimitiveProxy done
Event: 59.328 loading class sun/java2d/loops/GeneralRenderer
Event: 59.328 loading class sun/java2d/loops/GeneralRenderer done
Event: 59.333 loading class sun/java2d/loops/GraphicsPrimitiveMgr$1
Event: 59.333 loading class sun/java2d/loops/GraphicsPrimitiveMgr$1 done
Event: 59.333 loading class sun/java2d/loops/GraphicsPrimitiveMgr$2
Event: 59.333 loading class sun/java2d/loops/GraphicsPrimitiveMgr$2 done
Event: 59.333 loading class sun/java2d/loops/GraphicsPrimitiveMgr$PrimitiveSpec
Event: 59.333 loading class sun/java2d/loops/GraphicsPrimitiveMgr$PrimitiveSpec done


Dynamic libraries:
0x00007ff60ccd0000 - 0x00007ff60cd07000 	C:\Program Files\Java\jre1.8.0_181\bin\javaw.exe
0x00007ff8e39b0000 - 0x00007ff8e3bc7000 	C:\WINDOWS\SYSTEM32\ntdll.dll
0x00007ff8e1c40000 - 0x00007ff8e1d04000 	C:\WINDOWS\System32\KERNEL32.DLL
0x00007ff8e0f70000 - 0x00007ff8e1341000 	C:\WINDOWS\System32\KERNELBASE.dll
0x00007ff8b8e70000 - 0x00007ff8b8ee0000 	C:\Program Files (x86)\K7 Computing\K7TSecurity\K7CrvrEx64.dll
0x00007ff8e1d10000 - 0x00007ff8e1ec1000 	C:\WINDOWS\System32\USER32.dll
0x00007ff8e1350000 - 0x00007ff8e1376000 	C:\WINDOWS\System32\win32u.dll
0x00007ff8e2320000 - 0x00007ff8e2349000 	C:\WINDOWS\System32\GDI32.dll
0x00007ff8e1560000 - 0x00007ff8e167b000 	C:\WINDOWS\System32\gdi32full.dll
0x00007ff8e0d60000 - 0x00007ff8e0dfa000 	C:\WINDOWS\System32\msvcp_win.dll
0x00007ff8e1380000 - 0x00007ff8e1491000 	C:\WINDOWS\System32\ucrtbase.dll
0x00007ff8e23c0000 - 0x00007ff8e2471000 	C:\WINDOWS\System32\ADVAPI32.dll
0x00007ff8e25e0000 - 0x00007ff8e2687000 	C:\WINDOWS\System32\msvcrt.dll
0x00007ff8e24a0000 - 0x00007ff8e2547000 	C:\WINDOWS\System32\sechost.dll
0x00007ff8e0af0000 - 0x00007ff8e0b18000 	C:\WINDOWS\System32\bcrypt.dll
0x00007ff8e3140000 - 0x00007ff8e3254000 	C:\WINDOWS\System32\RPCRT4.dll
0x00007ff8b8bd0000 - 0x00007ff8b8c2c000 	C:\Program Files (x86)\K7 Computing\K7TSecurity\K7Crvr64.dll
0x00007ff8cebb0000 - 0x00007ff8cee42000 	C:\WINDOWS\WinSxS\amd64_microsoft.windows.common-controls_6595b64144ccf1df_6.0.22621.4830_none_270fe7d773858e80\COMCTL32.dll
0x00007ff8e1680000 - 0x00007ff8e16b1000 	C:\WINDOWS\System32\IMM32.DLL
0x0000000061ad0000 - 0x0000000061ba2000 	C:\Program Files\Java\jre1.8.0_181\bin\msvcr100.dll
0x0000000061d70000 - 0x0000000062612000 	C:\Program Files\Java\jre1.8.0_181\bin\server\jvm.dll
0x00007ff8e1b60000 - 0x00007ff8e1b68000 	C:\WINDOWS\System32\PSAPI.DLL
0x00007ff8d5f00000 - 0x00007ff8d5f0a000 	C:\WINDOWS\SYSTEM32\VERSION.dll
0x00007ff8daed0000 - 0x00007ff8daf04000 	C:\WINDOWS\SYSTEM32\WINMM.dll
0x00007ff8b0310000 - 0x00007ff8b0319000 	C:\WINDOWS\SYSTEM32\WSOCK32.dll
0x00007ff8e2090000 - 0x00007ff8e2101000 	C:\WINDOWS\System32\WS2_32.dll
0x0000000061c80000 - 0x0000000061c8f000 	C:\Program Files\Java\jre1.8.0_181\bin\verify.dll
0x0000000061c50000 - 0x0000000061c79000 	C:\Program Files\Java\jre1.8.0_181\bin\java.dll
0x0000000061c30000 - 0x0000000061c46000 	C:\Program Files\Java\jre1.8.0_181\bin\zip.dll
0x00007ff8e26f0000 - 0x00007ff8e2f78000 	C:\WINDOWS\System32\SHELL32.dll
0x00007ff8e0c20000 - 0x00007ff8e0d5f000 	C:\WINDOWS\System32\wintypes.dll
0x00007ff8e16c0000 - 0x00007ff8e1a50000 	C:\WINDOWS\System32\combase.dll
0x00007ff8dea00000 - 0x00007ff8df30d000 	C:\WINDOWS\SYSTEM32\windows.storage.dll
0x00007ff8e1a50000 - 0x00007ff8e1b5a000 	C:\WINDOWS\System32\SHCORE.dll
0x00007ff8e2350000 - 0x00007ff8e23ae000 	C:\WINDOWS\System32\shlwapi.dll
0x00007ff8e0a20000 - 0x00007ff8e0a4b000 	C:\WINDOWS\SYSTEM32\profapi.dll
0x000000001f6f0000 - 0x000000001f6f3000 	C:\Program Files\Java\jre1.8.0_181\bin\api-ms-win-core-console-l1-1-0.dll
0x000000001f700000 - 0x000000001f703000 	C:\Program Files\Java\jre1.8.0_181\bin\api-ms-win-core-datetime-l1-1-0.dll
0x000000001f710000 - 0x000000001f713000 	C:\Program Files\Java\jre1.8.0_181\bin\api-ms-win-core-debug-l1-1-0.dll
0x000000001f720000 - 0x000000001f723000 	C:\Program Files\Java\jre1.8.0_181\bin\api-ms-win-core-errorhandling-l1-1-0.dll
0x000000001f730000 - 0x000000001f734000 	C:\Program Files\Java\jre1.8.0_181\bin\api-ms-win-core-file-l1-1-0.dll
0x000000001f740000 - 0x000000001f743000 	C:\Program Files\Java\jre1.8.0_181\bin\api-ms-win-core-file-l1-2-0.dll
0x000000001f750000 - 0x000000001f753000 	C:\Program Files\Java\jre1.8.0_181\bin\api-ms-win-core-file-l2-1-0.dll
0x000000001f760000 - 0x000000001f763000 	C:\Program Files\Java\jre1.8.0_181\bin\api-ms-win-core-handle-l1-1-0.dll
0x000000001f770000 - 0x000000001f773000 	C:\Program Files\Java\jre1.8.0_181\bin\api-ms-win-core-heap-l1-1-0.dll
0x000000001f780000 - 0x000000001f783000 	C:\Program Files\Java\jre1.8.0_181\bin\api-ms-win-core-interlocked-l1-1-0.dll
0x000000001f790000 - 0x000000001f793000 	C:\Program Files\Java\jre1.8.0_181\bin\api-ms-win-core-libraryloader-l1-1-0.dll
0x000000001f7a0000 - 0x000000001f7a3000 	C:\Program Files\Java\jre1.8.0_181\bin\api-ms-win-core-localization-l1-2-0.dll
0x000000001f7b0000 - 0x000000001f7b3000 	C:\Program Files\Java\jre1.8.0_181\bin\api-ms-win-core-memory-l1-1-0.dll
0x000000001f7c0000 - 0x000000001f7c3000 	C:\Program Files\Java\jre1.8.0_181\bin\api-ms-win-core-namedpipe-l1-1-0.dll
0x000000001f7d0000 - 0x000000001f7d3000 	C:\Program Files\Java\jre1.8.0_181\bin\api-ms-win-core-processenvironment-l1-1-0.dll
0x000000001f7e0000 - 0x000000001f7e3000 	C:\Program Files\Java\jre1.8.0_181\bin\api-ms-win-core-processthreads-l1-1-0.dll
0x000000001f7f0000 - 0x000000001f7f3000 	C:\Program Files\Java\jre1.8.0_181\bin\api-ms-win-core-processthreads-l1-1-1.dll
0x000000001f800000 - 0x000000001f803000 	C:\Program Files\Java\jre1.8.0_181\bin\api-ms-win-core-profile-l1-1-0.dll
0x000000001f810000 - 0x000000001f813000 	C:\Program Files\Java\jre1.8.0_181\bin\api-ms-win-core-rtlsupport-l1-1-0.dll
0x000000001f820000 - 0x000000001f823000 	C:\Program Files\Java\jre1.8.0_181\bin\api-ms-win-core-string-l1-1-0.dll
0x000000001f830000 - 0x000000001f833000 	C:\Program Files\Java\jre1.8.0_181\bin\api-ms-win-core-synch-l1-1-0.dll
0x000000001f840000 - 0x000000001f843000 	C:\Program Files\Java\jre1.8.0_181\bin\api-ms-win-core-synch-l1-2-0.dll
0x000000001f850000 - 0x000000001f853000 	C:\Program Files\Java\jre1.8.0_181\bin\api-ms-win-core-sysinfo-l1-1-0.dll
0x000000001f860000 - 0x000000001f863000 	C:\Program Files\Java\jre1.8.0_181\bin\api-ms-win-core-timezone-l1-1-0.dll
0x000000001f870000 - 0x000000001f873000 	C:\Program Files\Java\jre1.8.0_181\bin\api-ms-win-core-util-l1-1-0.dll
0x000000001f880000 - 0x000000001f883000 	C:\Program Files\Java\jre1.8.0_181\bin\api-ms-win-crt-conio-l1-1-0.dll
0x000000001f890000 - 0x000000001f894000 	C:\Program Files\Java\jre1.8.0_181\bin\api-ms-win-crt-convert-l1-1-0.dll
0x000000001f8a0000 - 0x000000001f8a3000 	C:\Program Files\Java\jre1.8.0_181\bin\api-ms-win-crt-environment-l1-1-0.dll
0x000000001f8b0000 - 0x000000001f8b3000 	C:\Program Files\Java\jre1.8.0_181\bin\api-ms-win-crt-filesystem-l1-1-0.dll
0x000000001f8c0000 - 0x000000001f8c3000 	C:\Program Files\Java\jre1.8.0_181\bin\api-ms-win-crt-heap-l1-1-0.dll
0x000000001f8d0000 - 0x000000001f8d3000 	C:\Program Files\Java\jre1.8.0_181\bin\api-ms-win-crt-locale-l1-1-0.dll
0x000000001f8e0000 - 0x000000001f8e5000 	C:\Program Files\Java\jre1.8.0_181\bin\api-ms-win-crt-math-l1-1-0.dll
0x000000001f8f0000 - 0x000000001f8f5000 	C:\Program Files\Java\jre1.8.0_181\bin\api-ms-win-crt-multibyte-l1-1-0.dll
0x000000001f900000 - 0x000000001f910000 	C:\Program Files\Java\jre1.8.0_181\bin\api-ms-win-crt-private-l1-1-0.dll
0x000000001f910000 - 0x000000001f913000 	C:\Program Files\Java\jre1.8.0_181\bin\api-ms-win-crt-process-l1-1-0.dll
0x000000001f920000 - 0x000000001f924000 	C:\Program Files\Java\jre1.8.0_181\bin\api-ms-win-crt-runtime-l1-1-0.dll
0x000000001f930000 - 0x000000001f934000 	C:\Program Files\Java\jre1.8.0_181\bin\api-ms-win-crt-stdio-l1-1-0.dll
0x000000001f940000 - 0x000000001f944000 	C:\Program Files\Java\jre1.8.0_181\bin\api-ms-win-crt-string-l1-1-0.dll
0x000000001f950000 - 0x000000001f953000 	C:\Program Files\Java\jre1.8.0_181\bin\api-ms-win-crt-time-l1-1-0.dll
0x000000001f960000 - 0x000000001f963000 	C:\Program Files\Java\jre1.8.0_181\bin\api-ms-win-crt-utility-l1-1-0.dll
0x00007ff849c50000 - 0x00007ff849d46000 	C:\Program Files\Java\jre1.8.0_181\bin\ucrtbase.dll
0x00007ff860bf0000 - 0x00007ff860c06000 	C:\Program Files\Java\jre1.8.0_181\bin\vcruntime140.dll
0x00007ff8561d0000 - 0x00007ff85626c000 	C:\Program Files\Java\jre1.8.0_181\bin\msvcp140.dll
0x00007ff860b20000 - 0x00007ff860b71000 	C:\Program Files\Java\jre1.8.0_181\bin\concrt140.dll
0x0000000061aa0000 - 0x0000000061ac3000 	C:\Program Files\Java\jre1.8.0_181\bin\prism_d3d.dll
0x00007ff89d980000 - 0x00007ff89db28000 	C:\WINDOWS\system32\d3d9.dll
0x00007ff8de000000 - 0x00007ff8de02b000 	C:\WINDOWS\SYSTEM32\dwmapi.dll
0x00007ff8ddeb0000 - 0x00007ff8ddee7000 	C:\WINDOWS\SYSTEM32\dxcore.dll
0x00007ff8ddb70000 - 0x00007ff8ddc23000 	C:\WINDOWS\system32\uxtheme.dll
0x00007ff8d5f10000 - 0x00007ff8d60cb000 	C:\WINDOWS\System32\DriverStore\FileRepository\u0404276.inf_amd64_b6ae906c9d4ab767\B403905\aticfx64.dll
0x00007ff8d30c0000 - 0x00007ff8d30f4000 	C:\WINDOWS\System32\DriverStore\FileRepository\u0404276.inf_amd64_b6ae906c9d4ab767\B403905\atiu9p64.dll
0x00007ff847f20000 - 0x00007ff848c67000 	C:\WINDOWS\System32\DriverStore\FileRepository\u0404276.inf_amd64_b6ae906c9d4ab767\B403905\atiumd64.dll
0x00007ff8e36e0000 - 0x00007ff8e3881000 	C:\WINDOWS\System32\ole32.dll
0x00007ff8de600000 - 0x00007ff8de832000 	C:\WINDOWS\SYSTEM32\dbghelp.dll
0x00007ff8e3890000 - 0x00007ff8e3967000 	C:\WINDOWS\System32\OLEAUT32.dll
0x00007ff8cc000000 - 0x00007ff8cc032000 	C:\WINDOWS\SYSTEM32\dbgcore.DLL
0x0000000062750000 - 0x0000000063663000 	C:\WINDOWS\System32\DriverStore\FileRepository\u0404276.inf_amd64_b6ae906c9d4ab767\B403905\atiumd6a.dll
0x00007ff8e3260000 - 0x00007ff8e36d4000 	C:\WINDOWS\System32\SETUPAPI.dll
0x00007ff8e0910000 - 0x00007ff8e095d000 	C:\WINDOWS\SYSTEM32\POWRPROF.dll
0x00007ff8e08f0000 - 0x00007ff8e0903000 	C:\WINDOWS\SYSTEM32\UMPDC.dll
0x00007ff8d3760000 - 0x00007ff8d3795000 	C:\WINDOWS\SYSTEM32\amdihk64.dll
0x00007ff8d78c0000 - 0x00007ff8d7909000 	C:\WINDOWS\SYSTEM32\directxdatabasehelper.dll
0x00007ff8dfb10000 - 0x00007ff8dfb28000 	C:\WINDOWS\SYSTEM32\kernel.appcore.dll
0x0000000061a50000 - 0x0000000061a99000 	C:\Program Files\Java\jre1.8.0_181\bin\glass.dll
0x00007ff8e2190000 - 0x00007ff8e2292000 	C:\WINDOWS\System32\COMDLG32.dll
0x00007ff8e2f80000 - 0x00007ff8e30dd000 	C:\WINDOWS\System32\MSCTF.dll
0x00007ff8e0ba0000 - 0x00007ff8e0c1b000 	C:\WINDOWS\System32\bcryptPrimitives.dll
0x00007ff849b60000 - 0x00007ff849c4f000 	C:\Users\gauth\.javacpp\cache\opencv-3.2.0-1.3-windows-x86_64.jar\org\bytedeco\javacpp\windows-x86_64\msvcr120.dll
0x00007ff84a810000 - 0x00007ff84a8b6000 	C:\Users\gauth\.javacpp\cache\opencv-3.2.0-1.3-windows-x86_64.jar\org\bytedeco\javacpp\windows-x86_64\msvcp120.dll
0x00007ff846320000 - 0x00007ff8465a8000 	C:\Users\gauth\.javacpp\cache\opencv-3.2.0-1.3-windows-x86_64.jar\org\bytedeco\javacpp\windows-x86_64\opencv_core320.dll
0x00007ff838300000 - 0x00007ff838662000 	C:\Users\gauth\.javacpp\cache\opencv-3.2.0-1.3-windows-x86_64.jar\org\bytedeco\javacpp\windows-x86_64\opencv_imgproc320.dll
0x00007ff83fdc0000 - 0x00007ff84000a000 	C:\Users\gauth\.javacpp\cache\opencv-3.2.0-1.3-windows-x86_64.jar\org\bytedeco\javacpp\windows-x86_64\jniopencv_core.dll
0x0000000061c10000 - 0x0000000061c2a000 	C:\Program Files\Java\jre1.8.0_181\bin\net.dll
0x00007ff8dffb0000 - 0x00007ff8e001a000 	C:\WINDOWS\system32\mswsock.dll
0x0000000061bf0000 - 0x0000000061c01000 	C:\Program Files\Java\jre1.8.0_181\bin\nio.dll
0x00000000618b0000 - 0x0000000061a49000 	C:\Program Files\Java\jre1.8.0_181\bin\awt.dll
0x00007ff8db210000 - 0x00007ff8db2a7000 	C:\WINDOWS\SYSTEM32\apphelp.dll
0x0000000061890000 - 0x00000000618a4000 	C:\Program Files\Java\jre1.8.0_181\bin\javafx_font.dll
0x00007ff8d9870000 - 0x00007ff8d9ae3000 	C:\WINDOWS\SYSTEM32\dwrite.dll
0x00007ff8e1b70000 - 0x00007ff8e1c20000 	C:\WINDOWS\System32\clbcatq.dll
0x00007ff8dd940000 - 0x00007ff8ddaf0000 	C:\WINDOWS\SYSTEM32\WindowsCodecs.dll
0x00007ff8bf5f0000 - 0x00007ff8bf64e000 	C:\WINDOWS\system32\dataexchange.dll
0x00007ff8d60d0000 - 0x00007ff8d6375000 	C:\WINDOWS\system32\twinapi.appcore.dll
0x00007ff856190000 - 0x00007ff8561c2000 	C:\Program Files\Common Files\Microsoft Shared\Ink\rtscom.dll
0x00007ff8d28c0000 - 0x00007ff8d2a03000 	C:\WINDOWS\SYSTEM32\textinputframework.dll
0x00007ff8daa40000 - 0x00007ff8dab75000 	C:\WINDOWS\SYSTEM32\CoreMessaging.dll
0x00007ff8d7220000 - 0x00007ff8d758c000 	C:\WINDOWS\SYSTEM32\CoreUIComponents.dll
0x00007ff8e0220000 - 0x00007ff8e022c000 	C:\WINDOWS\SYSTEM32\CRYPTBASE.DLL
0x0000000061860000 - 0x0000000061883000 	C:\Program Files\Java\jre1.8.0_181\bin\javafx_iio.dll
0x00007ff8ac330000 - 0x00007ff8ac779000 	C:\WINDOWS\SYSTEM32\UIAutomationCore.DLL
0x00007ff8bf080000 - 0x00007ff8bf131000 	C:\Windows\System32\OneCoreCommonProxyStub.dll
0x0000000061840000 - 0x0000000061852000 	C:\Program Files\Java\jre1.8.0_181\bin\prism_common.dll

VM Arguments:
jvm_args: -Djava.library.path=C:\Users\Administrator\Desktop\opencv\build\java\x64 -Dfile.encoding=Cp1252 
java_command: application.Main
java_class_path (initial): C:\faceautheclipse\ExoVisix\target\classes;C:\faceautheclipse\ExoVisix\bin\opencv-341.jar;C:\Users\gauth\Downloads\lib\lib\rt.jar;C:\Users\gauth\Downloads\lib\lib\servlet-api.jar;C:\Users\gauth\Downloads\lib\lib\system-2.1.jar;C:\Users\gauth\Downloads\lib\lib\xmlbeans-xpath-2.3.0.jar;C:\Users\gauth\Downloads\lib\lib\poi-ooxml-3.8.jar;C:\Users\gauth\Downloads\lib\lib\poi-scratchpad-3.2-FINAL.jar;C:\Users\gauth\Downloads\lib\lib\jsoup-1.9.2.jar;C:\Users\gauth\Downloads\lib\lib\jsoup-1.15.4.jar;C:\Users\gauth\Downloads\lib\lib\jsp-api.jar;C:\Users\gauth\Downloads\lib\lib\jstl.jar;C:\Users\gauth\Downloads\lib\lib\mysql-connector-java-5.0.4-bin.jar;C:\Users\gauth\Downloads\lib\lib\mysql-connector-java-5.1.22-bin.jar;C:\Users\gauth\Downloads\lib\lib\oreilly-2001-12-23.jar;C:\Users\gauth\Downloads\lib\lib\org.json.jar;C:\Users\gauth\Downloads\lib\lib\poi-3.2-FINAL.jar;C:\Users\gauth\Downloads\lib\lib\poi-contrib-3.2-FINAL-20081019.jar;C:\Users\gauth\Downloads\lib\lib\itextpdf-5.5.6.jar;C:\Users\gauth\Downloads\lib\lib\java-json.jar;C:\Users\gauth\Downloads\lib\lib\java-mail-1.4.4.jar;C:\Users\gauth\Downloads\lib\lib\javax.json-1.0.jar;C:\Users\gauth\Downloads\lib\lib\javax.mail.jar;C:\Users\gauth\Downloads\lib\lib\jcommon-1.0.16.jar;C:\Users\gauth\Downloads\lib\lib\jfreechart-1.0.0.jar;C:\Users\gauth\Downloads\lib\lib\httpunit-1.5.3.jar;C:\Users\gauth\Downloads\lib\lib\itext-1.3.jar;C:\Users\gauth\Downloads\lib\lib\itextpdf-5.4.3.jar;C:\Users\gauth\Downloads\lib\lib\activation.jar;C:\Users\gauth\Downloads\lib\lib\bean.jar;C:\Users\gauth\Downloads\lib\lib\cos.jar;C:\Users\gauth\Downloads\lib\lib\cos-multipart.jar;C:\Users\gauth\Downloads\lib\lib\Filters.jar;C:\Users\gauth\.m2\repository\org\bytedeco\javacv-platform\1.3.2\javacv-platform-1.3.2.jar;C:\Users\gauth\.m2\repository\org\bytedeco\javacv\1.3.2\javacv-1.3.2.jar;C:\Users\gauth\.m2\repository\org\bytedeco\javacpp\1.3.2\javacpp-1.3.2.jar;C:\Users\gauth\.m2\repository\org\bytedeco\javacpp-pre
Launcher Type: SUN_STANDARD

Environment Variables:
PATH=C:/Program Files/Java/jre1.8.0_181/bin/server;C:/Program Files/Java/jre1.8.0_181/bin;C:/Program Files/Java/jre1.8.0_181/lib/amd64;C:\Program Files (x86)\Common Files\Oracle\Java\javapath;C:\WINDOWS\system32;C:\WINDOWS;C:\WINDOWS\System32\Wbem;C:\WINDOWS\System32\WindowsPowerShell\v1.0\;C:\WINDOWS\System32\OpenSSH\;C:\Users\gauth\AppData\Local\Microsoft\WindowsApps;;C:\Users\gauth\AppData\Local\Programs\Microsoft VS Code\bin;C:\Users\gauth\Downloads\wetransfer_juno-zip_2025-01-21_0844\Eclipse\Eclipse\eclipse;
USERNAME=gauth
OS=Windows_NT
PROCESSOR_IDENTIFIER=AMD64 Family 23 Model 104 Stepping 1, AuthenticAMD



---------------  S Y S T E M  ---------------

OS: Windows 10.0 , 64 bit Build 22621 (10.0.22621.4974)

CPU:total 12 (initial active 12) (12 cores per cpu, 1 threads per core) family 23 model 104 stepping 1, cmov, cx8, fxsr, mmx, sse, sse2, sse3, ssse3, sse4.1, sse4.2, popcnt, avx, avx2, aes, clmul, mmxext, 3dnowpref, lzcnt, sse4a, tsc, tscinvbit, tscinv, bmi1

Memory: 4k page, physical 14521848k(262868k free), swap 58235844k(27817004k free)

vm_info: Java HotSpot(TM) 64-Bit Server VM (25.181-b13) for windows-amd64 JRE (1.8.0_181-b13), built on Jul  7 2018 04:01:33 by "java_re" with MS VC++ 10.0 (VS2010)

time: Tue Mar 25 07:03:28 2025
elapsed time: 59 seconds (0d 0h 0m 59s)

